[+] Containers:
 |- [+] Container: /Game/ThirdPerson/Maps/ThirdPersonMap
 |   |- [+] ActorDescs:
 |   |   |- Guid:14963FC848D8FC7E3566F385FB6B0EBB BaseClass: NativeClass:/Script/Engine.StaticMeshActor Name:StaticMeshActor_UAID_D85ED33287E9D9E702_1977456634 Label:SM_Cube6 SpatiallyLoaded:1 Bounds:IsValid=true, Min=(X=-800.000 Y=2730.000 Z=-420.000), Max=(X=-325.000 Y=3030.000 Z=-370.000) RuntimeGrid:None EditorOnly:0 RuntimeOnly:0 HLODRelevant:1 FolderPath:Playground FolderGuid:C73F09FC4215536B1DCE2A9E0A830C70
 |   |   |- Guid:210CC0234B3CF280C3BDF2B8128218B1 BaseClass:/Game/Blueprints/Hazards/BP_KillZone.BP_KillZone_C NativeClass:/Script/Engine.Actor Name:BP_KillZone_C_UAID_D85ED33287E9D9E702_1306885628 Label:BP_KillZone SpatiallyLoaded:1 Bounds:IsValid=true, Min=(X=-4318.980 Y=-404.000 Z=-816.400), Max=(X=8158.980 Y=4284.000 Z=-803.600) RuntimeGrid:None EditorOnly:0 RuntimeOnly:0 HLODRelevant:0
 |   |   |- Guid:26DEC06240D9C3AC3522F088E2122EAE BaseClass: NativeClass:/Script/Engine.StaticMeshActor Name:StaticMeshActor_UAID_D85ED33287E9D9E702_1903742630 Label:SM_Cube3 SpatiallyLoaded:1 Bounds:IsValid=true, Min=(X=-2800.000 Y=1600.000 Z=70.000), Max=(X=-2325.000 Y=1900.000 Z=120.000) RuntimeGrid:None EditorOnly:0 RuntimeOnly:0 HLODRelevant:1 FolderPath:Playground FolderGuid:C73F09FC4215536B1DCE2A9E0A830C70
 |   |   |- Guid:2D296D124F92C81D86E074920A140247 BaseClass: NativeClass:/Script/Engine.StaticMeshActor Name:StaticMeshActor_UAID_D85ED33287E9D9E702_1882513629 Label:SM_Cube2 SpatiallyLoaded:1 Bounds:IsValid=true, Min=(X=-3300.000 Y=2130.000 Z=-170.000), Max=(X=-2825.000 Y=2430.000 Z=-120.000) RuntimeGrid:None EditorOnly:0 RuntimeOnly:0 HLODRelevant:1 FolderPath:Playground FolderGuid:C73F09FC4215536B1DCE2A9E0A830C70
 |   |   |- Guid:2FB58999456391D349DC0F86DAC136ED BaseClass: NativeClass:/Script/Engine.SkyLight Name:SkyLight_1 Label:SkyLight SpatiallyLoaded:0 Bounds:IsValid=true, Min=(X=0.000 Y=0.000 Z=690.000), Max=(X=0.000 Y=0.000 Z=690.000) RuntimeGrid:None EditorOnly:0 RuntimeOnly:0 HLODRelevant:0 FolderPath:Lighting FolderGuid:963EC3EB4002CCE9759E2EBA541A873A
 |   |   |- Guid:3A00AA1C422CE54C0BDB60BAF471BFBB BaseClass: NativeClass:/Script/Engine.PlayerStart Name:PlayerStart_0 Label:PlayerStart SpatiallyLoaded:0 Bounds:IsValid=true, Min=(X=-3970.000 Y=1910.000 Z=0.013), Max=(X=-3890.000 Y=1990.000 Z=184.013) RuntimeGrid:None EditorOnly:0 RuntimeOnly:0 HLODRelevant:0
 |   |   |- Guid:3C1EEBE040EBE82103164FB12DA82BDD BaseClass: NativeClass:/Script/Engine.StaticMeshActor Name:StaticMeshActor_UAID_D85ED33287E9D9E702_1938251632 Label:SM_Cube4 SpatiallyLoaded:1 Bounds:IsValid=true, Min=(X=-2010.000 Y=1530.000 Z=160.000), Max=(X=-1610.000 Y=1930.000 Z=210.000) RuntimeGrid:None EditorOnly:0 RuntimeOnly:0 HLODRelevant:1 FolderPath:Playground FolderGuid:C73F09FC4215536B1DCE2A9E0A830C70
 |   |   |- Guid:403E04E14D6073B7768EC2A2758A08B2 BaseClass: NativeClass:/Script/Engine.StaticMeshActor Name:StaticMeshActor_UAID_D85ED33287E9D9E702_2013822639 Label:SM_Cube11 SpatiallyLoaded:1 Bounds:IsValid=true, Min=(X=5940.000 Y=1710.000 Z=-630.000), Max=(X=6415.000 Y=2010.000 Z=-580.000) RuntimeGrid:None EditorOnly:0 RuntimeOnly:0 HLODRelevant:1 FolderPath:Playground FolderGuid:C73F09FC4215536B1DCE2A9E0A830C70
 |   |   |- Guid:53279DE448ECF8EAA5FC0583D7AD609C BaseClass:/Game/Blueprints/Pickups/BP_Relic_Level01.BP_Relic_Level01_C NativeClass:/Script/Engine.Actor Name:BP_Relic_Level01_C_UAID_D85ED33287E9E4E702_1726892580 Label:BP_Relic_Level2 SpatiallyLoaded:1 Bounds:IsValid=true, Min=(X=-1772.000 Y=1688.000 Z=198.000), Max=(X=-1708.000 Y=1752.000 Z=262.000) RuntimeGrid:None EditorOnly:0 RuntimeOnly:0 HLODRelevant:0
 |   |   |- Guid:559C75D74120F833FC95F9A258459A52 BaseClass: NativeClass:/Script/Engine.StaticMeshActor Name:StaticMeshActor_UAID_D85ED33287E9DAE702_1334298816 Label:SM_Cube12 SpatiallyLoaded:1 Bounds:IsValid=true, Min=(X=4050.000 Y=1260.000 Z=-770.000), Max=(X=4600.000 Y=1685.000 Z=-720.000) RuntimeGrid:None EditorOnly:0 RuntimeOnly:0 HLODRelevant:1 FolderPath:Playground FolderGuid:C73F09FC4215536B1DCE2A9E0A830C70
 |   |   |- Guid:664F4E144CCDCB5DBB1AB4A3E01464FE BaseClass: NativeClass:/Script/Engine.StaticMeshActor Name:StaticMeshActor_UAID_D85ED33287E9DDE702_1934062346 Label:SM_Cube13 SpatiallyLoaded:1 Bounds:IsValid=true, Min=(X=5030.000 Y=1640.000 Z=-770.000), Max=(X=5580.000 Y=2065.000 Z=-720.000) RuntimeGrid:None EditorOnly:0 RuntimeOnly:0 HLODRelevant:1 FolderPath:Playground FolderGuid:C73F09FC4215536B1DCE2A9E0A830C70
 |   |   |- Guid:6BAF4DDD444C60371492D3919DB42C97 BaseClass: NativeClass:/Script/Engine.WorldDataLayers Name:WorldDataLayers Label:WorldDataLayers SpatiallyLoaded:0 Bounds:IsValid=true, Min=(X=0.000 Y=0.000 Z=0.000), Max=(X=0.000 Y=0.000 Z=0.000) RuntimeGrid:None EditorOnly:0 RuntimeOnly:0 HLODRelevant:0
 |   |   |- Guid:7569EE0E4AFA4D6B992BD68DCE74E765 BaseClass:/Game/Blueprints/Interactables/BP_Portal.BP_Portal_C NativeClass:/Script/Engine.Actor Name:BP_Portal_C_UAID_D85ED33287E9DDE702_1681569345 Label:BP_Portal SpatiallyLoaded:1 Bounds:IsValid=true, Min=(X=6286.330 Y=1821.948 Z=-556.275), Max=(X=6338.330 Y=1877.948 Z=-504.275) RuntimeGrid:None EditorOnly:0 RuntimeOnly:0 HLODRelevant:0
 |   |   |- Guid:A05632B041AE5CAA758DA6B1A8C00B06 BaseClass:/Game/Blueprints/Pickups/BP_Relic_Level01.BP_Relic_Level01_C NativeClass:/Script/Engine.Actor Name:BP_Relic_Level01_C_UAID_D85ED33287E9E4E702_1758718583 Label:BP_Relic_Level5 SpatiallyLoaded:1 Bounds:IsValid=true, Min=(X=5318.000 Y=1838.000 Z=-722.000), Max=(X=5382.000 Y=1902.000 Z=-658.000) RuntimeGrid:None EditorOnly:0 RuntimeOnly:0 HLODRelevant:0
 |   |   |- Guid:B18361A847630AD25F955EBA7171DCEC BaseClass:/Game/Blueprints/Pickups/BP_Relic_Level01.BP_Relic_Level01_C NativeClass:/Script/Engine.Actor Name:BP_Relic_Level01_C_UAID_D85ED33287E9E4E702_1740112581 Label:BP_Relic_Level3 SpatiallyLoaded:1 Bounds:IsValid=true, Min=(X=338.000 Y=2498.000 Z=-322.000), Max=(X=402.000 Y=2562.000 Z=-258.000) RuntimeGrid:None EditorOnly:0 RuntimeOnly:0 HLODRelevant:0
 |   |   |- Guid:B34FE8434BD1A097325765BBB093F0D5 BaseClass:/Game/Blueprints/Pickups/BP_Relic_Level01.BP_Relic_Level01_C NativeClass:/Script/Engine.Actor Name:BP_Relic_Level01_C_UAID_D85ED33287E9E4E702_1717610579 Label:BP_Relic_Level01 SpatiallyLoaded:1 Bounds:IsValid=true, Min=(X=-3112.000 Y=2238.000 Z=-112.000), Max=(X=-3048.000 Y=2302.000 Z=-48.000) RuntimeGrid:None EditorOnly:0 RuntimeOnly:0 HLODRelevant:0
 |   |   |- Guid:B785ED2844B84CFB91E7F39FE661CD99 BaseClass: NativeClass:/Script/Engine.DirectionalLight Name:DirectionalLight_0 Label:DirectionalLight SpatiallyLoaded:0 Bounds:IsValid=true, Min=(X=-4398046511104.000 Y=-4398046511104.000 Z=-4398046511104.000), Max=(X=4398046511104.000 Y=4398046511104.000 Z=4398046511104.000) RuntimeGrid:None EditorOnly:0 RuntimeOnly:0 HLODRelevant:0 FolderPath:Lighting FolderGuid:963EC3EB4002CCE9759E2EBA541A873A
 |   |   |- Guid:C54B348C4848FB6ED23CF3A15B43C5E2 BaseClass: NativeClass:/Script/Engine.StaticMeshActor Name:StaticMeshActor_UAID_D85ED33287E9D9E702_1999805637 Label:SM_Cube9 SpatiallyLoaded:1 Bounds:IsValid=true, Min=(X=2390.000 Y=1010.000 Z=-720.000), Max=(X=2940.000 Y=1485.000 Z=-670.000) RuntimeGrid:None EditorOnly:0 RuntimeOnly:0 HLODRelevant:1 FolderPath:Playground FolderGuid:C73F09FC4215536B1DCE2A9E0A830C70
 |   |   |- Guid:C575256B4737A27B409B91AC3242BB79 BaseClass: NativeClass:/Script/Engine.StaticMeshActor Name:StaticMeshActor_UAID_D85ED33287E9D9E702_1986196635 Label:SM_Cube7 SpatiallyLoaded:1 Bounds:IsValid=true, Min=(X=60.000 Y=2330.000 Z=-370.000), Max=(X=585.000 Y=2680.000 Z=-320.000) RuntimeGrid:None EditorOnly:0 RuntimeOnly:0 HLODRelevant:1 FolderPath:Playground FolderGuid:C73F09FC4215536B1DCE2A9E0A830C70
 |   |   |- Guid:CCFF262C46EEFFDF319E7F9539CE697E BaseClass: NativeClass:/Script/Engine.SkyAtmosphere Name:SkyAtmosphere_0 Label:SkyAtmosphere SpatiallyLoaded:0 Bounds:IsValid=true, Min=(X=0.000 Y=0.000 Z=1020.000), Max=(X=0.000 Y=0.000 Z=1020.000) RuntimeGrid:None EditorOnly:0 RuntimeOnly:0 HLODRelevant:0 FolderPath:Lighting FolderGuid:963EC3EB4002CCE9759E2EBA541A873A
 |   |   |- Guid:D9342970425E64099C1A559861A23021 BaseClass:/Game/Blueprints/Pickups/BP_Relic_Level01.BP_Relic_Level01_C NativeClass:/Script/Engine.Actor Name:BP_Relic_Level01_C_UAID_D85ED33287E9E4E702_1748301582 Label:BP_Relic_Level4 SpatiallyLoaded:1 Bounds:IsValid=true, Min=(X=3838.000 Y=888.000 Z=-732.000), Max=(X=3902.000 Y=952.000 Z=-668.000) RuntimeGrid:None EditorOnly:0 RuntimeOnly:0 HLODRelevant:0
 |   |   |- Guid:E414A78741C894DBE2BD02B2F841CFE9 BaseClass: NativeClass:/Script/Engine.StaticMeshActor Name:StaticMeshActor_UAID_D85ED33287E9D9E702_1966686633 Label:SM_Cube5 SpatiallyLoaded:1 Bounds:IsValid=true, Min=(X=-1420.000 Y=2150.000 Z=-270.000), Max=(X=-945.000 Y=2450.000 Z=-220.000) RuntimeGrid:None EditorOnly:0 RuntimeOnly:0 HLODRelevant:1 FolderPath:Playground FolderGuid:C73F09FC4215536B1DCE2A9E0A830C70
 |   |   |- Guid:EC4E0C944CE6AC6E784BC6BB2916EA13 BaseClass: NativeClass:/Script/Engine.StaticMeshActor Name:StaticMeshActor_UAID_A4AE111137DC5EFB00_1110535423 Label:SM_SkySphere SpatiallyLoaded:0 Bounds:IsValid=true, Min=(X=-48000.000 Y=-48000.000 Z=-160677.996), Max=(X=48000.000 Y=48000.000 Z=159529.996) RuntimeGrid:None EditorOnly:0 RuntimeOnly:0 HLODRelevant:1 FolderPath:Lighting FolderGuid:963EC3EB4002CCE9759E2EBA541A873A
 |   |   |- Guid:F1924B8D48954B30891B2DB6A694F9CC BaseClass: NativeClass:/Script/Engine.StaticMeshActor Name:StaticMeshActor_1 Label:SM_Cube SpatiallyLoaded:1 Bounds:IsValid=true, Min=(X=-4090.000 Y=1800.000 Z=-50.000), Max=(X=-3615.000 Y=2100.000 Z=0.000) RuntimeGrid:None EditorOnly:0 RuntimeOnly:0 HLODRelevant:1 FolderPath:Playground FolderGuid:C73F09FC4215536B1DCE2A9E0A830C70
 |   |   |- Guid:F4E8F5634AFA9CDA9926BE82E704B8D1 BaseClass: NativeClass:/Script/Engine.StaticMeshActor Name:StaticMeshActor_UAID_D85ED33287E9D9E702_2006711638 Label:SM_Cube10 SpatiallyLoaded:1 Bounds:IsValid=true, Min=(X=3610.000 Y=720.000 Z=-750.000), Max=(X=4110.000 Y=1145.000 Z=-700.000) RuntimeGrid:None EditorOnly:0 RuntimeOnly:0 HLODRelevant:1 FolderPath:Playground FolderGuid:C73F09FC4215536B1DCE2A9E0A830C70
 |   |   |- Guid:F5E3FEB3450C49844FD93DA8E083C8AD BaseClass: NativeClass:/Script/Engine.PostProcessVolume Name:PostProcessVolume_0 Label:PostProcessVolume SpatiallyLoaded:0 Bounds:IsValid=true, Min=(X=0.000 Y=0.000 Z=400.000), Max=(X=200.000 Y=200.000 Z=600.000) RuntimeGrid:None EditorOnly:0 RuntimeOnly:0 HLODRelevant:0 FolderPath:Lighting FolderGuid:963EC3EB4002CCE9759E2EBA541A873A
 |   |   |- Guid:F6997A804495EA521C9DEE96371D8C91 BaseClass: NativeClass:/Script/Engine.StaticMeshActor Name:StaticMeshActor_UAID_D85ED33287E9D9E702_1992514636 Label:SM_Cube8 SpatiallyLoaded:1 Bounds:IsValid=true, Min=(X=1220.000 Y=1840.000 Z=-370.000), Max=(X=1695.000 Y=2140.000 Z=-320.000) RuntimeGrid:None EditorOnly:0 RuntimeOnly:0 HLODRelevant:1 FolderPath:Playground FolderGuid:C73F09FC4215536B1DCE2A9E0A830C70
 |   |- [+] Clusters:
 |   |   |- [+] [  0]
 |   |   |   |- Guid:7569EE0E4AFA4D6B992BD68DCE74E765 BaseClass:/Game/Blueprints/Interactables/BP_Portal.BP_Portal_C NativeClass:/Script/Engine.Actor Name:BP_Portal_C_UAID_D85ED33287E9DDE702_1681569345 Label:BP_Portal SpatiallyLoaded:1 Bounds:IsValid=true, Min=(X=6286.330 Y=1821.948 Z=-556.275), Max=(X=6338.330 Y=1877.948 Z=-504.275) RuntimeGrid:None EditorOnly:0 RuntimeOnly:0 HLODRelevant:0
 |   |   |- [+] [  1]
 |   |   |   |- Guid:6BAF4DDD444C60371492D3919DB42C97 BaseClass: NativeClass:/Script/Engine.WorldDataLayers Name:WorldDataLayers Label:WorldDataLayers SpatiallyLoaded:0 Bounds:IsValid=true, Min=(X=0.000 Y=0.000 Z=0.000), Max=(X=0.000 Y=0.000 Z=0.000) RuntimeGrid:None EditorOnly:0 RuntimeOnly:0 HLODRelevant:0
 |   |   |- [+] [  2]
 |   |   |   |- Guid:F5E3FEB3450C49844FD93DA8E083C8AD BaseClass: NativeClass:/Script/Engine.PostProcessVolume Name:PostProcessVolume_0 Label:PostProcessVolume SpatiallyLoaded:0 Bounds:IsValid=true, Min=(X=0.000 Y=0.000 Z=400.000), Max=(X=200.000 Y=200.000 Z=600.000) RuntimeGrid:None EditorOnly:0 RuntimeOnly:0 HLODRelevant:0 FolderPath:Lighting FolderGuid:963EC3EB4002CCE9759E2EBA541A873A
 |   |   |- [+] [  3]
 |   |   |   |- Guid:210CC0234B3CF280C3BDF2B8128218B1 BaseClass:/Game/Blueprints/Hazards/BP_KillZone.BP_KillZone_C NativeClass:/Script/Engine.Actor Name:BP_KillZone_C_UAID_D85ED33287E9D9E702_1306885628 Label:BP_KillZone SpatiallyLoaded:1 Bounds:IsValid=true, Min=(X=-4318.980 Y=-404.000 Z=-816.400), Max=(X=8158.980 Y=4284.000 Z=-803.600) RuntimeGrid:None EditorOnly:0 RuntimeOnly:0 HLODRelevant:0
 |   |   |- [+] [  4]
 |   |   |   |- Guid:F6997A804495EA521C9DEE96371D8C91 BaseClass: NativeClass:/Script/Engine.StaticMeshActor Name:StaticMeshActor_UAID_D85ED33287E9D9E702_1992514636 Label:SM_Cube8 SpatiallyLoaded:1 Bounds:IsValid=true, Min=(X=1220.000 Y=1840.000 Z=-370.000), Max=(X=1695.000 Y=2140.000 Z=-320.000) RuntimeGrid:None EditorOnly:0 RuntimeOnly:0 HLODRelevant:1 FolderPath:Playground FolderGuid:C73F09FC4215536B1DCE2A9E0A830C70
 |   |   |- [+] [  5]
 |   |   |   |- Guid:B18361A847630AD25F955EBA7171DCEC BaseClass:/Game/Blueprints/Pickups/BP_Relic_Level01.BP_Relic_Level01_C NativeClass:/Script/Engine.Actor Name:BP_Relic_Level01_C_UAID_D85ED33287E9E4E702_1740112581 Label:BP_Relic_Level3 SpatiallyLoaded:1 Bounds:IsValid=true, Min=(X=338.000 Y=2498.000 Z=-322.000), Max=(X=402.000 Y=2562.000 Z=-258.000) RuntimeGrid:None EditorOnly:0 RuntimeOnly:0 HLODRelevant:0
 |   |   |- [+] [  6]
 |   |   |   |- Guid:559C75D74120F833FC95F9A258459A52 BaseClass: NativeClass:/Script/Engine.StaticMeshActor Name:StaticMeshActor_UAID_D85ED33287E9DAE702_1334298816 Label:SM_Cube12 SpatiallyLoaded:1 Bounds:IsValid=true, Min=(X=4050.000 Y=1260.000 Z=-770.000), Max=(X=4600.000 Y=1685.000 Z=-720.000) RuntimeGrid:None EditorOnly:0 RuntimeOnly:0 HLODRelevant:1 FolderPath:Playground FolderGuid:C73F09FC4215536B1DCE2A9E0A830C70
 |   |   |- [+] [  7]
 |   |   |   |- Guid:CCFF262C46EEFFDF319E7F9539CE697E BaseClass: NativeClass:/Script/Engine.SkyAtmosphere Name:SkyAtmosphere_0 Label:SkyAtmosphere SpatiallyLoaded:0 Bounds:IsValid=true, Min=(X=0.000 Y=0.000 Z=1020.000), Max=(X=0.000 Y=0.000 Z=1020.000) RuntimeGrid:None EditorOnly:0 RuntimeOnly:0 HLODRelevant:0 FolderPath:Lighting FolderGuid:963EC3EB4002CCE9759E2EBA541A873A
 |   |   |- [+] [  8]
 |   |   |   |- Guid:EC4E0C944CE6AC6E784BC6BB2916EA13 BaseClass: NativeClass:/Script/Engine.StaticMeshActor Name:StaticMeshActor_UAID_A4AE111137DC5EFB00_1110535423 Label:SM_SkySphere SpatiallyLoaded:0 Bounds:IsValid=true, Min=(X=-48000.000 Y=-48000.000 Z=-160677.996), Max=(X=48000.000 Y=48000.000 Z=159529.996) RuntimeGrid:None EditorOnly:0 RuntimeOnly:0 HLODRelevant:1 FolderPath:Lighting FolderGuid:963EC3EB4002CCE9759E2EBA541A873A
 |   |   |- [+] [  9]
 |   |   |   |- Guid:2D296D124F92C81D86E074920A140247 BaseClass: NativeClass:/Script/Engine.StaticMeshActor Name:StaticMeshActor_UAID_D85ED33287E9D9E702_1882513629 Label:SM_Cube2 SpatiallyLoaded:1 Bounds:IsValid=true, Min=(X=-3300.000 Y=2130.000 Z=-170.000), Max=(X=-2825.000 Y=2430.000 Z=-120.000) RuntimeGrid:None EditorOnly:0 RuntimeOnly:0 HLODRelevant:1 FolderPath:Playground FolderGuid:C73F09FC4215536B1DCE2A9E0A830C70
 |   |   |- [+] [ 10]
 |   |   |   |- Guid:B785ED2844B84CFB91E7F39FE661CD99 BaseClass: NativeClass:/Script/Engine.DirectionalLight Name:DirectionalLight_0 Label:DirectionalLight SpatiallyLoaded:0 Bounds:IsValid=true, Min=(X=-4398046511104.000 Y=-4398046511104.000 Z=-4398046511104.000), Max=(X=4398046511104.000 Y=4398046511104.000 Z=4398046511104.000) RuntimeGrid:None EditorOnly:0 RuntimeOnly:0 HLODRelevant:0 FolderPath:Lighting FolderGuid:963EC3EB4002CCE9759E2EBA541A873A
 |   |   |- [+] [ 11]
 |   |   |   |- Guid:53279DE448ECF8EAA5FC0583D7AD609C BaseClass:/Game/Blueprints/Pickups/BP_Relic_Level01.BP_Relic_Level01_C NativeClass:/Script/Engine.Actor Name:BP_Relic_Level01_C_UAID_D85ED33287E9E4E702_1726892580 Label:BP_Relic_Level2 SpatiallyLoaded:1 Bounds:IsValid=true, Min=(X=-1772.000 Y=1688.000 Z=198.000), Max=(X=-1708.000 Y=1752.000 Z=262.000) RuntimeGrid:None EditorOnly:0 RuntimeOnly:0 HLODRelevant:0
 |   |   |- [+] [ 12]
 |   |   |   |- Guid:F1924B8D48954B30891B2DB6A694F9CC BaseClass: NativeClass:/Script/Engine.StaticMeshActor Name:StaticMeshActor_1 Label:SM_Cube SpatiallyLoaded:1 Bounds:IsValid=true, Min=(X=-4090.000 Y=1800.000 Z=-50.000), Max=(X=-3615.000 Y=2100.000 Z=0.000) RuntimeGrid:None EditorOnly:0 RuntimeOnly:0 HLODRelevant:1 FolderPath:Playground FolderGuid:C73F09FC4215536B1DCE2A9E0A830C70
 |   |   |- [+] [ 13]
 |   |   |   |- Guid:D9342970425E64099C1A559861A23021 BaseClass:/Game/Blueprints/Pickups/BP_Relic_Level01.BP_Relic_Level01_C NativeClass:/Script/Engine.Actor Name:BP_Relic_Level01_C_UAID_D85ED33287E9E4E702_1748301582 Label:BP_Relic_Level4 SpatiallyLoaded:1 Bounds:IsValid=true, Min=(X=3838.000 Y=888.000 Z=-732.000), Max=(X=3902.000 Y=952.000 Z=-668.000) RuntimeGrid:None EditorOnly:0 RuntimeOnly:0 HLODRelevant:0
 |   |   |- [+] [ 14]
 |   |   |   |- Guid:F4E8F5634AFA9CDA9926BE82E704B8D1 BaseClass: NativeClass:/Script/Engine.StaticMeshActor Name:StaticMeshActor_UAID_D85ED33287E9D9E702_2006711638 Label:SM_Cube10 SpatiallyLoaded:1 Bounds:IsValid=true, Min=(X=3610.000 Y=720.000 Z=-750.000), Max=(X=4110.000 Y=1145.000 Z=-700.000) RuntimeGrid:None EditorOnly:0 RuntimeOnly:0 HLODRelevant:1 FolderPath:Playground FolderGuid:C73F09FC4215536B1DCE2A9E0A830C70
 |   |   |- [+] [ 15]
 |   |   |   |- Guid:B34FE8434BD1A097325765BBB093F0D5 BaseClass:/Game/Blueprints/Pickups/BP_Relic_Level01.BP_Relic_Level01_C NativeClass:/Script/Engine.Actor Name:BP_Relic_Level01_C_UAID_D85ED33287E9E4E702_1717610579 Label:BP_Relic_Level01 SpatiallyLoaded:1 Bounds:IsValid=true, Min=(X=-3112.000 Y=2238.000 Z=-112.000), Max=(X=-3048.000 Y=2302.000 Z=-48.000) RuntimeGrid:None EditorOnly:0 RuntimeOnly:0 HLODRelevant:0
 |   |   |- [+] [ 16]
 |   |   |   |- Guid:2FB58999456391D349DC0F86DAC136ED BaseClass: NativeClass:/Script/Engine.SkyLight Name:SkyLight_1 Label:SkyLight SpatiallyLoaded:0 Bounds:IsValid=true, Min=(X=0.000 Y=0.000 Z=690.000), Max=(X=0.000 Y=0.000 Z=690.000) RuntimeGrid:None EditorOnly:0 RuntimeOnly:0 HLODRelevant:0 FolderPath:Lighting FolderGuid:963EC3EB4002CCE9759E2EBA541A873A
 |   |   |- [+] [ 17]
 |   |   |   |- Guid:3C1EEBE040EBE82103164FB12DA82BDD BaseClass: NativeClass:/Script/Engine.StaticMeshActor Name:StaticMeshActor_UAID_D85ED33287E9D9E702_1938251632 Label:SM_Cube4 SpatiallyLoaded:1 Bounds:IsValid=true, Min=(X=-2010.000 Y=1530.000 Z=160.000), Max=(X=-1610.000 Y=1930.000 Z=210.000) RuntimeGrid:None EditorOnly:0 RuntimeOnly:0 HLODRelevant:1 FolderPath:Playground FolderGuid:C73F09FC4215536B1DCE2A9E0A830C70
 |   |   |- [+] [ 18]
 |   |   |   |- Guid:26DEC06240D9C3AC3522F088E2122EAE BaseClass: NativeClass:/Script/Engine.StaticMeshActor Name:StaticMeshActor_UAID_D85ED33287E9D9E702_1903742630 Label:SM_Cube3 SpatiallyLoaded:1 Bounds:IsValid=true, Min=(X=-2800.000 Y=1600.000 Z=70.000), Max=(X=-2325.000 Y=1900.000 Z=120.000) RuntimeGrid:None EditorOnly:0 RuntimeOnly:0 HLODRelevant:1 FolderPath:Playground FolderGuid:C73F09FC4215536B1DCE2A9E0A830C70
 |   |   |- [+] [ 19]
 |   |   |   |- Guid:E414A78741C894DBE2BD02B2F841CFE9 BaseClass: NativeClass:/Script/Engine.StaticMeshActor Name:StaticMeshActor_UAID_D85ED33287E9D9E702_1966686633 Label:SM_Cube5 SpatiallyLoaded:1 Bounds:IsValid=true, Min=(X=-1420.000 Y=2150.000 Z=-270.000), Max=(X=-945.000 Y=2450.000 Z=-220.000) RuntimeGrid:None EditorOnly:0 RuntimeOnly:0 HLODRelevant:1 FolderPath:Playground FolderGuid:C73F09FC4215536B1DCE2A9E0A830C70
 |   |   |- [+] [ 20]
 |   |   |   |- Guid:403E04E14D6073B7768EC2A2758A08B2 BaseClass: NativeClass:/Script/Engine.StaticMeshActor Name:StaticMeshActor_UAID_D85ED33287E9D9E702_2013822639 Label:SM_Cube11 SpatiallyLoaded:1 Bounds:IsValid=true, Min=(X=5940.000 Y=1710.000 Z=-630.000), Max=(X=6415.000 Y=2010.000 Z=-580.000) RuntimeGrid:None EditorOnly:0 RuntimeOnly:0 HLODRelevant:1 FolderPath:Playground FolderGuid:C73F09FC4215536B1DCE2A9E0A830C70
 |   |   |- [+] [ 21]
 |   |   |   |- Guid:C575256B4737A27B409B91AC3242BB79 BaseClass: NativeClass:/Script/Engine.StaticMeshActor Name:StaticMeshActor_UAID_D85ED33287E9D9E702_1986196635 Label:SM_Cube7 SpatiallyLoaded:1 Bounds:IsValid=true, Min=(X=60.000 Y=2330.000 Z=-370.000), Max=(X=585.000 Y=2680.000 Z=-320.000) RuntimeGrid:None EditorOnly:0 RuntimeOnly:0 HLODRelevant:1 FolderPath:Playground FolderGuid:C73F09FC4215536B1DCE2A9E0A830C70
 |   |   |- [+] [ 22]
 |   |   |   |- Guid:14963FC848D8FC7E3566F385FB6B0EBB BaseClass: NativeClass:/Script/Engine.StaticMeshActor Name:StaticMeshActor_UAID_D85ED33287E9D9E702_1977456634 Label:SM_Cube6 SpatiallyLoaded:1 Bounds:IsValid=true, Min=(X=-800.000 Y=2730.000 Z=-420.000), Max=(X=-325.000 Y=3030.000 Z=-370.000) RuntimeGrid:None EditorOnly:0 RuntimeOnly:0 HLODRelevant:1 FolderPath:Playground FolderGuid:C73F09FC4215536B1DCE2A9E0A830C70
 |   |   |- [+] [ 23]
 |   |   |   |- Guid:3A00AA1C422CE54C0BDB60BAF471BFBB BaseClass: NativeClass:/Script/Engine.PlayerStart Name:PlayerStart_0 Label:PlayerStart SpatiallyLoaded:0 Bounds:IsValid=true, Min=(X=-3970.000 Y=1910.000 Z=0.013), Max=(X=-3890.000 Y=1990.000 Z=184.013) RuntimeGrid:None EditorOnly:0 RuntimeOnly:0 HLODRelevant:0
 |   |   |- [+] [ 24]
 |   |   |   |- Guid:C54B348C4848FB6ED23CF3A15B43C5E2 BaseClass: NativeClass:/Script/Engine.StaticMeshActor Name:StaticMeshActor_UAID_D85ED33287E9D9E702_1999805637 Label:SM_Cube9 SpatiallyLoaded:1 Bounds:IsValid=true, Min=(X=2390.000 Y=1010.000 Z=-720.000), Max=(X=2940.000 Y=1485.000 Z=-670.000) RuntimeGrid:None EditorOnly:0 RuntimeOnly:0 HLODRelevant:1 FolderPath:Playground FolderGuid:C73F09FC4215536B1DCE2A9E0A830C70
 |   |   |- [+] [ 25]
 |   |   |   |- Guid:A05632B041AE5CAA758DA6B1A8C00B06 BaseClass:/Game/Blueprints/Pickups/BP_Relic_Level01.BP_Relic_Level01_C NativeClass:/Script/Engine.Actor Name:BP_Relic_Level01_C_UAID_D85ED33287E9E4E702_1758718583 Label:BP_Relic_Level5 SpatiallyLoaded:1 Bounds:IsValid=true, Min=(X=5318.000 Y=1838.000 Z=-722.000), Max=(X=5382.000 Y=1902.000 Z=-658.000) RuntimeGrid:None EditorOnly:0 RuntimeOnly:0 HLODRelevant:0
 |   |   |- [+] [ 26]
 |   |   |   |- Guid:664F4E144CCDCB5DBB1AB4A3E01464FE BaseClass: NativeClass:/Script/Engine.StaticMeshActor Name:StaticMeshActor_UAID_D85ED33287E9DDE702_1934062346 Label:SM_Cube13 SpatiallyLoaded:1 Bounds:IsValid=true, Min=(X=5030.000 Y=1640.000 Z=-770.000), Max=(X=5580.000 Y=2065.000 Z=-720.000) RuntimeGrid:None EditorOnly:0 RuntimeOnly:0 HLODRelevant:1 FolderPath:Playground FolderGuid:C73F09FC4215536B1DCE2A9E0A830C70
 |- ContainerInstances:
 |- [+] MainContainer:
 |   |-        ID: 0x0000000000000000
 |   |-    Bounds: IsValid=false, Min=(X=0.000 Y=0.000 Z=0.000), Max=(X=0.000 Y=0.000 Z=0.000)
 |   |- Transform: 0.000000,0.000000,0.000000|0.000000,0.000000,-0.000000|1.000000,1.000000,1.000000
 |   |- Container: /Game/ThirdPerson/Maps/ThirdPersonMap
----------------------------------------------------------------------------------------------------------------
ThirdPersonMap - Persistent Level
----------------------------------------------------------------------------------------------------------------
Always loaded Actor Count: 34 

----------------------------------------------------------------------------------------------------------------
ThirdPersonMap - Runtime Spatial Hash - Streaming Grid - MainGrid
----------------------------------------------------------------------------------------------------------------
            Origin: X=0.000 Y=0.000 Z=0.000
         Cell Size: 12800
      World Bounds: IsValid=false, Min=(X=0.000 Y=0.000 Z=0.000), Max=(X=0.000 Y=0.000 Z=0.000)
     Loading Range: 25600.00
Block Slow Loading: No
 ClientOnlyVisible: No

[+] Grid Levels: 1
 |- Level  0: Cell Count    0 | Cell Size   12800 | Actor Count    0 (0.0%)

[+] Content of Grid Level 0

