[+] Containers:
 |- [+] Container: /Game/ThirdPerson/Maps/ThirdPersonMap
 |   |- [+] ActorDescs:
 |   |   |- Guid:0F0BB716498E33BBCE0F4EBC56052108 BaseClass: NativeClass:/Script/Engine.StaticMeshActor Name:StaticMeshActor_UAID_D85ED33287E92CE802_1196169244 Label:Free_Tree_Pine SpatiallyLoaded:1 Bounds:IsValid=true, Min=(X=-2840.000 Y=2960.000 Z=-170.000), Max=(X=-2840.000 Y=2960.000 Z=-170.000) RuntimeGrid:None EditorOnly:0 RuntimeOnly:0 HLODRelevant:0
 |   |   |- Guid:210CC0234B3CF280C3BDF2B8128218B1 BaseClass:/Game/Blueprints/Hazards/BP_KillZone.BP_KillZone_C NativeClass:/Script/Engine.Actor Name:BP_KillZone_C_UAID_D85ED33287E9D9E702_1306885628 Label:BP_KillZone SpatiallyLoaded:1 Bounds:IsValid=true, Min=(X=-4318.980 Y=-404.000 Z=-1096.400), Max=(X=8158.980 Y=4284.000 Z=-1083.600) RuntimeGrid:None EditorOnly:0 RuntimeOnly:0 HLODRelevant:0
 |   |   |- Guid:2FB58999456391D349DC0F86DAC136ED BaseClass: NativeClass:/Script/Engine.SkyLight Name:SkyLight_1 Label:SkyLight SpatiallyLoaded:0 Bounds:IsValid=true, Min=(X=0.000 Y=0.000 Z=690.000), Max=(X=0.000 Y=0.000 Z=690.000) RuntimeGrid:None EditorOnly:0 RuntimeOnly:0 HLODRelevant:0 FolderPath:Lighting FolderGuid:963EC3EB4002CCE9759E2EBA541A873A
 |   |   |- Guid:359CC933460EBDE0F3EF6FB604E866E3 BaseClass: NativeClass:/Script/Engine.StaticMeshActor Name:StaticMeshActor_UAID_D85ED33287E92CE802_1261390245 Label:MiniScene_Root_FM_Side_02 SpatiallyLoaded:1 Bounds:IsValid=true, Min=(X=-2840.000 Y=2780.000 Z=-230.000), Max=(X=-2840.000 Y=2780.000 Z=-230.000) RuntimeGrid:None EditorOnly:0 RuntimeOnly:0 HLODRelevant:0
 |   |   |- Guid:3718E25F4AB328A926E1769C45DA905D BaseClass: NativeClass:/Script/Engine.StaticMeshActor Name:StaticMeshActor_UAID_D85ED33287E927E802_1779255357 Label:SM_Rock_3 SpatiallyLoaded:1 Bounds:IsValid=true, Min=(X=-88.065 Y=2113.311 Z=-418.466), Max=(X=788.324 Y=2906.595 Z=-300.252) RuntimeGrid:None EditorOnly:0 RuntimeOnly:0 HLODRelevant:1
 |   |   |- Guid:3A00AA1C422CE54C0BDB60BAF471BFBB BaseClass: NativeClass:/Script/Engine.PlayerStart Name:PlayerStart_0 Label:PlayerStart SpatiallyLoaded:0 Bounds:IsValid=true, Min=(X=-3970.000 Y=1910.000 Z=0.013), Max=(X=-3890.000 Y=1990.000 Z=184.013) RuntimeGrid:None EditorOnly:0 RuntimeOnly:0 HLODRelevant:0
 |   |   |- Guid:4AAA4E884B97FDA6F9BC12B33D692C0C BaseClass: NativeClass:/Script/Engine.StaticMeshActor Name:StaticMeshActor_UAID_D85ED33287E927E802_1640310354 Label:SM_Rock_04 SpatiallyLoaded:1 Bounds:IsValid=true, Min=(X=-949.457 Y=2639.296 Z=-514.219), Max=(X=-33.957 Y=3132.708 Z=-469.760) RuntimeGrid:None EditorOnly:0 RuntimeOnly:0 HLODRelevant:1
 |   |   |- Guid:53279DE448ECF8EAA5FC0583D7AD609C BaseClass:/Game/Blueprints/Pickups/BP_Relic_Level01.BP_Relic_Level01_C NativeClass:/Script/Engine.Actor Name:BP_Relic_Level01_C_UAID_D85ED33287E9E4E702_1726892580 Label:BP_Relic_Level2 SpatiallyLoaded:1 Bounds:IsValid=true, Min=(X=-1772.000 Y=1688.000 Z=278.000), Max=(X=-1708.000 Y=1752.000 Z=342.000) RuntimeGrid:None EditorOnly:0 RuntimeOnly:0 HLODRelevant:0
 |   |   |- Guid:5E413B444C90764BAD2EF49DA99B5BD0 BaseClass: NativeClass:/Script/Engine.StaticMeshActor Name:StaticMeshActor_UAID_D85ED33287E927E802_1683303355 Label:SM_Rock_6 SpatiallyLoaded:1 Bounds:IsValid=true, Min=(X=-1476.932 Y=2003.591 Z=-291.413), Max=(X=-833.323 Y=2556.271 Z=-196.621) RuntimeGrid:None EditorOnly:0 RuntimeOnly:0 HLODRelevant:1
 |   |   |- Guid:5FF7FF0F4997DC8204266B962DE1B1DA BaseClass: NativeClass:/Script/Engine.StaticMeshActor Name:StaticMeshActor_UAID_D85ED33287E927E802_1856424358 Label:SM_Rock_07 SpatiallyLoaded:1 Bounds:IsValid=true, Min=(X=1031.479 Y=1697.073 Z=-388.667), Max=(X=1788.521 Y=2242.927 Z=-273.264) RuntimeGrid:None EditorOnly:0 RuntimeOnly:0 HLODRelevant:1
 |   |   |- Guid:6059E0324E948061BC8B828D0B042273 BaseClass: NativeClass:/Script/Engine.StaticMeshActor Name:StaticMeshActor_UAID_D85ED33287E927E802_2054028360 Label:SM_Rock_8 SpatiallyLoaded:1 Bounds:IsValid=true, Min=(X=3613.068 Y=1203.591 Z=-971.413), Max=(X=4256.677 Y=1756.271 Z=-876.621) RuntimeGrid:None EditorOnly:0 RuntimeOnly:0 HLODRelevant:1
 |   |   |- Guid:6BAF4DDD444C60371492D3919DB42C97 BaseClass: NativeClass:/Script/Engine.WorldDataLayers Name:WorldDataLayers Label:WorldDataLayers SpatiallyLoaded:0 Bounds:IsValid=true, Min=(X=0.000 Y=0.000 Z=0.000), Max=(X=0.000 Y=0.000 Z=0.000) RuntimeGrid:None EditorOnly:0 RuntimeOnly:0 HLODRelevant:0
 |   |   |- Guid:6CDB07D84DB81779D644E7B8A1CCCB61 BaseClass: NativeClass:/Script/Engine.StaticMeshActor Name:StaticMeshActor_UAID_D85ED33287E927E802_1599861353 Label:SM_Rock_2 SpatiallyLoaded:1 Bounds:IsValid=true, Min=(X=-2770.572 Y=1491.818 Z=-8.466), Max=(X=-2049.703 Y=1928.182 Z=109.748) RuntimeGrid:None EditorOnly:0 RuntimeOnly:0 HLODRelevant:1
 |   |   |- Guid:7569EE0E4AFA4D6B992BD68DCE74E765 BaseClass:/Game/Blueprints/Interactables/BP_Portal.BP_Portal_C NativeClass:/Script/Engine.Actor Name:BP_Portal_C_UAID_D85ED33287E9DDE702_1681569345 Label:BP_Portal SpatiallyLoaded:1 Bounds:IsValid=true, Min=(X=6286.330 Y=1821.948 Z=-556.275), Max=(X=6338.330 Y=1877.948 Z=-504.275) RuntimeGrid:None EditorOnly:0 RuntimeOnly:0 HLODRelevant:0
 |   |   |- Guid:89E622E54BF7E9411D05E4AB4F8CFD61 BaseClass: NativeClass:/Script/Engine.StaticMeshActor Name:StaticMeshActor_UAID_D85ED33287E927E802_2012687359 Label:SM_Rock_5 SpatiallyLoaded:1 Bounds:IsValid=true, Min=(X=2120.543 Y=969.032 Z=-694.219), Max=(X=3036.043 Y=1647.473 Z=-649.760) RuntimeGrid:None EditorOnly:0 RuntimeOnly:0 HLODRelevant:1
 |   |   |- Guid:9BD8016B4DB9076311A8BA8488042ECE BaseClass: NativeClass:/Script/Engine.StaticMeshActor Name:StaticMeshActor_UAID_D85ED33287E928E802_1147590539 Label:SM_Rock_10 SpatiallyLoaded:1 Bounds:IsValid=true, Min=(X=5853.068 Y=1553.591 Z=-651.413), Max=(X=6496.677 Y=2106.271 Z=-556.621) RuntimeGrid:None EditorOnly:0 RuntimeOnly:0 HLODRelevant:1
 |   |   |- Guid:9F3AE40C46EEB915BCC2B695DEC94D64 BaseClass: NativeClass:/Script/Engine.StaticMeshActor Name:StaticMeshActor_UAID_D85ED33287E927E802_1393119351 Label:SM_Rock_01 SpatiallyLoaded:1 Bounds:IsValid=true, Min=(X=-4047.551 Y=1788.181 Z=-79.071), Max=(X=-3532.645 Y=2151.819 Z=47.588) RuntimeGrid:None EditorOnly:0 RuntimeOnly:0 HLODRelevant:1
 |   |   |- Guid:A05632B041AE5CAA758DA6B1A8C00B06 BaseClass:/Game/Blueprints/Pickups/BP_Relic_Level01.BP_Relic_Level01_C NativeClass:/Script/Engine.Actor Name:BP_Relic_Level01_C_UAID_D85ED33287E9E4E702_1758718583 Label:BP_Relic_Level5 SpatiallyLoaded:1 Bounds:IsValid=true, Min=(X=5318.000 Y=1838.000 Z=-642.000), Max=(X=5382.000 Y=1902.000 Z=-578.000) RuntimeGrid:None EditorOnly:0 RuntimeOnly:0 HLODRelevant:0
 |   |   |- Guid:ADEBF6D14F99C02165E781B44EC206E8 BaseClass: NativeClass:/Script/Engine.StaticMeshActor Name:StaticMeshActor_UAID_D85ED33287E927E802_2103754361 Label:SM_Rock_06 SpatiallyLoaded:1 Bounds:IsValid=true, Min=(X=3569.406 Y=674.646 Z=-829.644), Max=(X=4271.378 Y=1185.354 Z=-552.483) RuntimeGrid:None EditorOnly:0 RuntimeOnly:0 HLODRelevant:1
 |   |   |- Guid:B18361A847630AD25F955EBA7171DCEC BaseClass:/Game/Blueprints/Pickups/BP_Relic_Level01.BP_Relic_Level01_C NativeClass:/Script/Engine.Actor Name:BP_Relic_Level01_C_UAID_D85ED33287E9E4E702_1740112581 Label:BP_Relic_Level3 SpatiallyLoaded:1 Bounds:IsValid=true, Min=(X=278.000 Y=2478.000 Z=-232.000), Max=(X=342.000 Y=2542.000 Z=-168.000) RuntimeGrid:None EditorOnly:0 RuntimeOnly:0 HLODRelevant:0
 |   |   |- Guid:B34FE8434BD1A097325765BBB093F0D5 BaseClass:/Game/Blueprints/Pickups/BP_Relic_Level01.BP_Relic_Level01_C NativeClass:/Script/Engine.Actor Name:BP_Relic_Level01_C_UAID_D85ED33287E9E4E702_1717610579 Label:BP_Relic_Level01 SpatiallyLoaded:1 Bounds:IsValid=true, Min=(X=-2912.000 Y=2428.000 Z=-72.000), Max=(X=-2848.000 Y=2492.000 Z=-8.000) RuntimeGrid:None EditorOnly:0 RuntimeOnly:0 HLODRelevant:0
 |   |   |- Guid:B785ED2844B84CFB91E7F39FE661CD99 BaseClass: NativeClass:/Script/Engine.DirectionalLight Name:DirectionalLight_0 Label:DirectionalLight SpatiallyLoaded:0 Bounds:IsValid=true, Min=(X=-4398046511104.000 Y=-4398046511104.000 Z=-4398046511104.000), Max=(X=4398046511104.000 Y=4398046511104.000 Z=4398046511104.000) RuntimeGrid:None EditorOnly:0 RuntimeOnly:0 HLODRelevant:0 FolderPath:Lighting FolderGuid:963EC3EB4002CCE9759E2EBA541A873A
 |   |   |- Guid:BCA5095E4905A7BDBBD301AB8AD3580A BaseClass: NativeClass:/Script/Engine.StaticMeshActor Name:StaticMeshActor_UAID_D85ED33287E97DE802_1209229487 Label:SM_Rock_11 SpatiallyLoaded:1 Bounds:IsValid=true, Min=(X=4243.068 Y=1933.591 Z=-1161.413), Max=(X=4886.677 Y=2486.271 Z=-1066.621) RuntimeGrid:None EditorOnly:0 RuntimeOnly:0 HLODRelevant:1
 |   |   |- Guid:BE196E2D4F59F9BAE320DC9E4DA12A74 BaseClass: NativeClass:/Script/Engine.StaticMeshActor Name:StaticMeshActor_UAID_D85ED33287E927E802_1710925356 Label:SM_Rock_7 SpatiallyLoaded:1 Bounds:IsValid=true, Min=(X=-2113.636 Y=1433.591 Z=128.587), Max=(X=-1378.084 Y=1986.271 Z=223.379) RuntimeGrid:None EditorOnly:0 RuntimeOnly:0 HLODRelevant:1
 |   |   |- Guid:CCFF262C46EEFFDF319E7F9539CE697E BaseClass: NativeClass:/Script/Engine.SkyAtmosphere Name:SkyAtmosphere_0 Label:SkyAtmosphere SpatiallyLoaded:0 Bounds:IsValid=true, Min=(X=0.000 Y=0.000 Z=1020.000), Max=(X=0.000 Y=0.000 Z=1020.000) RuntimeGrid:None EditorOnly:0 RuntimeOnly:0 HLODRelevant:0 FolderPath:Lighting FolderGuid:963EC3EB4002CCE9759E2EBA541A873A
 |   |   |- Guid:D27E90EB4B89DEC3FC448DB1224A3E4B BaseClass: NativeClass:/Script/Engine.StaticMeshActor Name:StaticMeshActor_UAID_D85ED33287E927E802_1522019352 Label:SM_Rock_05 SpatiallyLoaded:1 Bounds:IsValid=true, Min=(X=-3203.636 Y=2163.591 Z=-241.413), Max=(X=-2468.084 Y=2716.271 Z=-146.621) RuntimeGrid:None EditorOnly:0 RuntimeOnly:0 HLODRelevant:1
 |   |   |- Guid:D66B213B4FB194B8ABF1E8B66D82DA86 BaseClass: NativeClass:/Script/Engine.StaticMeshActor Name:StaticMeshActor_UAID_D85ED33287E928E802_1111940538 Label:SM_Rock_9 SpatiallyLoaded:1 Bounds:IsValid=true, Min=(X=4860.087 Y=1365.159 Z=-744.219), Max=(X=5861.280 Y=2375.054 Z=-699.760) RuntimeGrid:None EditorOnly:0 RuntimeOnly:0 HLODRelevant:1
 |   |   |- Guid:D9342970425E64099C1A559861A23021 BaseClass:/Game/Blueprints/Pickups/BP_Relic_Level01.BP_Relic_Level01_C NativeClass:/Script/Engine.Actor Name:BP_Relic_Level01_C_UAID_D85ED33287E9E4E702_1748301582 Label:BP_Relic_Level4 SpatiallyLoaded:1 Bounds:IsValid=true, Min=(X=3838.000 Y=888.000 Z=-602.000), Max=(X=3902.000 Y=952.000 Z=-538.000) RuntimeGrid:None EditorOnly:0 RuntimeOnly:0 HLODRelevant:0
 |   |   |- Guid:EC4E0C944CE6AC6E784BC6BB2916EA13 BaseClass: NativeClass:/Script/Engine.StaticMeshActor Name:StaticMeshActor_UAID_A4AE111137DC5EFB00_1110535423 Label:SM_SkySphere SpatiallyLoaded:0 Bounds:IsValid=true, Min=(X=-16103.600 Y=-14715.600 Z=-18578.600), Max=(X=16103.600 Y=14715.600 Z=13900.600) RuntimeGrid:None EditorOnly:0 RuntimeOnly:0 HLODRelevant:1 FolderPath:Lighting FolderGuid:963EC3EB4002CCE9759E2EBA541A873A
 |   |   |- Guid:F5E3FEB3450C49844FD93DA8E083C8AD BaseClass: NativeClass:/Script/Engine.PostProcessVolume Name:PostProcessVolume_0 Label:PostProcessVolume SpatiallyLoaded:0 Bounds:IsValid=true, Min=(X=0.000 Y=0.000 Z=400.000), Max=(X=200.000 Y=200.000 Z=600.000) RuntimeGrid:None EditorOnly:0 RuntimeOnly:0 HLODRelevant:0 FolderPath:Lighting FolderGuid:963EC3EB4002CCE9759E2EBA541A873A
 |   |- [+] Clusters:
 |   |   |- [+] [  0]
 |   |   |   |- Guid:7569EE0E4AFA4D6B992BD68DCE74E765 BaseClass:/Game/Blueprints/Interactables/BP_Portal.BP_Portal_C NativeClass:/Script/Engine.Actor Name:BP_Portal_C_UAID_D85ED33287E9DDE702_1681569345 Label:BP_Portal SpatiallyLoaded:1 Bounds:IsValid=true, Min=(X=6286.330 Y=1821.948 Z=-556.275), Max=(X=6338.330 Y=1877.948 Z=-504.275) RuntimeGrid:None EditorOnly:0 RuntimeOnly:0 HLODRelevant:0
 |   |   |- [+] [  1]
 |   |   |   |- Guid:6BAF4DDD444C60371492D3919DB42C97 BaseClass: NativeClass:/Script/Engine.WorldDataLayers Name:WorldDataLayers Label:WorldDataLayers SpatiallyLoaded:0 Bounds:IsValid=true, Min=(X=0.000 Y=0.000 Z=0.000), Max=(X=0.000 Y=0.000 Z=0.000) RuntimeGrid:None EditorOnly:0 RuntimeOnly:0 HLODRelevant:0
 |   |   |- [+] [  2]
 |   |   |   |- Guid:9BD8016B4DB9076311A8BA8488042ECE BaseClass: NativeClass:/Script/Engine.StaticMeshActor Name:StaticMeshActor_UAID_D85ED33287E928E802_1147590539 Label:SM_Rock_10 SpatiallyLoaded:1 Bounds:IsValid=true, Min=(X=5853.068 Y=1553.591 Z=-651.413), Max=(X=6496.677 Y=2106.271 Z=-556.621) RuntimeGrid:None EditorOnly:0 RuntimeOnly:0 HLODRelevant:1
 |   |   |- [+] [  3]
 |   |   |   |- Guid:F5E3FEB3450C49844FD93DA8E083C8AD BaseClass: NativeClass:/Script/Engine.PostProcessVolume Name:PostProcessVolume_0 Label:PostProcessVolume SpatiallyLoaded:0 Bounds:IsValid=true, Min=(X=0.000 Y=0.000 Z=400.000), Max=(X=200.000 Y=200.000 Z=600.000) RuntimeGrid:None EditorOnly:0 RuntimeOnly:0 HLODRelevant:0 FolderPath:Lighting FolderGuid:963EC3EB4002CCE9759E2EBA541A873A
 |   |   |- [+] [  4]
 |   |   |   |- Guid:210CC0234B3CF280C3BDF2B8128218B1 BaseClass:/Game/Blueprints/Hazards/BP_KillZone.BP_KillZone_C NativeClass:/Script/Engine.Actor Name:BP_KillZone_C_UAID_D85ED33287E9D9E702_1306885628 Label:BP_KillZone SpatiallyLoaded:1 Bounds:IsValid=true, Min=(X=-4318.980 Y=-404.000 Z=-1096.400), Max=(X=8158.980 Y=4284.000 Z=-1083.600) RuntimeGrid:None EditorOnly:0 RuntimeOnly:0 HLODRelevant:0
 |   |   |- [+] [  5]
 |   |   |   |- Guid:0F0BB716498E33BBCE0F4EBC56052108 BaseClass: NativeClass:/Script/Engine.StaticMeshActor Name:StaticMeshActor_UAID_D85ED33287E92CE802_1196169244 Label:Free_Tree_Pine SpatiallyLoaded:1 Bounds:IsValid=true, Min=(X=-2840.000 Y=2960.000 Z=-170.000), Max=(X=-2840.000 Y=2960.000 Z=-170.000) RuntimeGrid:None EditorOnly:0 RuntimeOnly:0 HLODRelevant:0
 |   |   |- [+] [  6]
 |   |   |   |- Guid:B18361A847630AD25F955EBA7171DCEC BaseClass:/Game/Blueprints/Pickups/BP_Relic_Level01.BP_Relic_Level01_C NativeClass:/Script/Engine.Actor Name:BP_Relic_Level01_C_UAID_D85ED33287E9E4E702_1740112581 Label:BP_Relic_Level3 SpatiallyLoaded:1 Bounds:IsValid=true, Min=(X=278.000 Y=2478.000 Z=-232.000), Max=(X=342.000 Y=2542.000 Z=-168.000) RuntimeGrid:None EditorOnly:0 RuntimeOnly:0 HLODRelevant:0
 |   |   |- [+] [  7]
 |   |   |   |- Guid:5E413B444C90764BAD2EF49DA99B5BD0 BaseClass: NativeClass:/Script/Engine.StaticMeshActor Name:StaticMeshActor_UAID_D85ED33287E927E802_1683303355 Label:SM_Rock_6 SpatiallyLoaded:1 Bounds:IsValid=true, Min=(X=-1476.932 Y=2003.591 Z=-291.413), Max=(X=-833.323 Y=2556.271 Z=-196.621) RuntimeGrid:None EditorOnly:0 RuntimeOnly:0 HLODRelevant:1
 |   |   |- [+] [  8]
 |   |   |   |- Guid:CCFF262C46EEFFDF319E7F9539CE697E BaseClass: NativeClass:/Script/Engine.SkyAtmosphere Name:SkyAtmosphere_0 Label:SkyAtmosphere SpatiallyLoaded:0 Bounds:IsValid=true, Min=(X=0.000 Y=0.000 Z=1020.000), Max=(X=0.000 Y=0.000 Z=1020.000) RuntimeGrid:None EditorOnly:0 RuntimeOnly:0 HLODRelevant:0 FolderPath:Lighting FolderGuid:963EC3EB4002CCE9759E2EBA541A873A
 |   |   |- [+] [  9]
 |   |   |   |- Guid:EC4E0C944CE6AC6E784BC6BB2916EA13 BaseClass: NativeClass:/Script/Engine.StaticMeshActor Name:StaticMeshActor_UAID_A4AE111137DC5EFB00_1110535423 Label:SM_SkySphere SpatiallyLoaded:0 Bounds:IsValid=true, Min=(X=-16103.600 Y=-14715.600 Z=-18578.600), Max=(X=16103.600 Y=14715.600 Z=13900.600) RuntimeGrid:None EditorOnly:0 RuntimeOnly:0 HLODRelevant:1 FolderPath:Lighting FolderGuid:963EC3EB4002CCE9759E2EBA541A873A
 |   |   |- [+] [ 10]
 |   |   |   |- Guid:89E622E54BF7E9411D05E4AB4F8CFD61 BaseClass: NativeClass:/Script/Engine.StaticMeshActor Name:StaticMeshActor_UAID_D85ED33287E927E802_2012687359 Label:SM_Rock_5 SpatiallyLoaded:1 Bounds:IsValid=true, Min=(X=2120.543 Y=969.032 Z=-694.219), Max=(X=3036.043 Y=1647.473 Z=-649.760) RuntimeGrid:None EditorOnly:0 RuntimeOnly:0 HLODRelevant:1
 |   |   |- [+] [ 11]
 |   |   |   |- Guid:ADEBF6D14F99C02165E781B44EC206E8 BaseClass: NativeClass:/Script/Engine.StaticMeshActor Name:StaticMeshActor_UAID_D85ED33287E927E802_2103754361 Label:SM_Rock_06 SpatiallyLoaded:1 Bounds:IsValid=true, Min=(X=3569.406 Y=674.646 Z=-829.644), Max=(X=4271.378 Y=1185.354 Z=-552.483) RuntimeGrid:None EditorOnly:0 RuntimeOnly:0 HLODRelevant:1
 |   |   |- [+] [ 12]
 |   |   |   |- Guid:9F3AE40C46EEB915BCC2B695DEC94D64 BaseClass: NativeClass:/Script/Engine.StaticMeshActor Name:StaticMeshActor_UAID_D85ED33287E927E802_1393119351 Label:SM_Rock_01 SpatiallyLoaded:1 Bounds:IsValid=true, Min=(X=-4047.551 Y=1788.181 Z=-79.071), Max=(X=-3532.645 Y=2151.819 Z=47.588) RuntimeGrid:None EditorOnly:0 RuntimeOnly:0 HLODRelevant:1
 |   |   |- [+] [ 13]
 |   |   |   |- Guid:B785ED2844B84CFB91E7F39FE661CD99 BaseClass: NativeClass:/Script/Engine.DirectionalLight Name:DirectionalLight_0 Label:DirectionalLight SpatiallyLoaded:0 Bounds:IsValid=true, Min=(X=-4398046511104.000 Y=-4398046511104.000 Z=-4398046511104.000), Max=(X=4398046511104.000 Y=4398046511104.000 Z=4398046511104.000) RuntimeGrid:None EditorOnly:0 RuntimeOnly:0 HLODRelevant:0 FolderPath:Lighting FolderGuid:963EC3EB4002CCE9759E2EBA541A873A
 |   |   |- [+] [ 14]
 |   |   |   |- Guid:53279DE448ECF8EAA5FC0583D7AD609C BaseClass:/Game/Blueprints/Pickups/BP_Relic_Level01.BP_Relic_Level01_C NativeClass:/Script/Engine.Actor Name:BP_Relic_Level01_C_UAID_D85ED33287E9E4E702_1726892580 Label:BP_Relic_Level2 SpatiallyLoaded:1 Bounds:IsValid=true, Min=(X=-1772.000 Y=1688.000 Z=278.000), Max=(X=-1708.000 Y=1752.000 Z=342.000) RuntimeGrid:None EditorOnly:0 RuntimeOnly:0 HLODRelevant:0
 |   |   |- [+] [ 15]
 |   |   |   |- Guid:4AAA4E884B97FDA6F9BC12B33D692C0C BaseClass: NativeClass:/Script/Engine.StaticMeshActor Name:StaticMeshActor_UAID_D85ED33287E927E802_1640310354 Label:SM_Rock_04 SpatiallyLoaded:1 Bounds:IsValid=true, Min=(X=-949.457 Y=2639.296 Z=-514.219), Max=(X=-33.957 Y=3132.708 Z=-469.760) RuntimeGrid:None EditorOnly:0 RuntimeOnly:0 HLODRelevant:1
 |   |   |- [+] [ 16]
 |   |   |   |- Guid:D9342970425E64099C1A559861A23021 BaseClass:/Game/Blueprints/Pickups/BP_Relic_Level01.BP_Relic_Level01_C NativeClass:/Script/Engine.Actor Name:BP_Relic_Level01_C_UAID_D85ED33287E9E4E702_1748301582 Label:BP_Relic_Level4 SpatiallyLoaded:1 Bounds:IsValid=true, Min=(X=3838.000 Y=888.000 Z=-602.000), Max=(X=3902.000 Y=952.000 Z=-538.000) RuntimeGrid:None EditorOnly:0 RuntimeOnly:0 HLODRelevant:0
 |   |   |- [+] [ 17]
 |   |   |   |- Guid:B34FE8434BD1A097325765BBB093F0D5 BaseClass:/Game/Blueprints/Pickups/BP_Relic_Level01.BP_Relic_Level01_C NativeClass:/Script/Engine.Actor Name:BP_Relic_Level01_C_UAID_D85ED33287E9E4E702_1717610579 Label:BP_Relic_Level01 SpatiallyLoaded:1 Bounds:IsValid=true, Min=(X=-2912.000 Y=2428.000 Z=-72.000), Max=(X=-2848.000 Y=2492.000 Z=-8.000) RuntimeGrid:None EditorOnly:0 RuntimeOnly:0 HLODRelevant:0
 |   |   |- [+] [ 18]
 |   |   |   |- Guid:6CDB07D84DB81779D644E7B8A1CCCB61 BaseClass: NativeClass:/Script/Engine.StaticMeshActor Name:StaticMeshActor_UAID_D85ED33287E927E802_1599861353 Label:SM_Rock_2 SpatiallyLoaded:1 Bounds:IsValid=true, Min=(X=-2770.572 Y=1491.818 Z=-8.466), Max=(X=-2049.703 Y=1928.182 Z=109.748) RuntimeGrid:None EditorOnly:0 RuntimeOnly:0 HLODRelevant:1
 |   |   |- [+] [ 19]
 |   |   |   |- Guid:2FB58999456391D349DC0F86DAC136ED BaseClass: NativeClass:/Script/Engine.SkyLight Name:SkyLight_1 Label:SkyLight SpatiallyLoaded:0 Bounds:IsValid=true, Min=(X=0.000 Y=0.000 Z=690.000), Max=(X=0.000 Y=0.000 Z=690.000) RuntimeGrid:None EditorOnly:0 RuntimeOnly:0 HLODRelevant:0 FolderPath:Lighting FolderGuid:963EC3EB4002CCE9759E2EBA541A873A
 |   |   |- [+] [ 20]
 |   |   |   |- Guid:BCA5095E4905A7BDBBD301AB8AD3580A BaseClass: NativeClass:/Script/Engine.StaticMeshActor Name:StaticMeshActor_UAID_D85ED33287E97DE802_1209229487 Label:SM_Rock_11 SpatiallyLoaded:1 Bounds:IsValid=true, Min=(X=4243.068 Y=1933.591 Z=-1161.413), Max=(X=4886.677 Y=2486.271 Z=-1066.621) RuntimeGrid:None EditorOnly:0 RuntimeOnly:0 HLODRelevant:1
 |   |   |- [+] [ 21]
 |   |   |   |- Guid:5FF7FF0F4997DC8204266B962DE1B1DA BaseClass: NativeClass:/Script/Engine.StaticMeshActor Name:StaticMeshActor_UAID_D85ED33287E927E802_1856424358 Label:SM_Rock_07 SpatiallyLoaded:1 Bounds:IsValid=true, Min=(X=1031.479 Y=1697.073 Z=-388.667), Max=(X=1788.521 Y=2242.927 Z=-273.264) RuntimeGrid:None EditorOnly:0 RuntimeOnly:0 HLODRelevant:1
 |   |   |- [+] [ 22]
 |   |   |   |- Guid:3718E25F4AB328A926E1769C45DA905D BaseClass: NativeClass:/Script/Engine.StaticMeshActor Name:StaticMeshActor_UAID_D85ED33287E927E802_1779255357 Label:SM_Rock_3 SpatiallyLoaded:1 Bounds:IsValid=true, Min=(X=-88.065 Y=2113.311 Z=-418.466), Max=(X=788.324 Y=2906.595 Z=-300.252) RuntimeGrid:None EditorOnly:0 RuntimeOnly:0 HLODRelevant:1
 |   |   |- [+] [ 23]
 |   |   |   |- Guid:BE196E2D4F59F9BAE320DC9E4DA12A74 BaseClass: NativeClass:/Script/Engine.StaticMeshActor Name:StaticMeshActor_UAID_D85ED33287E927E802_1710925356 Label:SM_Rock_7 SpatiallyLoaded:1 Bounds:IsValid=true, Min=(X=-2113.636 Y=1433.591 Z=128.587), Max=(X=-1378.084 Y=1986.271 Z=223.379) RuntimeGrid:None EditorOnly:0 RuntimeOnly:0 HLODRelevant:1
 |   |   |- [+] [ 24]
 |   |   |   |- Guid:3A00AA1C422CE54C0BDB60BAF471BFBB BaseClass: NativeClass:/Script/Engine.PlayerStart Name:PlayerStart_0 Label:PlayerStart SpatiallyLoaded:0 Bounds:IsValid=true, Min=(X=-3970.000 Y=1910.000 Z=0.013), Max=(X=-3890.000 Y=1990.000 Z=184.013) RuntimeGrid:None EditorOnly:0 RuntimeOnly:0 HLODRelevant:0
 |   |   |- [+] [ 25]
 |   |   |   |- Guid:D66B213B4FB194B8ABF1E8B66D82DA86 BaseClass: NativeClass:/Script/Engine.StaticMeshActor Name:StaticMeshActor_UAID_D85ED33287E928E802_1111940538 Label:SM_Rock_9 SpatiallyLoaded:1 Bounds:IsValid=true, Min=(X=4860.087 Y=1365.159 Z=-744.219), Max=(X=5861.280 Y=2375.054 Z=-699.760) RuntimeGrid:None EditorOnly:0 RuntimeOnly:0 HLODRelevant:1
 |   |   |- [+] [ 26]
 |   |   |   |- Guid:6059E0324E948061BC8B828D0B042273 BaseClass: NativeClass:/Script/Engine.StaticMeshActor Name:StaticMeshActor_UAID_D85ED33287E927E802_2054028360 Label:SM_Rock_8 SpatiallyLoaded:1 Bounds:IsValid=true, Min=(X=3613.068 Y=1203.591 Z=-971.413), Max=(X=4256.677 Y=1756.271 Z=-876.621) RuntimeGrid:None EditorOnly:0 RuntimeOnly:0 HLODRelevant:1
 |   |   |- [+] [ 27]
 |   |   |   |- Guid:A05632B041AE5CAA758DA6B1A8C00B06 BaseClass:/Game/Blueprints/Pickups/BP_Relic_Level01.BP_Relic_Level01_C NativeClass:/Script/Engine.Actor Name:BP_Relic_Level01_C_UAID_D85ED33287E9E4E702_1758718583 Label:BP_Relic_Level5 SpatiallyLoaded:1 Bounds:IsValid=true, Min=(X=5318.000 Y=1838.000 Z=-642.000), Max=(X=5382.000 Y=1902.000 Z=-578.000) RuntimeGrid:None EditorOnly:0 RuntimeOnly:0 HLODRelevant:0
 |   |   |- [+] [ 28]
 |   |   |   |- Guid:D27E90EB4B89DEC3FC448DB1224A3E4B BaseClass: NativeClass:/Script/Engine.StaticMeshActor Name:StaticMeshActor_UAID_D85ED33287E927E802_1522019352 Label:SM_Rock_05 SpatiallyLoaded:1 Bounds:IsValid=true, Min=(X=-3203.636 Y=2163.591 Z=-241.413), Max=(X=-2468.084 Y=2716.271 Z=-146.621) RuntimeGrid:None EditorOnly:0 RuntimeOnly:0 HLODRelevant:1
 |   |   |- [+] [ 29]
 |   |   |   |- Guid:359CC933460EBDE0F3EF6FB604E866E3 BaseClass: NativeClass:/Script/Engine.StaticMeshActor Name:StaticMeshActor_UAID_D85ED33287E92CE802_1261390245 Label:MiniScene_Root_FM_Side_02 SpatiallyLoaded:1 Bounds:IsValid=true, Min=(X=-2840.000 Y=2780.000 Z=-230.000), Max=(X=-2840.000 Y=2780.000 Z=-230.000) RuntimeGrid:None EditorOnly:0 RuntimeOnly:0 HLODRelevant:0
 |- ContainerInstances:
 |- [+] MainContainer:
 |   |-        ID: 0x0000000000000000
 |   |-    Bounds: IsValid=false, Min=(X=0.000 Y=0.000 Z=0.000), Max=(X=0.000 Y=0.000 Z=0.000)
 |   |- Transform: 0.000000,0.000000,0.000000|0.000000,0.000000,-0.000000|1.000000,1.000000,1.000000
 |   |- Container: /Game/ThirdPerson/Maps/ThirdPersonMap
----------------------------------------------------------------------------------------------------------------
ThirdPersonMap - Persistent Level
----------------------------------------------------------------------------------------------------------------
Always loaded Actor Count: 37 

----------------------------------------------------------------------------------------------------------------
ThirdPersonMap - Runtime Spatial Hash - Streaming Grid - MainGrid
----------------------------------------------------------------------------------------------------------------
            Origin: X=0.000 Y=0.000 Z=0.000
         Cell Size: 12800
      World Bounds: IsValid=false, Min=(X=0.000 Y=0.000 Z=0.000), Max=(X=0.000 Y=0.000 Z=0.000)
     Loading Range: 25600.00
Block Slow Loading: No
 ClientOnlyVisible: No

[+] Grid Levels: 1
 |- Level  0: Cell Count    0 | Cell Size   12800 | Actor Count    0 (0.0%)

[+] Content of Grid Level 0

