[+] Containers:
 |- [+] Container: /Game/ThirdPerson/Maps/ThirdPersonMap
 |   |- [+] ActorDescs:
 |   |   |- Guid:210CC0234B3CF280C3BDF2B8128218B1 BaseClass:/Game/Blueprints/Hazards/BP_KillZone.BP_KillZone_C NativeClass:/Script/Engine.Actor Name:BP_KillZone_C_UAID_D85ED33287E9D9E702_1306885628 Label:BP_KillZone SpatiallyLoaded:1 Bounds:IsValid=true, Min=(X=-4318.980 Y=-404.000 Z=-816.400), Max=(X=8158.980 Y=4284.000 Z=-803.600) RuntimeGrid:None EditorOnly:0 RuntimeOnly:0 HLODRelevant:0
 |   |   |- Guid:2FB58999456391D349DC0F86DAC136ED BaseClass: NativeClass:/Script/Engine.SkyLight Name:SkyLight_1 Label:SkyLight SpatiallyLoaded:0 Bounds:IsValid=true, Min=(X=0.000 Y=0.000 Z=690.000), Max=(X=0.000 Y=0.000 Z=690.000) RuntimeGrid:None EditorOnly:0 RuntimeOnly:0 HLODRelevant:0 FolderPath:Lighting FolderGuid:963EC3EB4002CCE9759E2EBA541A873A
 |   |   |- Guid:3A00AA1C422CE54C0BDB60BAF471BFBB BaseClass: NativeClass:/Script/Engine.PlayerStart Name:PlayerStart_0 Label:PlayerStart SpatiallyLoaded:0 Bounds:IsValid=true, Min=(X=-3970.000 Y=1910.000 Z=0.013), Max=(X=-3890.000 Y=1990.000 Z=184.013) RuntimeGrid:None EditorOnly:0 RuntimeOnly:0 HLODRelevant:0
 |   |   |- Guid:403E04E14D6073B7768EC2A2758A08B2 BaseClass: NativeClass:/Script/Engine.StaticMeshActor Name:StaticMeshActor_UAID_D85ED33287E9D9E702_2013822639 Label:SM_Cube11 SpatiallyLoaded:1 Bounds:IsValid=true, Min=(X=5940.000 Y=1710.000 Z=-630.000), Max=(X=6415.000 Y=2010.000 Z=-580.000) RuntimeGrid:None EditorOnly:0 RuntimeOnly:0 HLODRelevant:1 FolderPath:Playground FolderGuid:C73F09FC4215536B1DCE2A9E0A830C70
 |   |   |- Guid:4AAA4E884B97FDA6F9BC12B33D692C0C BaseClass: NativeClass:/Script/Engine.StaticMeshActor Name:StaticMeshActor_UAID_D85ED33287E927E802_1640310354 Label:SM_Rock_04 SpatiallyLoaded:1 Bounds:IsValid=true, Min=(X=-949.457 Y=2639.296 Z=-374.219), Max=(X=-33.957 Y=3132.708 Z=-329.760) RuntimeGrid:None EditorOnly:0 RuntimeOnly:0 HLODRelevant:1
 |   |   |- Guid:53279DE448ECF8EAA5FC0583D7AD609C BaseClass:/Game/Blueprints/Pickups/BP_Relic_Level01.BP_Relic_Level01_C NativeClass:/Script/Engine.Actor Name:BP_Relic_Level01_C_UAID_D85ED33287E9E4E702_1726892580 Label:BP_Relic_Level2 SpatiallyLoaded:1 Bounds:IsValid=true, Min=(X=-1772.000 Y=1688.000 Z=238.000), Max=(X=-1708.000 Y=1752.000 Z=302.000) RuntimeGrid:None EditorOnly:0 RuntimeOnly:0 HLODRelevant:0
 |   |   |- Guid:559C75D74120F833FC95F9A258459A52 BaseClass: NativeClass:/Script/Engine.StaticMeshActor Name:StaticMeshActor_UAID_D85ED33287E9DAE702_1334298816 Label:SM_Cube12 SpatiallyLoaded:1 Bounds:IsValid=true, Min=(X=4050.000 Y=1260.000 Z=-770.000), Max=(X=4600.000 Y=1685.000 Z=-720.000) RuntimeGrid:None EditorOnly:0 RuntimeOnly:0 HLODRelevant:1 FolderPath:Playground FolderGuid:C73F09FC4215536B1DCE2A9E0A830C70
 |   |   |- Guid:5E413B444C90764BAD2EF49DA99B5BD0 BaseClass: NativeClass:/Script/Engine.StaticMeshActor Name:StaticMeshActor_UAID_D85ED33287E927E802_1683303355 Label:SM_Rock_6 SpatiallyLoaded:1 Bounds:IsValid=true, Min=(X=-1523.636 Y=2003.591 Z=-291.413), Max=(X=-788.084 Y=2556.271 Z=-196.621) RuntimeGrid:None EditorOnly:0 RuntimeOnly:0 HLODRelevant:1
 |   |   |- Guid:664F4E144CCDCB5DBB1AB4A3E01464FE BaseClass: NativeClass:/Script/Engine.StaticMeshActor Name:StaticMeshActor_UAID_D85ED33287E9DDE702_1934062346 Label:SM_Cube13 SpatiallyLoaded:1 Bounds:IsValid=true, Min=(X=5030.000 Y=1640.000 Z=-770.000), Max=(X=5580.000 Y=2065.000 Z=-720.000) RuntimeGrid:None EditorOnly:0 RuntimeOnly:0 HLODRelevant:1 FolderPath:Playground FolderGuid:C73F09FC4215536B1DCE2A9E0A830C70
 |   |   |- Guid:6BAF4DDD444C60371492D3919DB42C97 BaseClass: NativeClass:/Script/Engine.WorldDataLayers Name:WorldDataLayers Label:WorldDataLayers SpatiallyLoaded:0 Bounds:IsValid=true, Min=(X=0.000 Y=0.000 Z=0.000), Max=(X=0.000 Y=0.000 Z=0.000) RuntimeGrid:None EditorOnly:0 RuntimeOnly:0 HLODRelevant:0
 |   |   |- Guid:6CDB07D84DB81779D644E7B8A1CCCB61 BaseClass: NativeClass:/Script/Engine.StaticMeshActor Name:StaticMeshActor_UAID_D85ED33287E927E802_1599861353 Label:SM_Rock_2 SpatiallyLoaded:1 Bounds:IsValid=true, Min=(X=-2770.572 Y=1491.818 Z=-8.466), Max=(X=-2049.703 Y=1928.182 Z=109.748) RuntimeGrid:None EditorOnly:0 RuntimeOnly:0 HLODRelevant:1
 |   |   |- Guid:7569EE0E4AFA4D6B992BD68DCE74E765 BaseClass:/Game/Blueprints/Interactables/BP_Portal.BP_Portal_C NativeClass:/Script/Engine.Actor Name:BP_Portal_C_UAID_D85ED33287E9DDE702_1681569345 Label:BP_Portal SpatiallyLoaded:1 Bounds:IsValid=true, Min=(X=6286.330 Y=1821.948 Z=-556.275), Max=(X=6338.330 Y=1877.948 Z=-504.275) RuntimeGrid:None EditorOnly:0 RuntimeOnly:0 HLODRelevant:0
 |   |   |- Guid:9F3AE40C46EEB915BCC2B695DEC94D64 BaseClass: NativeClass:/Script/Engine.StaticMeshActor Name:StaticMeshActor_UAID_D85ED33287E927E802_1393119351 Label:SM_Rock_01 SpatiallyLoaded:1 Bounds:IsValid=true, Min=(X=-4047.551 Y=1788.181 Z=-79.071), Max=(X=-3532.645 Y=2151.819 Z=47.588) RuntimeGrid:None EditorOnly:0 RuntimeOnly:0 HLODRelevant:1
 |   |   |- Guid:A05632B041AE5CAA758DA6B1A8C00B06 BaseClass:/Game/Blueprints/Pickups/BP_Relic_Level01.BP_Relic_Level01_C NativeClass:/Script/Engine.Actor Name:BP_Relic_Level01_C_UAID_D85ED33287E9E4E702_1758718583 Label:BP_Relic_Level5 SpatiallyLoaded:1 Bounds:IsValid=true, Min=(X=5318.000 Y=1838.000 Z=-722.000), Max=(X=5382.000 Y=1902.000 Z=-658.000) RuntimeGrid:None EditorOnly:0 RuntimeOnly:0 HLODRelevant:0
 |   |   |- Guid:B18361A847630AD25F955EBA7171DCEC BaseClass:/Game/Blueprints/Pickups/BP_Relic_Level01.BP_Relic_Level01_C NativeClass:/Script/Engine.Actor Name:BP_Relic_Level01_C_UAID_D85ED33287E9E4E702_1740112581 Label:BP_Relic_Level3 SpatiallyLoaded:1 Bounds:IsValid=true, Min=(X=338.000 Y=2498.000 Z=-322.000), Max=(X=402.000 Y=2562.000 Z=-258.000) RuntimeGrid:None EditorOnly:0 RuntimeOnly:0 HLODRelevant:0
 |   |   |- Guid:B34FE8434BD1A097325765BBB093F0D5 BaseClass:/Game/Blueprints/Pickups/BP_Relic_Level01.BP_Relic_Level01_C NativeClass:/Script/Engine.Actor Name:BP_Relic_Level01_C_UAID_D85ED33287E9E4E702_1717610579 Label:BP_Relic_Level01 SpatiallyLoaded:1 Bounds:IsValid=true, Min=(X=-2912.000 Y=2308.000 Z=-112.000), Max=(X=-2848.000 Y=2372.000 Z=-48.000) RuntimeGrid:None EditorOnly:0 RuntimeOnly:0 HLODRelevant:0
 |   |   |- Guid:B785ED2844B84CFB91E7F39FE661CD99 BaseClass: NativeClass:/Script/Engine.DirectionalLight Name:DirectionalLight_0 Label:DirectionalLight SpatiallyLoaded:0 Bounds:IsValid=true, Min=(X=-4398046511104.000 Y=-4398046511104.000 Z=-4398046511104.000), Max=(X=4398046511104.000 Y=4398046511104.000 Z=4398046511104.000) RuntimeGrid:None EditorOnly:0 RuntimeOnly:0 HLODRelevant:0 FolderPath:Lighting FolderGuid:963EC3EB4002CCE9759E2EBA541A873A
 |   |   |- Guid:BE196E2D4F59F9BAE320DC9E4DA12A74 BaseClass: NativeClass:/Script/Engine.StaticMeshActor Name:StaticMeshActor_UAID_D85ED33287E927E802_1710925356 Label:SM_Rock_7 SpatiallyLoaded:1 Bounds:IsValid=true, Min=(X=-2113.636 Y=1433.591 Z=128.587), Max=(X=-1378.084 Y=1986.271 Z=223.379) RuntimeGrid:None EditorOnly:0 RuntimeOnly:0 HLODRelevant:1
 |   |   |- Guid:C54B348C4848FB6ED23CF3A15B43C5E2 BaseClass: NativeClass:/Script/Engine.StaticMeshActor Name:StaticMeshActor_UAID_D85ED33287E9D9E702_1999805637 Label:SM_Cube9 SpatiallyLoaded:1 Bounds:IsValid=true, Min=(X=2390.000 Y=1010.000 Z=-720.000), Max=(X=2940.000 Y=1485.000 Z=-670.000) RuntimeGrid:None EditorOnly:0 RuntimeOnly:0 HLODRelevant:1 FolderPath:Playground FolderGuid:C73F09FC4215536B1DCE2A9E0A830C70
 |   |   |- Guid:C575256B4737A27B409B91AC3242BB79 BaseClass: NativeClass:/Script/Engine.StaticMeshActor Name:StaticMeshActor_UAID_D85ED33287E9D9E702_1986196635 Label:SM_Cube7 SpatiallyLoaded:1 Bounds:IsValid=true, Min=(X=60.000 Y=2330.000 Z=-370.000), Max=(X=585.000 Y=2680.000 Z=-320.000) RuntimeGrid:None EditorOnly:0 RuntimeOnly:0 HLODRelevant:1 FolderPath:Playground FolderGuid:C73F09FC4215536B1DCE2A9E0A830C70
 |   |   |- Guid:CCFF262C46EEFFDF319E7F9539CE697E BaseClass: NativeClass:/Script/Engine.SkyAtmosphere Name:SkyAtmosphere_0 Label:SkyAtmosphere SpatiallyLoaded:0 Bounds:IsValid=true, Min=(X=0.000 Y=0.000 Z=1020.000), Max=(X=0.000 Y=0.000 Z=1020.000) RuntimeGrid:None EditorOnly:0 RuntimeOnly:0 HLODRelevant:0 FolderPath:Lighting FolderGuid:963EC3EB4002CCE9759E2EBA541A873A
 |   |   |- Guid:D27E90EB4B89DEC3FC448DB1224A3E4B BaseClass: NativeClass:/Script/Engine.StaticMeshActor Name:StaticMeshActor_UAID_D85ED33287E927E802_1522019352 Label:SM_Rock_05 SpatiallyLoaded:1 Bounds:IsValid=true, Min=(X=-3203.636 Y=2043.591 Z=-241.413), Max=(X=-2468.084 Y=2596.271 Z=-146.621) RuntimeGrid:None EditorOnly:0 RuntimeOnly:0 HLODRelevant:1
 |   |   |- Guid:D9342970425E64099C1A559861A23021 BaseClass:/Game/Blueprints/Pickups/BP_Relic_Level01.BP_Relic_Level01_C NativeClass:/Script/Engine.Actor Name:BP_Relic_Level01_C_UAID_D85ED33287E9E4E702_1748301582 Label:BP_Relic_Level4 SpatiallyLoaded:1 Bounds:IsValid=true, Min=(X=3838.000 Y=888.000 Z=-732.000), Max=(X=3902.000 Y=952.000 Z=-668.000) RuntimeGrid:None EditorOnly:0 RuntimeOnly:0 HLODRelevant:0
 |   |   |- Guid:EC4E0C944CE6AC6E784BC6BB2916EA13 BaseClass: NativeClass:/Script/Engine.StaticMeshActor Name:StaticMeshActor_UAID_A4AE111137DC5EFB00_1110535423 Label:SM_SkySphere SpatiallyLoaded:0 Bounds:IsValid=true, Min=(X=-16103.600 Y=-14715.600 Z=-18578.600), Max=(X=16103.600 Y=14715.600 Z=13900.600) RuntimeGrid:None EditorOnly:0 RuntimeOnly:0 HLODRelevant:1 FolderPath:Lighting FolderGuid:963EC3EB4002CCE9759E2EBA541A873A
 |   |   |- Guid:F4E8F5634AFA9CDA9926BE82E704B8D1 BaseClass: NativeClass:/Script/Engine.StaticMeshActor Name:StaticMeshActor_UAID_D85ED33287E9D9E702_2006711638 Label:SM_Cube10 SpatiallyLoaded:1 Bounds:IsValid=true, Min=(X=3610.000 Y=720.000 Z=-750.000), Max=(X=4110.000 Y=1145.000 Z=-700.000) RuntimeGrid:None EditorOnly:0 RuntimeOnly:0 HLODRelevant:1 FolderPath:Playground FolderGuid:C73F09FC4215536B1DCE2A9E0A830C70
 |   |   |- Guid:F5E3FEB3450C49844FD93DA8E083C8AD BaseClass: NativeClass:/Script/Engine.PostProcessVolume Name:PostProcessVolume_0 Label:PostProcessVolume SpatiallyLoaded:0 Bounds:IsValid=true, Min=(X=0.000 Y=0.000 Z=400.000), Max=(X=200.000 Y=200.000 Z=600.000) RuntimeGrid:None EditorOnly:0 RuntimeOnly:0 HLODRelevant:0 FolderPath:Lighting FolderGuid:963EC3EB4002CCE9759E2EBA541A873A
 |   |   |- Guid:F6997A804495EA521C9DEE96371D8C91 BaseClass: NativeClass:/Script/Engine.StaticMeshActor Name:StaticMeshActor_UAID_D85ED33287E9D9E702_1992514636 Label:SM_Cube8 SpatiallyLoaded:1 Bounds:IsValid=true, Min=(X=1220.000 Y=1840.000 Z=-370.000), Max=(X=1695.000 Y=2140.000 Z=-320.000) RuntimeGrid:None EditorOnly:0 RuntimeOnly:0 HLODRelevant:1 FolderPath:Playground FolderGuid:C73F09FC4215536B1DCE2A9E0A830C70
 |   |- [+] Clusters:
 |   |   |- [+] [  0]
 |   |   |   |- Guid:7569EE0E4AFA4D6B992BD68DCE74E765 BaseClass:/Game/Blueprints/Interactables/BP_Portal.BP_Portal_C NativeClass:/Script/Engine.Actor Name:BP_Portal_C_UAID_D85ED33287E9DDE702_1681569345 Label:BP_Portal SpatiallyLoaded:1 Bounds:IsValid=true, Min=(X=6286.330 Y=1821.948 Z=-556.275), Max=(X=6338.330 Y=1877.948 Z=-504.275) RuntimeGrid:None EditorOnly:0 RuntimeOnly:0 HLODRelevant:0
 |   |   |- [+] [  1]
 |   |   |   |- Guid:6BAF4DDD444C60371492D3919DB42C97 BaseClass: NativeClass:/Script/Engine.WorldDataLayers Name:WorldDataLayers Label:WorldDataLayers SpatiallyLoaded:0 Bounds:IsValid=true, Min=(X=0.000 Y=0.000 Z=0.000), Max=(X=0.000 Y=0.000 Z=0.000) RuntimeGrid:None EditorOnly:0 RuntimeOnly:0 HLODRelevant:0
 |   |   |- [+] [  2]
 |   |   |   |- Guid:F5E3FEB3450C49844FD93DA8E083C8AD BaseClass: NativeClass:/Script/Engine.PostProcessVolume Name:PostProcessVolume_0 Label:PostProcessVolume SpatiallyLoaded:0 Bounds:IsValid=true, Min=(X=0.000 Y=0.000 Z=400.000), Max=(X=200.000 Y=200.000 Z=600.000) RuntimeGrid:None EditorOnly:0 RuntimeOnly:0 HLODRelevant:0 FolderPath:Lighting FolderGuid:963EC3EB4002CCE9759E2EBA541A873A
 |   |   |- [+] [  3]
 |   |   |   |- Guid:210CC0234B3CF280C3BDF2B8128218B1 BaseClass:/Game/Blueprints/Hazards/BP_KillZone.BP_KillZone_C NativeClass:/Script/Engine.Actor Name:BP_KillZone_C_UAID_D85ED33287E9D9E702_1306885628 Label:BP_KillZone SpatiallyLoaded:1 Bounds:IsValid=true, Min=(X=-4318.980 Y=-404.000 Z=-816.400), Max=(X=8158.980 Y=4284.000 Z=-803.600) RuntimeGrid:None EditorOnly:0 RuntimeOnly:0 HLODRelevant:0
 |   |   |- [+] [  4]
 |   |   |   |- Guid:F6997A804495EA521C9DEE96371D8C91 BaseClass: NativeClass:/Script/Engine.StaticMeshActor Name:StaticMeshActor_UAID_D85ED33287E9D9E702_1992514636 Label:SM_Cube8 SpatiallyLoaded:1 Bounds:IsValid=true, Min=(X=1220.000 Y=1840.000 Z=-370.000), Max=(X=1695.000 Y=2140.000 Z=-320.000) RuntimeGrid:None EditorOnly:0 RuntimeOnly:0 HLODRelevant:1 FolderPath:Playground FolderGuid:C73F09FC4215536B1DCE2A9E0A830C70
 |   |   |- [+] [  5]
 |   |   |   |- Guid:B18361A847630AD25F955EBA7171DCEC BaseClass:/Game/Blueprints/Pickups/BP_Relic_Level01.BP_Relic_Level01_C NativeClass:/Script/Engine.Actor Name:BP_Relic_Level01_C_UAID_D85ED33287E9E4E702_1740112581 Label:BP_Relic_Level3 SpatiallyLoaded:1 Bounds:IsValid=true, Min=(X=338.000 Y=2498.000 Z=-322.000), Max=(X=402.000 Y=2562.000 Z=-258.000) RuntimeGrid:None EditorOnly:0 RuntimeOnly:0 HLODRelevant:0
 |   |   |- [+] [  6]
 |   |   |   |- Guid:559C75D74120F833FC95F9A258459A52 BaseClass: NativeClass:/Script/Engine.StaticMeshActor Name:StaticMeshActor_UAID_D85ED33287E9DAE702_1334298816 Label:SM_Cube12 SpatiallyLoaded:1 Bounds:IsValid=true, Min=(X=4050.000 Y=1260.000 Z=-770.000), Max=(X=4600.000 Y=1685.000 Z=-720.000) RuntimeGrid:None EditorOnly:0 RuntimeOnly:0 HLODRelevant:1 FolderPath:Playground FolderGuid:C73F09FC4215536B1DCE2A9E0A830C70
 |   |   |- [+] [  7]
 |   |   |   |- Guid:CCFF262C46EEFFDF319E7F9539CE697E BaseClass: NativeClass:/Script/Engine.SkyAtmosphere Name:SkyAtmosphere_0 Label:SkyAtmosphere SpatiallyLoaded:0 Bounds:IsValid=true, Min=(X=0.000 Y=0.000 Z=1020.000), Max=(X=0.000 Y=0.000 Z=1020.000) RuntimeGrid:None EditorOnly:0 RuntimeOnly:0 HLODRelevant:0 FolderPath:Lighting FolderGuid:963EC3EB4002CCE9759E2EBA541A873A
 |   |   |- [+] [  8]
 |   |   |   |- Guid:EC4E0C944CE6AC6E784BC6BB2916EA13 BaseClass: NativeClass:/Script/Engine.StaticMeshActor Name:StaticMeshActor_UAID_A4AE111137DC5EFB00_1110535423 Label:SM_SkySphere SpatiallyLoaded:0 Bounds:IsValid=true, Min=(X=-16103.600 Y=-14715.600 Z=-18578.600), Max=(X=16103.600 Y=14715.600 Z=13900.600) RuntimeGrid:None EditorOnly:0 RuntimeOnly:0 HLODRelevant:1 FolderPath:Lighting FolderGuid:963EC3EB4002CCE9759E2EBA541A873A
 |   |   |- [+] [  9]
 |   |   |   |- Guid:B785ED2844B84CFB91E7F39FE661CD99 BaseClass: NativeClass:/Script/Engine.DirectionalLight Name:DirectionalLight_0 Label:DirectionalLight SpatiallyLoaded:0 Bounds:IsValid=true, Min=(X=-4398046511104.000 Y=-4398046511104.000 Z=-4398046511104.000), Max=(X=4398046511104.000 Y=4398046511104.000 Z=4398046511104.000) RuntimeGrid:None EditorOnly:0 RuntimeOnly:0 HLODRelevant:0 FolderPath:Lighting FolderGuid:963EC3EB4002CCE9759E2EBA541A873A
 |   |   |- [+] [ 10]
 |   |   |   |- Guid:53279DE448ECF8EAA5FC0583D7AD609C BaseClass:/Game/Blueprints/Pickups/BP_Relic_Level01.BP_Relic_Level01_C NativeClass:/Script/Engine.Actor Name:BP_Relic_Level01_C_UAID_D85ED33287E9E4E702_1726892580 Label:BP_Relic_Level2 SpatiallyLoaded:1 Bounds:IsValid=true, Min=(X=-1772.000 Y=1688.000 Z=238.000), Max=(X=-1708.000 Y=1752.000 Z=302.000) RuntimeGrid:None EditorOnly:0 RuntimeOnly:0 HLODRelevant:0
 |   |   |- [+] [ 11]
 |   |   |   |- Guid:D9342970425E64099C1A559861A23021 BaseClass:/Game/Blueprints/Pickups/BP_Relic_Level01.BP_Relic_Level01_C NativeClass:/Script/Engine.Actor Name:BP_Relic_Level01_C_UAID_D85ED33287E9E4E702_1748301582 Label:BP_Relic_Level4 SpatiallyLoaded:1 Bounds:IsValid=true, Min=(X=3838.000 Y=888.000 Z=-732.000), Max=(X=3902.000 Y=952.000 Z=-668.000) RuntimeGrid:None EditorOnly:0 RuntimeOnly:0 HLODRelevant:0
 |   |   |- [+] [ 12]
 |   |   |   |- Guid:F4E8F5634AFA9CDA9926BE82E704B8D1 BaseClass: NativeClass:/Script/Engine.StaticMeshActor Name:StaticMeshActor_UAID_D85ED33287E9D9E702_2006711638 Label:SM_Cube10 SpatiallyLoaded:1 Bounds:IsValid=true, Min=(X=3610.000 Y=720.000 Z=-750.000), Max=(X=4110.000 Y=1145.000 Z=-700.000) RuntimeGrid:None EditorOnly:0 RuntimeOnly:0 HLODRelevant:1 FolderPath:Playground FolderGuid:C73F09FC4215536B1DCE2A9E0A830C70
 |   |   |- [+] [ 13]
 |   |   |   |- Guid:B34FE8434BD1A097325765BBB093F0D5 BaseClass:/Game/Blueprints/Pickups/BP_Relic_Level01.BP_Relic_Level01_C NativeClass:/Script/Engine.Actor Name:BP_Relic_Level01_C_UAID_D85ED33287E9E4E702_1717610579 Label:BP_Relic_Level01 SpatiallyLoaded:1 Bounds:IsValid=true, Min=(X=-2912.000 Y=2308.000 Z=-112.000), Max=(X=-2848.000 Y=2372.000 Z=-48.000) RuntimeGrid:None EditorOnly:0 RuntimeOnly:0 HLODRelevant:0
 |   |   |- [+] [ 14]
 |   |   |   |- Guid:2FB58999456391D349DC0F86DAC136ED BaseClass: NativeClass:/Script/Engine.SkyLight Name:SkyLight_1 Label:SkyLight SpatiallyLoaded:0 Bounds:IsValid=true, Min=(X=0.000 Y=0.000 Z=690.000), Max=(X=0.000 Y=0.000 Z=690.000) RuntimeGrid:None EditorOnly:0 RuntimeOnly:0 HLODRelevant:0 FolderPath:Lighting FolderGuid:963EC3EB4002CCE9759E2EBA541A873A
 |   |   |- [+] [ 15]
 |   |   |   |- Guid:403E04E14D6073B7768EC2A2758A08B2 BaseClass: NativeClass:/Script/Engine.StaticMeshActor Name:StaticMeshActor_UAID_D85ED33287E9D9E702_2013822639 Label:SM_Cube11 SpatiallyLoaded:1 Bounds:IsValid=true, Min=(X=5940.000 Y=1710.000 Z=-630.000), Max=(X=6415.000 Y=2010.000 Z=-580.000) RuntimeGrid:None EditorOnly:0 RuntimeOnly:0 HLODRelevant:1 FolderPath:Playground FolderGuid:C73F09FC4215536B1DCE2A9E0A830C70
 |   |   |- [+] [ 16]
 |   |   |   |- Guid:C575256B4737A27B409B91AC3242BB79 BaseClass: NativeClass:/Script/Engine.StaticMeshActor Name:StaticMeshActor_UAID_D85ED33287E9D9E702_1986196635 Label:SM_Cube7 SpatiallyLoaded:1 Bounds:IsValid=true, Min=(X=60.000 Y=2330.000 Z=-370.000), Max=(X=585.000 Y=2680.000 Z=-320.000) RuntimeGrid:None EditorOnly:0 RuntimeOnly:0 HLODRelevant:1 FolderPath:Playground FolderGuid:C73F09FC4215536B1DCE2A9E0A830C70
 |   |   |- [+] [ 17]
 |   |   |   |- Guid:3A00AA1C422CE54C0BDB60BAF471BFBB BaseClass: NativeClass:/Script/Engine.PlayerStart Name:PlayerStart_0 Label:PlayerStart SpatiallyLoaded:0 Bounds:IsValid=true, Min=(X=-3970.000 Y=1910.000 Z=0.013), Max=(X=-3890.000 Y=1990.000 Z=184.013) RuntimeGrid:None EditorOnly:0 RuntimeOnly:0 HLODRelevant:0
 |   |   |- [+] [ 18]
 |   |   |   |- Guid:C54B348C4848FB6ED23CF3A15B43C5E2 BaseClass: NativeClass:/Script/Engine.StaticMeshActor Name:StaticMeshActor_UAID_D85ED33287E9D9E702_1999805637 Label:SM_Cube9 SpatiallyLoaded:1 Bounds:IsValid=true, Min=(X=2390.000 Y=1010.000 Z=-720.000), Max=(X=2940.000 Y=1485.000 Z=-670.000) RuntimeGrid:None EditorOnly:0 RuntimeOnly:0 HLODRelevant:1 FolderPath:Playground FolderGuid:C73F09FC4215536B1DCE2A9E0A830C70
 |   |   |- [+] [ 19]
 |   |   |   |- Guid:A05632B041AE5CAA758DA6B1A8C00B06 BaseClass:/Game/Blueprints/Pickups/BP_Relic_Level01.BP_Relic_Level01_C NativeClass:/Script/Engine.Actor Name:BP_Relic_Level01_C_UAID_D85ED33287E9E4E702_1758718583 Label:BP_Relic_Level5 SpatiallyLoaded:1 Bounds:IsValid=true, Min=(X=5318.000 Y=1838.000 Z=-722.000), Max=(X=5382.000 Y=1902.000 Z=-658.000) RuntimeGrid:None EditorOnly:0 RuntimeOnly:0 HLODRelevant:0
 |   |   |- [+] [ 20]
 |   |   |   |- Guid:664F4E144CCDCB5DBB1AB4A3E01464FE BaseClass: NativeClass:/Script/Engine.StaticMeshActor Name:StaticMeshActor_UAID_D85ED33287E9DDE702_1934062346 Label:SM_Cube13 SpatiallyLoaded:1 Bounds:IsValid=true, Min=(X=5030.000 Y=1640.000 Z=-770.000), Max=(X=5580.000 Y=2065.000 Z=-720.000) RuntimeGrid:None EditorOnly:0 RuntimeOnly:0 HLODRelevant:1 FolderPath:Playground FolderGuid:C73F09FC4215536B1DCE2A9E0A830C70
 |   |   |- [+] [ 21]
 |   |   |   |- Guid:9F3AE40C46EEB915BCC2B695DEC94D64 BaseClass: NativeClass:/Script/Engine.StaticMeshActor Name:StaticMeshActor_UAID_D85ED33287E927E802_1393119351 Label:SM_Rock_01 SpatiallyLoaded:1 Bounds:IsValid=true, Min=(X=-4047.551 Y=1788.181 Z=-79.071), Max=(X=-3532.645 Y=2151.819 Z=47.588) RuntimeGrid:None EditorOnly:0 RuntimeOnly:0 HLODRelevant:1
 |   |   |- [+] [ 22]
 |   |   |   |- Guid:D27E90EB4B89DEC3FC448DB1224A3E4B BaseClass: NativeClass:/Script/Engine.StaticMeshActor Name:StaticMeshActor_UAID_D85ED33287E927E802_1522019352 Label:SM_Rock_05 SpatiallyLoaded:1 Bounds:IsValid=true, Min=(X=-3203.636 Y=2043.591 Z=-241.413), Max=(X=-2468.084 Y=2596.271 Z=-146.621) RuntimeGrid:None EditorOnly:0 RuntimeOnly:0 HLODRelevant:1
 |   |   |- [+] [ 23]
 |   |   |   |- Guid:6CDB07D84DB81779D644E7B8A1CCCB61 BaseClass: NativeClass:/Script/Engine.StaticMeshActor Name:StaticMeshActor_UAID_D85ED33287E927E802_1599861353 Label:SM_Rock_2 SpatiallyLoaded:1 Bounds:IsValid=true, Min=(X=-2770.572 Y=1491.818 Z=-8.466), Max=(X=-2049.703 Y=1928.182 Z=109.748) RuntimeGrid:None EditorOnly:0 RuntimeOnly:0 HLODRelevant:1
 |   |   |- [+] [ 24]
 |   |   |   |- Guid:4AAA4E884B97FDA6F9BC12B33D692C0C BaseClass: NativeClass:/Script/Engine.StaticMeshActor Name:StaticMeshActor_UAID_D85ED33287E927E802_1640310354 Label:SM_Rock_04 SpatiallyLoaded:1 Bounds:IsValid=true, Min=(X=-949.457 Y=2639.296 Z=-374.219), Max=(X=-33.957 Y=3132.708 Z=-329.760) RuntimeGrid:None EditorOnly:0 RuntimeOnly:0 HLODRelevant:1
 |   |   |- [+] [ 25]
 |   |   |   |- Guid:5E413B444C90764BAD2EF49DA99B5BD0 BaseClass: NativeClass:/Script/Engine.StaticMeshActor Name:StaticMeshActor_UAID_D85ED33287E927E802_1683303355 Label:SM_Rock_6 SpatiallyLoaded:1 Bounds:IsValid=true, Min=(X=-1523.636 Y=2003.591 Z=-291.413), Max=(X=-788.084 Y=2556.271 Z=-196.621) RuntimeGrid:None EditorOnly:0 RuntimeOnly:0 HLODRelevant:1
 |   |   |- [+] [ 26]
 |   |   |   |- Guid:BE196E2D4F59F9BAE320DC9E4DA12A74 BaseClass: NativeClass:/Script/Engine.StaticMeshActor Name:StaticMeshActor_UAID_D85ED33287E927E802_1710925356 Label:SM_Rock_7 SpatiallyLoaded:1 Bounds:IsValid=true, Min=(X=-2113.636 Y=1433.591 Z=128.587), Max=(X=-1378.084 Y=1986.271 Z=223.379) RuntimeGrid:None EditorOnly:0 RuntimeOnly:0 HLODRelevant:1
 |- ContainerInstances:
 |- [+] MainContainer:
 |   |-        ID: 0x0000000000000000
 |   |-    Bounds: IsValid=false, Min=(X=0.000 Y=0.000 Z=0.000), Max=(X=0.000 Y=0.000 Z=0.000)
 |   |- Transform: 0.000000,0.000000,0.000000|0.000000,0.000000,-0.000000|1.000000,1.000000,1.000000
 |   |- Container: /Game/ThirdPerson/Maps/ThirdPersonMap
----------------------------------------------------------------------------------------------------------------
ThirdPersonMap - Persistent Level
----------------------------------------------------------------------------------------------------------------
Always loaded Actor Count: 43 

----------------------------------------------------------------------------------------------------------------
ThirdPersonMap - Runtime Spatial Hash - Streaming Grid - MainGrid
----------------------------------------------------------------------------------------------------------------
            Origin: X=0.000 Y=0.000 Z=0.000
         Cell Size: 12800
      World Bounds: IsValid=false, Min=(X=0.000 Y=0.000 Z=0.000), Max=(X=0.000 Y=0.000 Z=0.000)
     Loading Range: 25600.00
Block Slow Loading: No
 ClientOnlyVisible: No

[+] Grid Levels: 1
 |- Level  0: Cell Count    0 | Cell Size   12800 | Actor Count    0 (0.0%)

[+] Content of Grid Level 0

