[+] Containers:
 |- [+] Container: /Game/ThirdPerson/Maps/ThirdPersonMap
 |   |- [+] ActorDescs:
 |   |   |- Guid:093C0DC147E1C227CDF731B43102A5A8 BaseClass:/Game/Blueprints/Pickups/BP_Relic.BP_Relic_C NativeClass:/Script/Engine.Actor Name:BP_Relic_C_UAID_D85ED33287E9D4E702_2086241743 Label:BP_Relic SpatiallyLoaded:1 Bounds:IsValid=true, Min=(X=-3082.000 Y=2248.000 Z=-132.000), Max=(X=-3018.000 Y=2312.000 Z=-68.000) RuntimeGrid:None EditorOnly:0 RuntimeOnly:0 HLODRelevant:0
 |   |   |- Guid:14963FC848D8FC7E3566F385FB6B0EBB BaseClass: NativeClass:/Script/Engine.StaticMeshActor Name:StaticMeshActor_UAID_D85ED33287E9D9E702_1977456634 Label:SM_Cube6 SpatiallyLoaded:1 Bounds:IsValid=true, Min=(X=-800.000 Y=2730.000 Z=-420.000), Max=(X=-325.000 Y=3030.000 Z=-370.000) RuntimeGrid:None EditorOnly:0 RuntimeOnly:0 HLODRelevant:1 FolderPath:Playground FolderGuid:C73F09FC4215536B1DCE2A9E0A830C70
 |   |   |- Guid:210CC0234B3CF280C3BDF2B8128218B1 BaseClass:/Game/Blueprints/Hazards/BP_KillZone.BP_KillZone_C NativeClass:/Script/Engine.Actor Name:BP_KillZone_C_UAID_D85ED33287E9D9E702_1306885628 Label:BP_KillZone SpatiallyLoaded:1 Bounds:IsValid=true, Min=(X=-3776.460 Y=-404.000 Z=-816.400), Max=(X=7616.460 Y=4284.000 Z=-803.600) RuntimeGrid:None EditorOnly:0 RuntimeOnly:0 HLODRelevant:0
 |   |   |- Guid:26DEC06240D9C3AC3522F088E2122EAE BaseClass: NativeClass:/Script/Engine.StaticMeshActor Name:StaticMeshActor_UAID_D85ED33287E9D9E702_1903742630 Label:SM_Cube3 SpatiallyLoaded:1 Bounds:IsValid=true, Min=(X=-2800.000 Y=1600.000 Z=180.000), Max=(X=-2325.000 Y=1900.000 Z=230.000) RuntimeGrid:None EditorOnly:0 RuntimeOnly:0 HLODRelevant:1 FolderPath:Playground FolderGuid:C73F09FC4215536B1DCE2A9E0A830C70
 |   |   |- Guid:2D296D124F92C81D86E074920A140247 BaseClass: NativeClass:/Script/Engine.StaticMeshActor Name:StaticMeshActor_UAID_D85ED33287E9D9E702_1882513629 Label:SM_Cube2 SpatiallyLoaded:1 Bounds:IsValid=true, Min=(X=-3300.000 Y=2130.000 Z=-170.000), Max=(X=-2825.000 Y=2430.000 Z=-120.000) RuntimeGrid:None EditorOnly:0 RuntimeOnly:0 HLODRelevant:1 FolderPath:Playground FolderGuid:C73F09FC4215536B1DCE2A9E0A830C70
 |   |   |- Guid:2FB58999456391D349DC0F86DAC136ED BaseClass: NativeClass:/Script/Engine.SkyLight Name:SkyLight_1 Label:SkyLight SpatiallyLoaded:0 Bounds:IsValid=true, Min=(X=0.000 Y=0.000 Z=690.000), Max=(X=0.000 Y=0.000 Z=690.000) RuntimeGrid:None EditorOnly:0 RuntimeOnly:0 HLODRelevant:0 FolderPath:Lighting FolderGuid:963EC3EB4002CCE9759E2EBA541A873A
 |   |   |- Guid:316CF2A6494ACA4C0E4180A87D36AB8F BaseClass: NativeClass:/Script/Engine.ExponentialHeightFog Name:ExponentialHeightFog_0 Label:ExponentialHeightFog SpatiallyLoaded:0 Bounds:IsValid=true, Min=(X=-5600.000 Y=-50.000 Z=-6850.000), Max=(X=-5600.000 Y=-50.000 Z=-6850.000) RuntimeGrid:None EditorOnly:0 RuntimeOnly:0 HLODRelevant:0 FolderPath:Lighting FolderGuid:963EC3EB4002CCE9759E2EBA541A873A
 |   |   |- Guid:3A00AA1C422CE54C0BDB60BAF471BFBB BaseClass: NativeClass:/Script/Engine.PlayerStart Name:PlayerStart_0 Label:PlayerStart SpatiallyLoaded:0 Bounds:IsValid=true, Min=(X=-3970.000 Y=1910.000 Z=0.013), Max=(X=-3890.000 Y=1990.000 Z=184.013) RuntimeGrid:None EditorOnly:0 RuntimeOnly:0 HLODRelevant:0
 |   |   |- Guid:3C1EEBE040EBE82103164FB12DA82BDD BaseClass: NativeClass:/Script/Engine.StaticMeshActor Name:StaticMeshActor_UAID_D85ED33287E9D9E702_1938251632 Label:SM_Cube4 SpatiallyLoaded:1 Bounds:IsValid=true, Min=(X=-2010.000 Y=1570.000 Z=180.000), Max=(X=-1610.000 Y=1920.000 Z=230.000) RuntimeGrid:None EditorOnly:0 RuntimeOnly:0 HLODRelevant:1 FolderPath:Playground FolderGuid:C73F09FC4215536B1DCE2A9E0A830C70
 |   |   |- Guid:403E04E14D6073B7768EC2A2758A08B2 BaseClass: NativeClass:/Script/Engine.StaticMeshActor Name:StaticMeshActor_UAID_D85ED33287E9D9E702_2013822639 Label:SM_Cube11 SpatiallyLoaded:1 Bounds:IsValid=true, Min=(X=5940.000 Y=1710.000 Z=-630.000), Max=(X=6415.000 Y=2010.000 Z=-580.000) RuntimeGrid:None EditorOnly:0 RuntimeOnly:0 HLODRelevant:1 FolderPath:Playground FolderGuid:C73F09FC4215536B1DCE2A9E0A830C70
 |   |   |- Guid:4D3BE93F4146AAAC8BBE79999D96D57F BaseClass: NativeClass:/Script/Engine.VolumetricCloud Name:VolumetricCloud_0 Label:VolumetricCloud SpatiallyLoaded:0 Bounds:IsValid=true, Min=(X=0.000 Y=0.000 Z=820.000), Max=(X=0.000 Y=0.000 Z=820.000) RuntimeGrid:None EditorOnly:0 RuntimeOnly:0 HLODRelevant:0 FolderPath:Lighting FolderGuid:963EC3EB4002CCE9759E2EBA541A873A
 |   |   |- Guid:559C75D74120F833FC95F9A258459A52 BaseClass: NativeClass:/Script/Engine.StaticMeshActor Name:StaticMeshActor_UAID_D85ED33287E9DAE702_1334298816 Label:SM_Cube12 SpatiallyLoaded:1 Bounds:IsValid=true, Min=(X=4760.000 Y=1430.000 Z=-770.000), Max=(X=5235.000 Y=1730.000 Z=-720.000) RuntimeGrid:None EditorOnly:0 RuntimeOnly:0 HLODRelevant:1 FolderPath:Playground FolderGuid:C73F09FC4215536B1DCE2A9E0A830C70
 |   |   |- Guid:6BAF4DDD444C60371492D3919DB42C97 BaseClass: NativeClass:/Script/Engine.WorldDataLayers Name:WorldDataLayers Label:WorldDataLayers SpatiallyLoaded:0 Bounds:IsValid=true, Min=(X=0.000 Y=0.000 Z=0.000), Max=(X=0.000 Y=0.000 Z=0.000) RuntimeGrid:None EditorOnly:0 RuntimeOnly:0 HLODRelevant:0
 |   |   |- Guid:8680D69243D23925112A87AF05BB7968 BaseClass:/Game/Blueprints/Pickups/BP_Relic.BP_Relic_C NativeClass:/Script/Engine.Actor Name:BP_Relic_C_UAID_D85ED33287E9D5E702_1135653920 Label:BP_Relic2 SpatiallyLoaded:1 Bounds:IsValid=true, Min=(X=268.000 Y=2468.000 Z=-332.000), Max=(X=332.000 Y=2532.000 Z=-268.000) RuntimeGrid:None EditorOnly:0 RuntimeOnly:0 HLODRelevant:0
 |   |   |- Guid:9E4F4344478F631EF556FB860875DADD BaseClass:/Game/Blueprints/Pickups/BP_Relic.BP_Relic_C NativeClass:/Script/Engine.Actor Name:BP_Relic_C_UAID_D85ED33287E9D5E702_1141237922 Label:BP_Relic4 SpatiallyLoaded:1 Bounds:IsValid=true, Min=(X=4008.000 Y=658.000 Z=-652.000), Max=(X=4072.000 Y=722.000 Z=-588.000) RuntimeGrid:None EditorOnly:0 RuntimeOnly:0 HLODRelevant:0
 |   |   |- Guid:ABD19AA244AC928BD0105CA86EEC7E89 BaseClass:/Game/Blueprints/Pickups/BP_Relic.BP_Relic_C NativeClass:/Script/Engine.Actor Name:BP_Relic_C_UAID_D85ED33287E9D5E702_1144809923 Label:BP_Relic5 SpatiallyLoaded:1 Bounds:IsValid=true, Min=(X=1438.000 Y=1948.000 Z=-332.000), Max=(X=1502.000 Y=2012.000 Z=-268.000) RuntimeGrid:None EditorOnly:0 RuntimeOnly:0 HLODRelevant:0
 |   |   |- Guid:B785ED2844B84CFB91E7F39FE661CD99 BaseClass: NativeClass:/Script/Engine.DirectionalLight Name:DirectionalLight_0 Label:DirectionalLight SpatiallyLoaded:0 Bounds:IsValid=true, Min=(X=-4398046511104.000 Y=-4398046511104.000 Z=-4398046511104.000), Max=(X=4398046511104.000 Y=4398046511104.000 Z=4398046511104.000) RuntimeGrid:None EditorOnly:0 RuntimeOnly:0 HLODRelevant:0 FolderPath:Lighting FolderGuid:963EC3EB4002CCE9759E2EBA541A873A
 |   |   |- Guid:C54B348C4848FB6ED23CF3A15B43C5E2 BaseClass: NativeClass:/Script/Engine.StaticMeshActor Name:StaticMeshActor_UAID_D85ED33287E9D9E702_1999805637 Label:SM_Cube9 SpatiallyLoaded:1 Bounds:IsValid=true, Min=(X=2550.000 Y=990.000 Z=-750.000), Max=(X=3025.000 Y=1290.000 Z=-700.000) RuntimeGrid:None EditorOnly:0 RuntimeOnly:0 HLODRelevant:1 FolderPath:Playground FolderGuid:C73F09FC4215536B1DCE2A9E0A830C70
 |   |   |- Guid:C575256B4737A27B409B91AC3242BB79 BaseClass: NativeClass:/Script/Engine.StaticMeshActor Name:StaticMeshActor_UAID_D85ED33287E9D9E702_1986196635 Label:SM_Cube7 SpatiallyLoaded:1 Bounds:IsValid=true, Min=(X=110.000 Y=2360.000 Z=-370.000), Max=(X=585.000 Y=2660.000 Z=-320.000) RuntimeGrid:None EditorOnly:0 RuntimeOnly:0 HLODRelevant:1 FolderPath:Playground FolderGuid:C73F09FC4215536B1DCE2A9E0A830C70
 |   |   |- Guid:CCFF262C46EEFFDF319E7F9539CE697E BaseClass: NativeClass:/Script/Engine.SkyAtmosphere Name:SkyAtmosphere_0 Label:SkyAtmosphere SpatiallyLoaded:0 Bounds:IsValid=true, Min=(X=0.000 Y=0.000 Z=1020.000), Max=(X=0.000 Y=0.000 Z=1020.000) RuntimeGrid:None EditorOnly:0 RuntimeOnly:0 HLODRelevant:0 FolderPath:Lighting FolderGuid:963EC3EB4002CCE9759E2EBA541A873A
 |   |   |- Guid:E22BE1ED446B36DD3C88ACA31D43D827 BaseClass:/Game/Blueprints/Pickups/BP_Relic.BP_Relic_C NativeClass:/Script/Engine.Actor Name:BP_Relic_C_UAID_D85ED33287E9D5E702_1138685921 Label:BP_Relic3 SpatiallyLoaded:1 Bounds:IsValid=true, Min=(X=-1832.000 Y=1688.000 Z=208.000), Max=(X=-1768.000 Y=1752.000 Z=272.000) RuntimeGrid:None EditorOnly:0 RuntimeOnly:0 HLODRelevant:0
 |   |   |- Guid:E414A78741C894DBE2BD02B2F841CFE9 BaseClass: NativeClass:/Script/Engine.StaticMeshActor Name:StaticMeshActor_UAID_D85ED33287E9D9E702_1966686633 Label:SM_Cube5 SpatiallyLoaded:1 Bounds:IsValid=true, Min=(X=-1420.000 Y=2150.000 Z=-270.000), Max=(X=-945.000 Y=2450.000 Z=-220.000) RuntimeGrid:None EditorOnly:0 RuntimeOnly:0 HLODRelevant:1 FolderPath:Playground FolderGuid:C73F09FC4215536B1DCE2A9E0A830C70
 |   |   |- Guid:EC4E0C944CE6AC6E784BC6BB2916EA13 BaseClass: NativeClass:/Script/Engine.StaticMeshActor Name:StaticMeshActor_UAID_A4AE111137DC5EFB00_1110535423 Label:SM_SkySphere SpatiallyLoaded:0 Bounds:IsValid=true, Min=(X=-1638400.000 Y=-1638400.000 Z=-1638400.000), Max=(X=1638400.000 Y=1638400.000 Z=1638400.000) RuntimeGrid:None EditorOnly:0 RuntimeOnly:0 HLODRelevant:1 FolderPath:Lighting FolderGuid:963EC3EB4002CCE9759E2EBA541A873A
 |   |   |- Guid:F1924B8D48954B30891B2DB6A694F9CC BaseClass: NativeClass:/Script/Engine.StaticMeshActor Name:StaticMeshActor_1 Label:SM_Cube SpatiallyLoaded:1 Bounds:IsValid=true, Min=(X=-4090.000 Y=1800.000 Z=-50.000), Max=(X=-3615.000 Y=2100.000 Z=0.000) RuntimeGrid:None EditorOnly:0 RuntimeOnly:0 HLODRelevant:1 FolderPath:Playground FolderGuid:C73F09FC4215536B1DCE2A9E0A830C70
 |   |   |- Guid:F4E8F5634AFA9CDA9926BE82E704B8D1 BaseClass: NativeClass:/Script/Engine.StaticMeshActor Name:StaticMeshActor_UAID_D85ED33287E9D9E702_2006711638 Label:SM_Cube10 SpatiallyLoaded:1 Bounds:IsValid=true, Min=(X=3940.000 Y=540.000 Z=-750.000), Max=(X=4415.000 Y=840.000 Z=-700.000) RuntimeGrid:None EditorOnly:0 RuntimeOnly:0 HLODRelevant:1 FolderPath:Playground FolderGuid:C73F09FC4215536B1DCE2A9E0A830C70
 |   |   |- Guid:F5E3FEB3450C49844FD93DA8E083C8AD BaseClass: NativeClass:/Script/Engine.PostProcessVolume Name:PostProcessVolume_0 Label:PostProcessVolume SpatiallyLoaded:0 Bounds:IsValid=true, Min=(X=0.000 Y=0.000 Z=400.000), Max=(X=200.000 Y=200.000 Z=600.000) RuntimeGrid:None EditorOnly:0 RuntimeOnly:0 HLODRelevant:0 FolderPath:Lighting FolderGuid:963EC3EB4002CCE9759E2EBA541A873A
 |   |   |- Guid:F6997A804495EA521C9DEE96371D8C91 BaseClass: NativeClass:/Script/Engine.StaticMeshActor Name:StaticMeshActor_UAID_D85ED33287E9D9E702_1992514636 Label:SM_Cube8 SpatiallyLoaded:1 Bounds:IsValid=true, Min=(X=1220.000 Y=1840.000 Z=-370.000), Max=(X=1695.000 Y=2140.000 Z=-320.000) RuntimeGrid:None EditorOnly:0 RuntimeOnly:0 HLODRelevant:1 FolderPath:Playground FolderGuid:C73F09FC4215536B1DCE2A9E0A830C70
 |   |- [+] Clusters:
 |   |   |- [+] [  0]
 |   |   |   |- Guid:6BAF4DDD444C60371492D3919DB42C97 BaseClass: NativeClass:/Script/Engine.WorldDataLayers Name:WorldDataLayers Label:WorldDataLayers SpatiallyLoaded:0 Bounds:IsValid=true, Min=(X=0.000 Y=0.000 Z=0.000), Max=(X=0.000 Y=0.000 Z=0.000) RuntimeGrid:None EditorOnly:0 RuntimeOnly:0 HLODRelevant:0
 |   |   |- [+] [  1]
 |   |   |   |- Guid:F5E3FEB3450C49844FD93DA8E083C8AD BaseClass: NativeClass:/Script/Engine.PostProcessVolume Name:PostProcessVolume_0 Label:PostProcessVolume SpatiallyLoaded:0 Bounds:IsValid=true, Min=(X=0.000 Y=0.000 Z=400.000), Max=(X=200.000 Y=200.000 Z=600.000) RuntimeGrid:None EditorOnly:0 RuntimeOnly:0 HLODRelevant:0 FolderPath:Lighting FolderGuid:963EC3EB4002CCE9759E2EBA541A873A
 |   |   |- [+] [  2]
 |   |   |   |- Guid:4D3BE93F4146AAAC8BBE79999D96D57F BaseClass: NativeClass:/Script/Engine.VolumetricCloud Name:VolumetricCloud_0 Label:VolumetricCloud SpatiallyLoaded:0 Bounds:IsValid=true, Min=(X=0.000 Y=0.000 Z=820.000), Max=(X=0.000 Y=0.000 Z=820.000) RuntimeGrid:None EditorOnly:0 RuntimeOnly:0 HLODRelevant:0 FolderPath:Lighting FolderGuid:963EC3EB4002CCE9759E2EBA541A873A
 |   |   |- [+] [  3]
 |   |   |   |- Guid:CCFF262C46EEFFDF319E7F9539CE697E BaseClass: NativeClass:/Script/Engine.SkyAtmosphere Name:SkyAtmosphere_0 Label:SkyAtmosphere SpatiallyLoaded:0 Bounds:IsValid=true, Min=(X=0.000 Y=0.000 Z=1020.000), Max=(X=0.000 Y=0.000 Z=1020.000) RuntimeGrid:None EditorOnly:0 RuntimeOnly:0 HLODRelevant:0 FolderPath:Lighting FolderGuid:963EC3EB4002CCE9759E2EBA541A873A
 |   |   |- [+] [  4]
 |   |   |   |- Guid:EC4E0C944CE6AC6E784BC6BB2916EA13 BaseClass: NativeClass:/Script/Engine.StaticMeshActor Name:StaticMeshActor_UAID_A4AE111137DC5EFB00_1110535423 Label:SM_SkySphere SpatiallyLoaded:0 Bounds:IsValid=true, Min=(X=-1638400.000 Y=-1638400.000 Z=-1638400.000), Max=(X=1638400.000 Y=1638400.000 Z=1638400.000) RuntimeGrid:None EditorOnly:0 RuntimeOnly:0 HLODRelevant:1 FolderPath:Lighting FolderGuid:963EC3EB4002CCE9759E2EBA541A873A
 |   |   |- [+] [  5]
 |   |   |   |- Guid:B785ED2844B84CFB91E7F39FE661CD99 BaseClass: NativeClass:/Script/Engine.DirectionalLight Name:DirectionalLight_0 Label:DirectionalLight SpatiallyLoaded:0 Bounds:IsValid=true, Min=(X=-4398046511104.000 Y=-4398046511104.000 Z=-4398046511104.000), Max=(X=4398046511104.000 Y=4398046511104.000 Z=4398046511104.000) RuntimeGrid:None EditorOnly:0 RuntimeOnly:0 HLODRelevant:0 FolderPath:Lighting FolderGuid:963EC3EB4002CCE9759E2EBA541A873A
 |   |   |- [+] [  6]
 |   |   |   |- Guid:316CF2A6494ACA4C0E4180A87D36AB8F BaseClass: NativeClass:/Script/Engine.ExponentialHeightFog Name:ExponentialHeightFog_0 Label:ExponentialHeightFog SpatiallyLoaded:0 Bounds:IsValid=true, Min=(X=-5600.000 Y=-50.000 Z=-6850.000), Max=(X=-5600.000 Y=-50.000 Z=-6850.000) RuntimeGrid:None EditorOnly:0 RuntimeOnly:0 HLODRelevant:0 FolderPath:Lighting FolderGuid:963EC3EB4002CCE9759E2EBA541A873A
 |   |   |- [+] [  7]
 |   |   |   |- Guid:F1924B8D48954B30891B2DB6A694F9CC BaseClass: NativeClass:/Script/Engine.StaticMeshActor Name:StaticMeshActor_1 Label:SM_Cube SpatiallyLoaded:1 Bounds:IsValid=true, Min=(X=-4090.000 Y=1800.000 Z=-50.000), Max=(X=-3615.000 Y=2100.000 Z=0.000) RuntimeGrid:None EditorOnly:0 RuntimeOnly:0 HLODRelevant:1 FolderPath:Playground FolderGuid:C73F09FC4215536B1DCE2A9E0A830C70
 |   |   |- [+] [  8]
 |   |   |   |- Guid:2FB58999456391D349DC0F86DAC136ED BaseClass: NativeClass:/Script/Engine.SkyLight Name:SkyLight_1 Label:SkyLight SpatiallyLoaded:0 Bounds:IsValid=true, Min=(X=0.000 Y=0.000 Z=690.000), Max=(X=0.000 Y=0.000 Z=690.000) RuntimeGrid:None EditorOnly:0 RuntimeOnly:0 HLODRelevant:0 FolderPath:Lighting FolderGuid:963EC3EB4002CCE9759E2EBA541A873A
 |   |   |- [+] [  9]
 |   |   |   |- Guid:559C75D74120F833FC95F9A258459A52 BaseClass: NativeClass:/Script/Engine.StaticMeshActor Name:StaticMeshActor_UAID_D85ED33287E9DAE702_1334298816 Label:SM_Cube12 SpatiallyLoaded:1 Bounds:IsValid=true, Min=(X=4760.000 Y=1430.000 Z=-770.000), Max=(X=5235.000 Y=1730.000 Z=-720.000) RuntimeGrid:None EditorOnly:0 RuntimeOnly:0 HLODRelevant:1 FolderPath:Playground FolderGuid:C73F09FC4215536B1DCE2A9E0A830C70
 |   |   |- [+] [ 10]
 |   |   |   |- Guid:F4E8F5634AFA9CDA9926BE82E704B8D1 BaseClass: NativeClass:/Script/Engine.StaticMeshActor Name:StaticMeshActor_UAID_D85ED33287E9D9E702_2006711638 Label:SM_Cube10 SpatiallyLoaded:1 Bounds:IsValid=true, Min=(X=3940.000 Y=540.000 Z=-750.000), Max=(X=4415.000 Y=840.000 Z=-700.000) RuntimeGrid:None EditorOnly:0 RuntimeOnly:0 HLODRelevant:1 FolderPath:Playground FolderGuid:C73F09FC4215536B1DCE2A9E0A830C70
 |   |   |- [+] [ 11]
 |   |   |   |- Guid:C54B348C4848FB6ED23CF3A15B43C5E2 BaseClass: NativeClass:/Script/Engine.StaticMeshActor Name:StaticMeshActor_UAID_D85ED33287E9D9E702_1999805637 Label:SM_Cube9 SpatiallyLoaded:1 Bounds:IsValid=true, Min=(X=2550.000 Y=990.000 Z=-750.000), Max=(X=3025.000 Y=1290.000 Z=-700.000) RuntimeGrid:None EditorOnly:0 RuntimeOnly:0 HLODRelevant:1 FolderPath:Playground FolderGuid:C73F09FC4215536B1DCE2A9E0A830C70
 |   |   |- [+] [ 12]
 |   |   |   |- Guid:F6997A804495EA521C9DEE96371D8C91 BaseClass: NativeClass:/Script/Engine.StaticMeshActor Name:StaticMeshActor_UAID_D85ED33287E9D9E702_1992514636 Label:SM_Cube8 SpatiallyLoaded:1 Bounds:IsValid=true, Min=(X=1220.000 Y=1840.000 Z=-370.000), Max=(X=1695.000 Y=2140.000 Z=-320.000) RuntimeGrid:None EditorOnly:0 RuntimeOnly:0 HLODRelevant:1 FolderPath:Playground FolderGuid:C73F09FC4215536B1DCE2A9E0A830C70
 |   |   |- [+] [ 13]
 |   |   |   |- Guid:C575256B4737A27B409B91AC3242BB79 BaseClass: NativeClass:/Script/Engine.StaticMeshActor Name:StaticMeshActor_UAID_D85ED33287E9D9E702_1986196635 Label:SM_Cube7 SpatiallyLoaded:1 Bounds:IsValid=true, Min=(X=110.000 Y=2360.000 Z=-370.000), Max=(X=585.000 Y=2660.000 Z=-320.000) RuntimeGrid:None EditorOnly:0 RuntimeOnly:0 HLODRelevant:1 FolderPath:Playground FolderGuid:C73F09FC4215536B1DCE2A9E0A830C70
 |   |   |- [+] [ 14]
 |   |   |   |- Guid:14963FC848D8FC7E3566F385FB6B0EBB BaseClass: NativeClass:/Script/Engine.StaticMeshActor Name:StaticMeshActor_UAID_D85ED33287E9D9E702_1977456634 Label:SM_Cube6 SpatiallyLoaded:1 Bounds:IsValid=true, Min=(X=-800.000 Y=2730.000 Z=-420.000), Max=(X=-325.000 Y=3030.000 Z=-370.000) RuntimeGrid:None EditorOnly:0 RuntimeOnly:0 HLODRelevant:1 FolderPath:Playground FolderGuid:C73F09FC4215536B1DCE2A9E0A830C70
 |   |   |- [+] [ 15]
 |   |   |   |- Guid:E414A78741C894DBE2BD02B2F841CFE9 BaseClass: NativeClass:/Script/Engine.StaticMeshActor Name:StaticMeshActor_UAID_D85ED33287E9D9E702_1966686633 Label:SM_Cube5 SpatiallyLoaded:1 Bounds:IsValid=true, Min=(X=-1420.000 Y=2150.000 Z=-270.000), Max=(X=-945.000 Y=2450.000 Z=-220.000) RuntimeGrid:None EditorOnly:0 RuntimeOnly:0 HLODRelevant:1 FolderPath:Playground FolderGuid:C73F09FC4215536B1DCE2A9E0A830C70
 |   |   |- [+] [ 16]
 |   |   |   |- Guid:3C1EEBE040EBE82103164FB12DA82BDD BaseClass: NativeClass:/Script/Engine.StaticMeshActor Name:StaticMeshActor_UAID_D85ED33287E9D9E702_1938251632 Label:SM_Cube4 SpatiallyLoaded:1 Bounds:IsValid=true, Min=(X=-2010.000 Y=1570.000 Z=180.000), Max=(X=-1610.000 Y=1920.000 Z=230.000) RuntimeGrid:None EditorOnly:0 RuntimeOnly:0 HLODRelevant:1 FolderPath:Playground FolderGuid:C73F09FC4215536B1DCE2A9E0A830C70
 |   |   |- [+] [ 17]
 |   |   |   |- Guid:403E04E14D6073B7768EC2A2758A08B2 BaseClass: NativeClass:/Script/Engine.StaticMeshActor Name:StaticMeshActor_UAID_D85ED33287E9D9E702_2013822639 Label:SM_Cube11 SpatiallyLoaded:1 Bounds:IsValid=true, Min=(X=5940.000 Y=1710.000 Z=-630.000), Max=(X=6415.000 Y=2010.000 Z=-580.000) RuntimeGrid:None EditorOnly:0 RuntimeOnly:0 HLODRelevant:1 FolderPath:Playground FolderGuid:C73F09FC4215536B1DCE2A9E0A830C70
 |   |   |- [+] [ 18]
 |   |   |   |- Guid:26DEC06240D9C3AC3522F088E2122EAE BaseClass: NativeClass:/Script/Engine.StaticMeshActor Name:StaticMeshActor_UAID_D85ED33287E9D9E702_1903742630 Label:SM_Cube3 SpatiallyLoaded:1 Bounds:IsValid=true, Min=(X=-2800.000 Y=1600.000 Z=180.000), Max=(X=-2325.000 Y=1900.000 Z=230.000) RuntimeGrid:None EditorOnly:0 RuntimeOnly:0 HLODRelevant:1 FolderPath:Playground FolderGuid:C73F09FC4215536B1DCE2A9E0A830C70
 |   |   |- [+] [ 19]
 |   |   |   |- Guid:3A00AA1C422CE54C0BDB60BAF471BFBB BaseClass: NativeClass:/Script/Engine.PlayerStart Name:PlayerStart_0 Label:PlayerStart SpatiallyLoaded:0 Bounds:IsValid=true, Min=(X=-3970.000 Y=1910.000 Z=0.013), Max=(X=-3890.000 Y=1990.000 Z=184.013) RuntimeGrid:None EditorOnly:0 RuntimeOnly:0 HLODRelevant:0
 |   |   |- [+] [ 20]
 |   |   |   |- Guid:2D296D124F92C81D86E074920A140247 BaseClass: NativeClass:/Script/Engine.StaticMeshActor Name:StaticMeshActor_UAID_D85ED33287E9D9E702_1882513629 Label:SM_Cube2 SpatiallyLoaded:1 Bounds:IsValid=true, Min=(X=-3300.000 Y=2130.000 Z=-170.000), Max=(X=-2825.000 Y=2430.000 Z=-120.000) RuntimeGrid:None EditorOnly:0 RuntimeOnly:0 HLODRelevant:1 FolderPath:Playground FolderGuid:C73F09FC4215536B1DCE2A9E0A830C70
 |   |   |- [+] [ 21]
 |   |   |   |- Guid:8680D69243D23925112A87AF05BB7968 BaseClass:/Game/Blueprints/Pickups/BP_Relic.BP_Relic_C NativeClass:/Script/Engine.Actor Name:BP_Relic_C_UAID_D85ED33287E9D5E702_1135653920 Label:BP_Relic2 SpatiallyLoaded:1 Bounds:IsValid=true, Min=(X=268.000 Y=2468.000 Z=-332.000), Max=(X=332.000 Y=2532.000 Z=-268.000) RuntimeGrid:None EditorOnly:0 RuntimeOnly:0 HLODRelevant:0
 |   |   |- [+] [ 22]
 |   |   |   |- Guid:9E4F4344478F631EF556FB860875DADD BaseClass:/Game/Blueprints/Pickups/BP_Relic.BP_Relic_C NativeClass:/Script/Engine.Actor Name:BP_Relic_C_UAID_D85ED33287E9D5E702_1141237922 Label:BP_Relic4 SpatiallyLoaded:1 Bounds:IsValid=true, Min=(X=4008.000 Y=658.000 Z=-652.000), Max=(X=4072.000 Y=722.000 Z=-588.000) RuntimeGrid:None EditorOnly:0 RuntimeOnly:0 HLODRelevant:0
 |   |   |- [+] [ 23]
 |   |   |   |- Guid:093C0DC147E1C227CDF731B43102A5A8 BaseClass:/Game/Blueprints/Pickups/BP_Relic.BP_Relic_C NativeClass:/Script/Engine.Actor Name:BP_Relic_C_UAID_D85ED33287E9D4E702_2086241743 Label:BP_Relic SpatiallyLoaded:1 Bounds:IsValid=true, Min=(X=-3082.000 Y=2248.000 Z=-132.000), Max=(X=-3018.000 Y=2312.000 Z=-68.000) RuntimeGrid:None EditorOnly:0 RuntimeOnly:0 HLODRelevant:0
 |   |   |- [+] [ 24]
 |   |   |   |- Guid:E22BE1ED446B36DD3C88ACA31D43D827 BaseClass:/Game/Blueprints/Pickups/BP_Relic.BP_Relic_C NativeClass:/Script/Engine.Actor Name:BP_Relic_C_UAID_D85ED33287E9D5E702_1138685921 Label:BP_Relic3 SpatiallyLoaded:1 Bounds:IsValid=true, Min=(X=-1832.000 Y=1688.000 Z=208.000), Max=(X=-1768.000 Y=1752.000 Z=272.000) RuntimeGrid:None EditorOnly:0 RuntimeOnly:0 HLODRelevant:0
 |   |   |- [+] [ 25]
 |   |   |   |- Guid:ABD19AA244AC928BD0105CA86EEC7E89 BaseClass:/Game/Blueprints/Pickups/BP_Relic.BP_Relic_C NativeClass:/Script/Engine.Actor Name:BP_Relic_C_UAID_D85ED33287E9D5E702_1144809923 Label:BP_Relic5 SpatiallyLoaded:1 Bounds:IsValid=true, Min=(X=1438.000 Y=1948.000 Z=-332.000), Max=(X=1502.000 Y=2012.000 Z=-268.000) RuntimeGrid:None EditorOnly:0 RuntimeOnly:0 HLODRelevant:0
 |   |   |- [+] [ 26]
 |   |   |   |- Guid:210CC0234B3CF280C3BDF2B8128218B1 BaseClass:/Game/Blueprints/Hazards/BP_KillZone.BP_KillZone_C NativeClass:/Script/Engine.Actor Name:BP_KillZone_C_UAID_D85ED33287E9D9E702_1306885628 Label:BP_KillZone SpatiallyLoaded:1 Bounds:IsValid=true, Min=(X=-3776.460 Y=-404.000 Z=-816.400), Max=(X=7616.460 Y=4284.000 Z=-803.600) RuntimeGrid:None EditorOnly:0 RuntimeOnly:0 HLODRelevant:0
 |- ContainerInstances:
 |- [+] MainContainer:
 |   |-        ID: 0x0000000000000000
 |   |-    Bounds: IsValid=false, Min=(X=0.000 Y=0.000 Z=0.000), Max=(X=0.000 Y=0.000 Z=0.000)
 |   |- Transform: 0.000000,0.000000,0.000000|0.000000,0.000000,-0.000000|1.000000,1.000000,1.000000
 |   |- Container: /Game/ThirdPerson/Maps/ThirdPersonMap
----------------------------------------------------------------------------------------------------------------
ThirdPersonMap - Persistent Level
----------------------------------------------------------------------------------------------------------------
Always loaded Actor Count: 34 

----------------------------------------------------------------------------------------------------------------
ThirdPersonMap - Runtime Spatial Hash - Streaming Grid - MainGrid
----------------------------------------------------------------------------------------------------------------
            Origin: X=0.000 Y=0.000 Z=0.000
         Cell Size: 12800
      World Bounds: IsValid=false, Min=(X=0.000 Y=0.000 Z=0.000), Max=(X=0.000 Y=0.000 Z=0.000)
     Loading Range: 25600.00
Block Slow Loading: No
 ClientOnlyVisible: No

[+] Grid Levels: 1
 |- Level  0: Cell Count    0 | Cell Size   12800 | Actor Count    0 (0.0%)

[+] Content of Grid Level 0

