"../../../Engine/Content/EditorResources/S_Actor.ubulk" 0
"../../../Engine/Content/EditorResources/S_Actor.uasset" 1
"../../../Engine/Content/EditorResources/S_Actor.uexp" 2
"../../../Engine/Content/EditorResources/S_BoxReflectionCapture.uasset" 3
"../../../Engine/Content/EditorResources/S_BoxReflectionCapture.uexp" 4
"../../../Engine/Content/EngineResources/DefaultTexture.ubulk" 5
"../../../Engine/Content/EngineResources/DefaultTexture.uasset" 6
"../../../Engine/Content/EngineResources/DefaultTexture.uexp" 7
"../../../Engine/Content/EngineResources/DefaultTextureCube.uasset" 8
"../../../Engine/Content/EngineResources/DefaultTextureCube.uexp" 9
"../../../Engine/Content/EngineResources/DefaultVolumeTexture2D.uasset" 10
"../../../Engine/Content/EngineResources/DefaultVolumeTexture2D.uexp" 11
"../../../Engine/Content/EngineResources/DefaultVolumeTexture.uasset" 12
"../../../Engine/Content/EngineResources/DefaultVolumeTexture.uexp" 13
"../../../Engine/Content/EditorResources/S_Trigger.ubulk" 14
"../../../Engine/Content/EditorResources/S_Trigger.uasset" 15
"../../../Engine/Content/EditorResources/S_Trigger.uexp" 16
"../../../Engine/Content/EditorResources/S_TriggerBox.uasset" 17
"../../../Engine/Content/EditorResources/S_TriggerBox.uexp" 18
"../../../Engine/Content/EditorResources/S_TriggerCapsule.uasset" 19
"../../../Engine/Content/EditorResources/S_TriggerCapsule.uexp" 20
"../../../Engine/Content/EditorResources/S_TriggerSphere.uasset" 21
"../../../Engine/Content/EditorResources/S_TriggerSphere.uexp" 22
"../../../Engine/Content/EngineMeshes/Sphere.ubulk" 23
"../../../Engine/Content/EngineMeshes/Sphere.uasset" 24
"../../../Engine/Content/EngineMeshes/Sphere.uexp" 25
"../../../Engine/Content/EngineResources/GradientTexture0.uasset" 26
"../../../Engine/Content/EngineResources/GradientTexture0.uexp" 27
"../../../Engine/Content/EngineResources/Black.uasset" 28
"../../../Engine/Content/EngineResources/Black.uexp" 29
"../../../Engine/Content/VREditor/LaserPointer/VR_LaserPower_01.ubulk" 30
"../../../Engine/Content/VREditor/LaserPointer/VR_LaserPower_01.uasset" 31
"../../../Engine/Content/VREditor/LaserPointer/VR_LaserPower_01.uexp" 32
"../../../Engine/Content/VREditor/TransformGizmo/TransformGizmoMaterial.uasset" 33
"../../../Engine/Content/VREditor/TransformGizmo/TransformGizmoMaterial.uexp" 34
"../../../Engine/Content/VREditor/TransformGizmo/TranslucentTransformGizmoMaterial.uasset" 35
"../../../Engine/Content/VREditor/TransformGizmo/TranslucentTransformGizmoMaterial.uexp" 36
"../../../Engine/Content/VREditor/TransformGizmo/PlaneTranslationHandle.ubulk" 37
"../../../Engine/Content/VREditor/TransformGizmo/PlaneTranslationHandle.uasset" 38
"../../../Engine/Content/VREditor/TransformGizmo/PlaneTranslationHandle.uexp" 39
"../../../Engine/Content/VREditor/TransformGizmo/BoundingBoxCorner.ubulk" 40
"../../../Engine/Content/VREditor/TransformGizmo/BoundingBoxCorner.uasset" 41
"../../../Engine/Content/VREditor/TransformGizmo/BoundingBoxCorner.uexp" 42
"../../../Engine/Content/VREditor/TransformGizmo/BoundingBoxEdge.ubulk" 43
"../../../Engine/Content/VREditor/TransformGizmo/BoundingBoxEdge.uasset" 44
"../../../Engine/Content/VREditor/TransformGizmo/BoundingBoxEdge.uexp" 45
"../../../Engine/Content/VREditor/TransformGizmo/Main.uasset" 46
"../../../Engine/Content/VREditor/TransformGizmo/Main.uexp" 47
"../../../Engine/Content/VREditor/TransformGizmo/Xray.uasset" 48
"../../../Engine/Content/VREditor/TransformGizmo/Xray.uexp" 49
"../../../Engine/Content/VREditor/TransformGizmo/SM_Sequencer_Node.ubulk" 50
"../../../Engine/Content/VREditor/TransformGizmo/SM_Sequencer_Node.uasset" 51
"../../../Engine/Content/VREditor/TransformGizmo/SM_Sequencer_Node.uexp" 52
"../../../Engine/Content/EditorMaterials/Camera/CineMat.uasset" 53
"../../../Engine/Content/EditorMaterials/Camera/CineMat.uexp" 54
"../../../Engine/Content/EditorMaterials/Camera/MI_CineMat_Rig.uasset" 55
"../../../Engine/Content/EditorMaterials/Camera/MI_CineMat_Rig.uexp" 56
"../../../Engine/Content/EditorMeshes/Camera/SM_CraneRig_Base.ubulk" 57
"../../../Engine/Content/EditorMeshes/Camera/SM_CraneRig_Base.uasset" 58
"../../../Engine/Content/EditorMeshes/Camera/SM_CraneRig_Base.uexp" 59
"../../../Engine/Content/EditorMeshes/Camera/SM_CraneRig_Arm.ubulk" 60
"../../../Engine/Content/EditorMeshes/Camera/SM_CraneRig_Arm.uasset" 61
"../../../Engine/Content/EditorMeshes/Camera/SM_CraneRig_Arm.uexp" 62
"../../../Engine/Content/EditorMeshes/Camera/SM_CraneRig_Mount.ubulk" 63
"../../../Engine/Content/EditorMeshes/Camera/SM_CraneRig_Mount.uasset" 64
"../../../Engine/Content/EditorMeshes/Camera/SM_CraneRig_Mount.uexp" 65
"../../../Engine/Content/EditorMeshes/Camera/SM_CraneRig_Body.ubulk" 66
"../../../Engine/Content/EditorMeshes/Camera/SM_CraneRig_Body.uasset" 67
"../../../Engine/Content/EditorMeshes/Camera/SM_CraneRig_Body.uexp" 68
"../../../Engine/Content/EditorMeshes/Camera/SM_RailRig_Track.ubulk" 69
"../../../Engine/Content/EditorMeshes/Camera/SM_RailRig_Track.uasset" 70
"../../../Engine/Content/EditorMeshes/Camera/SM_RailRig_Track.uexp" 71
"../../../Engine/Content/EditorMeshes/Camera/SM_RailRig_Mount.ubulk" 72
"../../../Engine/Content/EditorMeshes/Camera/SM_RailRig_Mount.uasset" 73
"../../../Engine/Content/EditorMeshes/Camera/SM_RailRig_Mount.uexp" 74
"../../../Engine/Content/EngineMaterials/T_Default_Material_Grid_M.ubulk" 75
"../../../Engine/Content/EngineMaterials/T_Default_Material_Grid_M.uasset" 76
"../../../Engine/Content/EngineMaterials/T_Default_Material_Grid_M.uexp" 77
"../../../Engine/Content/EngineMaterials/T_Default_Material_Grid_N.ubulk" 78
"../../../Engine/Content/EngineMaterials/T_Default_Material_Grid_N.uasset" 79
"../../../Engine/Content/EngineMaterials/T_Default_Material_Grid_N.uexp" 80
"../../../Engine/Content/Functions/Engine_MaterialFunctions01/Opacity/CameraDepthFade.uasset" 81
"../../../Engine/Content/Functions/Engine_MaterialFunctions01/Opacity/CameraDepthFade.uexp" 82
"../../../Engine/Content/EngineMaterials/WorldGridMaterial.uasset" 83
"../../../Engine/Content/EngineMaterials/WorldGridMaterial.uexp" 84
"../../../Engine/Content/ArtTools/RenderToTexture/Meshes/S_1_Unit_Plane.ubulk" 85
"../../../Engine/Content/ArtTools/RenderToTexture/Meshes/S_1_Unit_Plane.uasset" 86
"../../../Engine/Content/ArtTools/RenderToTexture/Meshes/S_1_Unit_Plane.uexp" 87
"../../../Engine/Content/EditorMaterials/ParticleSystems/PSysThumbnail_NoImage.ubulk" 88
"../../../Engine/Content/EditorMaterials/ParticleSystems/PSysThumbnail_NoImage.uasset" 89
"../../../Engine/Content/EditorMaterials/ParticleSystems/PSysThumbnail_NoImage.uexp" 90
"../../../Engine/Content/EditorMaterials/ParticleSystems/PSysThumbnail_OOD.ubulk" 91
"../../../Engine/Content/EditorMaterials/ParticleSystems/PSysThumbnail_OOD.uasset" 92
"../../../Engine/Content/EditorMaterials/ParticleSystems/PSysThumbnail_OOD.uexp" 93
"../../../Engine/Content/EditorLandscapeResources/SplineEditorMeshMat.uasset" 94
"../../../Engine/Content/EditorLandscapeResources/SplineEditorMeshMat.uexp" 95
"../../../Engine/Content/EditorLandscapeResources/SplineEditorMesh.ubulk" 96
"../../../Engine/Content/EditorLandscapeResources/SplineEditorMesh.uasset" 97
"../../../Engine/Content/EditorLandscapeResources/SplineEditorMesh.uexp" 98
"../../../Engine/Content/EditorResources/S_Solver.ubulk" 99
"../../../Engine/Content/EditorResources/S_Solver.uasset" 100
"../../../Engine/Content/EditorResources/S_Solver.uexp" 101
"../../../Engine/Plugins/Media/MediaPlate/Content/SM_MediaPlateScreen.ubulk" 102
"../../../Engine/Plugins/Media/MediaPlate/Content/SM_MediaPlateScreen.uasset" 103
"../../../Engine/Plugins/Media/MediaPlate/Content/SM_MediaPlateScreen.uexp" 104
"../../../Engine/Content/EngineMaterials/Good64x64TilingNoiseHighFreq.uasset" 105
"../../../Engine/Content/EngineMaterials/Good64x64TilingNoiseHighFreq.uexp" 106
"../../../Engine/Content/EngineMaterials/DefaultBokeh.uasset" 107
"../../../Engine/Content/EngineMaterials/DefaultBokeh.uexp" 108
"../../../Engine/Content/EngineMaterials/PreintegratedSkinBRDF.uasset" 109
"../../../Engine/Content/EngineMaterials/PreintegratedSkinBRDF.uexp" 110
"../../../Engine/Content/EngineMaterials/MiniFont.uasset" 111
"../../../Engine/Content/EngineMaterials/MiniFont.uexp" 112
"../../../Engine/Content/EngineMaterials/WeightMapPlaceholderTexture.uasset" 113
"../../../Engine/Content/EngineMaterials/WeightMapPlaceholderTexture.uexp" 114
"../../../Engine/Content/EngineMaterials/DefaultWhiteGrid.ubulk" 115
"../../../Engine/Content/EngineMaterials/DefaultWhiteGrid.uasset" 116
"../../../Engine/Content/EngineMaterials/DefaultWhiteGrid.uexp" 117
"C:/Users/Aorus/Documents/GitHub/SkyRelicRush/SRR/Content/sky_100_2k.uasset" 118
"C:/Users/Aorus/Documents/GitHub/SkyRelicRush/SRR/Content/sky_100_2k.uexp" 119
"C:/Users/Aorus/Documents/GitHub/SkyRelicRush/SRR/Content/NewMaterial.uasset" 120
"C:/Users/Aorus/Documents/GitHub/SkyRelicRush/SRR/Content/NewMaterial.uexp" 121
"../../../Engine/Content/Functions/Engine_MaterialFunctions02/WorldPositionOffset/CameraOffset.uasset" 122
"../../../Engine/Content/Functions/Engine_MaterialFunctions02/WorldPositionOffset/CameraOffset.uexp" 123
"../../../Engine/Plugins/Animation/ControlRig/Content/M_Manip.uasset" 124
"../../../Engine/Plugins/Animation/ControlRig/Content/M_Manip.uexp" 125
"../../../Engine/Plugins/2D/Paper2D/Content/PlaceholderTextures/DummySpriteTexture.ubulk" 126
"../../../Engine/Plugins/2D/Paper2D/Content/PlaceholderTextures/DummySpriteTexture.uasset" 127
"../../../Engine/Plugins/2D/Paper2D/Content/PlaceholderTextures/DummySpriteTexture.uexp" 128
"../../../Engine/Plugins/2D/Paper2D/Content/DefaultSpriteMaterial.uasset" 129
"../../../Engine/Plugins/2D/Paper2D/Content/DefaultSpriteMaterial.uexp" 130
"../../../Engine/Plugins/2D/Paper2D/Content/OpaqueUnlitSpriteMaterial.uasset" 131
"../../../Engine/Plugins/2D/Paper2D/Content/OpaqueUnlitSpriteMaterial.uexp" 132
"../../../Engine/Plugins/2D/Paper2D/Content/MaskedUnlitSpriteMaterial.uasset" 133
"../../../Engine/Plugins/2D/Paper2D/Content/MaskedUnlitSpriteMaterial.uexp" 134
"../../../Engine/Plugins/2D/Paper2D/Content/DummySprite.uasset" 135
"../../../Engine/Plugins/2D/Paper2D/Content/DummySprite.uexp" 136
"../../../Engine/Plugins/2D/Paper2D/Content/DefaultPaperTerrainMaterial.uasset" 137
"../../../Engine/Plugins/2D/Paper2D/Content/DefaultPaperTerrainMaterial.uexp" 138
"../../../Engine/Content/EngineResources/WhiteSquareTexture.uasset" 139
"../../../Engine/Content/EngineResources/WhiteSquareTexture.uexp" 140
"../../../Engine/Content/EngineMaterials/Widget3DPassThrough.uasset" 141
"../../../Engine/Content/EngineMaterials/Widget3DPassThrough.uexp" 142
"../../../Engine/Content/EngineMaterials/Widget3DPassThrough_Translucent.uasset" 143
"../../../Engine/Content/EngineMaterials/Widget3DPassThrough_Translucent.uexp" 144
"../../../Engine/Content/EngineMaterials/Widget3DPassThrough_Translucent_OneSided.uasset" 145
"../../../Engine/Content/EngineMaterials/Widget3DPassThrough_Translucent_OneSided.uexp" 146
"../../../Engine/Content/EngineMaterials/Widget3DPassThrough_Opaque.uasset" 147
"../../../Engine/Content/EngineMaterials/Widget3DPassThrough_Opaque.uexp" 148
"../../../Engine/Content/EngineMaterials/Widget3DPassThrough_Opaque_OneSided.uasset" 149
"../../../Engine/Content/EngineMaterials/Widget3DPassThrough_Opaque_OneSided.uexp" 150
"../../../Engine/Content/EngineMaterials/Widget3DPassThrough_Masked_OneSided.uasset" 151
"../../../Engine/Content/EngineMaterials/Widget3DPassThrough_Masked_OneSided.uexp" 152
"../../../Engine/Content/EngineMaterials/Widget3DPassThrough_Masked.uasset" 153
"../../../Engine/Content/EngineMaterials/Widget3DPassThrough_Masked.uexp" 154
"../../../Engine/Plugins/Animation/ControlRig/Content/Controls/DefaultGizmoLibraryNormalized.uasset" 155
"../../../Engine/Plugins/Animation/ControlRig/Content/Controls/DefaultGizmoLibraryNormalized.uexp" 156
"../../../Engine/Plugins/Animation/ControlRig/Content/Controls/ControlRig_Wedge_solid.ubulk" 157
"../../../Engine/Plugins/Animation/ControlRig/Content/Controls/ControlRig_Wedge_solid.uasset" 158
"../../../Engine/Plugins/Animation/ControlRig/Content/Controls/ControlRig_Wedge_solid.uexp" 159
"../../../Engine/Plugins/Animation/ControlRig/Content/Controls/ControlRig_Wedge_3mm.ubulk" 160
"../../../Engine/Plugins/Animation/ControlRig/Content/Controls/ControlRig_Wedge_3mm.uasset" 161
"../../../Engine/Plugins/Animation/ControlRig/Content/Controls/ControlRig_Wedge_3mm.uexp" 162
"../../../Engine/Plugins/Animation/ControlRig/Content/Controls/ControlRig_Wedge_1mm.ubulk" 163
"../../../Engine/Plugins/Animation/ControlRig/Content/Controls/ControlRig_Wedge_1mm.uasset" 164
"../../../Engine/Plugins/Animation/ControlRig/Content/Controls/ControlRig_Wedge_1mm.uexp" 165
"../../../Engine/Plugins/Animation/ControlRig/Content/Controls/ControlRig_Triangle_solid.ubulk" 166
"../../../Engine/Plugins/Animation/ControlRig/Content/Controls/ControlRig_Triangle_solid.uasset" 167
"../../../Engine/Plugins/Animation/ControlRig/Content/Controls/ControlRig_Triangle_solid.uexp" 168
"../../../Engine/Plugins/Animation/ControlRig/Content/Controls/ControlRig_Triangle_3mm.ubulk" 169
"../../../Engine/Plugins/Animation/ControlRig/Content/Controls/ControlRig_Triangle_3mm.uasset" 170
"../../../Engine/Plugins/Animation/ControlRig/Content/Controls/ControlRig_Triangle_3mm.uexp" 171
"../../../Engine/Plugins/Animation/ControlRig/Content/Controls/ControlRig_Triangle_1mm.ubulk" 172
"../../../Engine/Plugins/Animation/ControlRig/Content/Controls/ControlRig_Triangle_1mm.uasset" 173
"../../../Engine/Plugins/Animation/ControlRig/Content/Controls/ControlRig_Triangle_1mm.uexp" 174
"../../../Engine/Plugins/Animation/ControlRig/Content/Controls/ControlRig_Star4_solid.ubulk" 175
"../../../Engine/Plugins/Animation/ControlRig/Content/Controls/ControlRig_Star4_solid.uasset" 176
"../../../Engine/Plugins/Animation/ControlRig/Content/Controls/ControlRig_Star4_solid.uexp" 177
"../../../Engine/Plugins/Animation/ControlRig/Content/Controls/ControlRig_Star4_3mm.ubulk" 178
"../../../Engine/Plugins/Animation/ControlRig/Content/Controls/ControlRig_Star4_3mm.uasset" 179
"../../../Engine/Plugins/Animation/ControlRig/Content/Controls/ControlRig_Star4_3mm.uexp" 180
"../../../Engine/Plugins/Animation/ControlRig/Content/Controls/ControlRig_Star4_1mm.ubulk" 181
"../../../Engine/Plugins/Animation/ControlRig/Content/Controls/ControlRig_Star4_1mm.uasset" 182
"../../../Engine/Plugins/Animation/ControlRig/Content/Controls/ControlRig_Star4_1mm.uexp" 183
"../../../Engine/Plugins/Animation/ControlRig/Content/Controls/ControlRig_Square_solid.ubulk" 184
"../../../Engine/Plugins/Animation/ControlRig/Content/Controls/ControlRig_Square_solid.uasset" 185
"../../../Engine/Plugins/Animation/ControlRig/Content/Controls/ControlRig_Square_solid.uexp" 186
"../../../Engine/Plugins/Animation/ControlRig/Content/Controls/ControlRig_Square_3mm.ubulk" 187
"../../../Engine/Plugins/Animation/ControlRig/Content/Controls/ControlRig_Square_3mm.uasset" 188
"../../../Engine/Plugins/Animation/ControlRig/Content/Controls/ControlRig_Square_3mm.uexp" 189
"../../../Engine/Plugins/Animation/ControlRig/Content/Controls/ControlRig_Square_1mm.ubulk" 190
"../../../Engine/Plugins/Animation/ControlRig/Content/Controls/ControlRig_Square_1mm.uasset" 191
"../../../Engine/Plugins/Animation/ControlRig/Content/Controls/ControlRig_Square_1mm.uexp" 192
"../../../Engine/Plugins/Animation/ControlRig/Content/Controls/ControlRig_Sphere_solid.ubulk" 193
"../../../Engine/Plugins/Animation/ControlRig/Content/Controls/ControlRig_Sphere_solid.uasset" 194
"../../../Engine/Plugins/Animation/ControlRig/Content/Controls/ControlRig_Sphere_solid.uexp" 195
"../../../Engine/Plugins/Animation/ControlRig/Content/Controls/ControlRig_Sphere_3mm.ubulk" 196
"../../../Engine/Plugins/Animation/ControlRig/Content/Controls/ControlRig_Sphere_3mm.uasset" 197
"../../../Engine/Plugins/Animation/ControlRig/Content/Controls/ControlRig_Sphere_3mm.uexp" 198
"../../../Engine/Plugins/Animation/ControlRig/Content/Controls/ControlRig_Sphere_1mm.ubulk" 199
"../../../Engine/Plugins/Animation/ControlRig/Content/Controls/ControlRig_Sphere_1mm.uasset" 200
"../../../Engine/Plugins/Animation/ControlRig/Content/Controls/ControlRig_Sphere_1mm.uexp" 201
"../../../Engine/Plugins/Animation/ControlRig/Content/Controls/ControlRig_RoundedTriangle_solid.ubulk" 202
"../../../Engine/Plugins/Animation/ControlRig/Content/Controls/ControlRig_RoundedTriangle_solid.uasset" 203
"../../../Engine/Plugins/Animation/ControlRig/Content/Controls/ControlRig_RoundedTriangle_solid.uexp" 204
"../../../Engine/Plugins/Animation/ControlRig/Content/Controls/ControlRig_RoundedTriangle_3mm.ubulk" 205
"../../../Engine/Plugins/Animation/ControlRig/Content/Controls/ControlRig_RoundedTriangle_3mm.uasset" 206
"../../../Engine/Plugins/Animation/ControlRig/Content/Controls/ControlRig_RoundedTriangle_3mm.uexp" 207
"../../../Engine/Plugins/Animation/ControlRig/Content/Controls/ControlRig_RoundedTriangle_1mm.ubulk" 208
"../../../Engine/Plugins/Animation/ControlRig/Content/Controls/ControlRig_RoundedTriangle_1mm.uasset" 209
"../../../Engine/Plugins/Animation/ControlRig/Content/Controls/ControlRig_RoundedTriangle_1mm.uexp" 210
"../../../Engine/Plugins/Animation/ControlRig/Content/Controls/ControlRig_RoundedSquare_solid.ubulk" 211
"../../../Engine/Plugins/Animation/ControlRig/Content/Controls/ControlRig_RoundedSquare_solid.uasset" 212
"../../../Engine/Plugins/Animation/ControlRig/Content/Controls/ControlRig_RoundedSquare_solid.uexp" 213
"../../../Engine/Plugins/Animation/ControlRig/Content/Controls/ControlRig_RoundedSquare_3mm.ubulk" 214
"../../../Engine/Plugins/Animation/ControlRig/Content/Controls/ControlRig_RoundedSquare_3mm.uasset" 215
"../../../Engine/Plugins/Animation/ControlRig/Content/Controls/ControlRig_RoundedSquare_3mm.uexp" 216
"../../../Engine/Plugins/Animation/ControlRig/Content/Controls/ControlRig_RoundedSquare_1mm.ubulk" 217
"../../../Engine/Plugins/Animation/ControlRig/Content/Controls/ControlRig_RoundedSquare_1mm.uasset" 218
"../../../Engine/Plugins/Animation/ControlRig/Content/Controls/ControlRig_RoundedSquare_1mm.uexp" 219
"../../../Engine/Plugins/Animation/ControlRig/Content/Controls/ControlRig_QuarterCircle_solid.ubulk" 220
"../../../Engine/Plugins/Animation/ControlRig/Content/Controls/ControlRig_QuarterCircle_solid.uasset" 221
"../../../Engine/Plugins/Animation/ControlRig/Content/Controls/ControlRig_QuarterCircle_solid.uexp" 222
"../../../Engine/Plugins/Animation/ControlRig/Content/Controls/ControlRig_QuarterCircle_3mm.ubulk" 223
"../../../Engine/Plugins/Animation/ControlRig/Content/Controls/ControlRig_QuarterCircle_3mm.uasset" 224
"../../../Engine/Plugins/Animation/ControlRig/Content/Controls/ControlRig_QuarterCircle_3mm.uexp" 225
"../../../Engine/Plugins/Animation/ControlRig/Content/Controls/ControlRig_QuarterCircle_1mm.ubulk" 226
"../../../Engine/Plugins/Animation/ControlRig/Content/Controls/ControlRig_QuarterCircle_1mm.uasset" 227
"../../../Engine/Plugins/Animation/ControlRig/Content/Controls/ControlRig_QuarterCircle_1mm.uexp" 228
"../../../Engine/Plugins/Animation/ControlRig/Content/Controls/ControlRig_Pyramid_solid.ubulk" 229
"../../../Engine/Plugins/Animation/ControlRig/Content/Controls/ControlRig_Pyramid_solid.uasset" 230
"../../../Engine/Plugins/Animation/ControlRig/Content/Controls/ControlRig_Pyramid_solid.uexp" 231
"../../../Engine/Plugins/Animation/ControlRig/Content/Controls/ControlRig_Pyramid_3mm.ubulk" 232
"../../../Engine/Plugins/Animation/ControlRig/Content/Controls/ControlRig_Pyramid_3mm.uasset" 233
"../../../Engine/Plugins/Animation/ControlRig/Content/Controls/ControlRig_Pyramid_3mm.uexp" 234
"../../../Engine/Plugins/Animation/ControlRig/Content/Controls/ControlRig_Pyramid_1mm.ubulk" 235
"../../../Engine/Plugins/Animation/ControlRig/Content/Controls/ControlRig_Pyramid_1mm.uasset" 236
"../../../Engine/Plugins/Animation/ControlRig/Content/Controls/ControlRig_Pyramid_1mm.uexp" 237
"../../../Engine/Plugins/Animation/ControlRig/Content/Controls/ControlRig_Octagon_solid.ubulk" 238
"../../../Engine/Plugins/Animation/ControlRig/Content/Controls/ControlRig_Octagon_solid.uasset" 239
"../../../Engine/Plugins/Animation/ControlRig/Content/Controls/ControlRig_Octagon_solid.uexp" 240
"../../../Engine/Plugins/Animation/ControlRig/Content/Controls/ControlRig_Octagon_3mm.ubulk" 241
"../../../Engine/Plugins/Animation/ControlRig/Content/Controls/ControlRig_Octagon_3mm.uasset" 242
"../../../Engine/Plugins/Animation/ControlRig/Content/Controls/ControlRig_Octagon_3mm.uexp" 243
"../../../Engine/Plugins/Animation/ControlRig/Content/Controls/ControlRig_Octagon_1mm.ubulk" 244
"../../../Engine/Plugins/Animation/ControlRig/Content/Controls/ControlRig_Octagon_1mm.uasset" 245
"../../../Engine/Plugins/Animation/ControlRig/Content/Controls/ControlRig_Octagon_1mm.uexp" 246
"../../../Engine/Plugins/Animation/ControlRig/Content/Controls/ControlRig_Hexagon_solid.ubulk" 247
"../../../Engine/Plugins/Animation/ControlRig/Content/Controls/ControlRig_Hexagon_solid.uasset" 248
"../../../Engine/Plugins/Animation/ControlRig/Content/Controls/ControlRig_Hexagon_solid.uexp" 249
"../../../Engine/Plugins/Animation/ControlRig/Content/Controls/ControlRig_Hexagon_3mm.ubulk" 250
"../../../Engine/Plugins/Animation/ControlRig/Content/Controls/ControlRig_Hexagon_3mm.uasset" 251
"../../../Engine/Plugins/Animation/ControlRig/Content/Controls/ControlRig_Hexagon_3mm.uexp" 252
"../../../Engine/Plugins/Animation/ControlRig/Content/Controls/ControlRig_Hexagon_1mm.ubulk" 253
"../../../Engine/Plugins/Animation/ControlRig/Content/Controls/ControlRig_Hexagon_1mm.uasset" 254
"../../../Engine/Plugins/Animation/ControlRig/Content/Controls/ControlRig_Hexagon_1mm.uexp" 255
"../../../Engine/Plugins/Animation/ControlRig/Content/Controls/ControlRig_HalfCircle_solid.ubulk" 256
"../../../Engine/Plugins/Animation/ControlRig/Content/Controls/ControlRig_HalfCircle_solid.uasset" 257
"../../../Engine/Plugins/Animation/ControlRig/Content/Controls/ControlRig_HalfCircle_solid.uexp" 258
"../../../Engine/Plugins/Animation/ControlRig/Content/Controls/ControlRig_HalfCircle_3mm.ubulk" 259
"../../../Engine/Plugins/Animation/ControlRig/Content/Controls/ControlRig_HalfCircle_3mm.uasset" 260
"../../../Engine/Plugins/Animation/ControlRig/Content/Controls/ControlRig_HalfCircle_3mm.uexp" 261
"../../../Engine/Plugins/Animation/ControlRig/Content/Controls/ControlRig_HalfCircle_1mm.ubulk" 262
"../../../Engine/Plugins/Animation/ControlRig/Content/Controls/ControlRig_HalfCircle_1mm.uasset" 263
"../../../Engine/Plugins/Animation/ControlRig/Content/Controls/ControlRig_HalfCircle_1mm.uexp" 264
"../../../Engine/Plugins/Animation/ControlRig/Content/Controls/ControlRig_Diamond_solid.ubulk" 265
"../../../Engine/Plugins/Animation/ControlRig/Content/Controls/ControlRig_Diamond_solid.uasset" 266
"../../../Engine/Plugins/Animation/ControlRig/Content/Controls/ControlRig_Diamond_solid.uexp" 267
"../../../Engine/Plugins/Animation/ControlRig/Content/Controls/ControlRig_Diamond_3mm.ubulk" 268
"../../../Engine/Plugins/Animation/ControlRig/Content/Controls/ControlRig_Diamond_3mm.uasset" 269
"../../../Engine/Plugins/Animation/ControlRig/Content/Controls/ControlRig_Diamond_3mm.uexp" 270
"../../../Engine/Plugins/Animation/ControlRig/Content/Controls/ControlRig_Diamond_1mm.ubulk" 271
"../../../Engine/Plugins/Animation/ControlRig/Content/Controls/ControlRig_Diamond_1mm.uasset" 272
"../../../Engine/Plugins/Animation/ControlRig/Content/Controls/ControlRig_Diamond_1mm.uexp" 273
"../../../Engine/Plugins/Animation/ControlRig/Content/Controls/ControlRig_Circle_solid.ubulk" 274
"../../../Engine/Plugins/Animation/ControlRig/Content/Controls/ControlRig_Circle_solid.uasset" 275
"../../../Engine/Plugins/Animation/ControlRig/Content/Controls/ControlRig_Circle_solid.uexp" 276
"../../../Engine/Plugins/Animation/ControlRig/Content/Controls/ControlRig_Circle_3mm.ubulk" 277
"../../../Engine/Plugins/Animation/ControlRig/Content/Controls/ControlRig_Circle_3mm.uasset" 278
"../../../Engine/Plugins/Animation/ControlRig/Content/Controls/ControlRig_Circle_3mm.uexp" 279
"../../../Engine/Plugins/Animation/ControlRig/Content/Controls/ControlRig_Circle_1mm.ubulk" 280
"../../../Engine/Plugins/Animation/ControlRig/Content/Controls/ControlRig_Circle_1mm.uasset" 281
"../../../Engine/Plugins/Animation/ControlRig/Content/Controls/ControlRig_Circle_1mm.uexp" 282
"../../../Engine/Plugins/Animation/ControlRig/Content/Controls/ControlRig_Box_solid.ubulk" 283
"../../../Engine/Plugins/Animation/ControlRig/Content/Controls/ControlRig_Box_solid.uasset" 284
"../../../Engine/Plugins/Animation/ControlRig/Content/Controls/ControlRig_Box_solid.uexp" 285
"../../../Engine/Plugins/Animation/ControlRig/Content/Controls/ControlRig_Box_3mm.ubulk" 286
"../../../Engine/Plugins/Animation/ControlRig/Content/Controls/ControlRig_Box_3mm.uasset" 287
"../../../Engine/Plugins/Animation/ControlRig/Content/Controls/ControlRig_Box_3mm.uexp" 288
"../../../Engine/Plugins/Animation/ControlRig/Content/Controls/ControlRig_Box_1mm.ubulk" 289
"../../../Engine/Plugins/Animation/ControlRig/Content/Controls/ControlRig_Box_1mm.uasset" 290
"../../../Engine/Plugins/Animation/ControlRig/Content/Controls/ControlRig_Box_1mm.uexp" 291
"../../../Engine/Plugins/Animation/ControlRig/Content/Controls/ControlRig_Arrow_solid.ubulk" 292
"../../../Engine/Plugins/Animation/ControlRig/Content/Controls/ControlRig_Arrow_solid.uasset" 293
"../../../Engine/Plugins/Animation/ControlRig/Content/Controls/ControlRig_Arrow_solid.uexp" 294
"../../../Engine/Plugins/Animation/ControlRig/Content/Controls/ControlRig_Arrow_3mm.ubulk" 295
"../../../Engine/Plugins/Animation/ControlRig/Content/Controls/ControlRig_Arrow_3mm.uasset" 296
"../../../Engine/Plugins/Animation/ControlRig/Content/Controls/ControlRig_Arrow_3mm.uexp" 297
"../../../Engine/Plugins/Animation/ControlRig/Content/Controls/ControlRig_Arrow_1mm.ubulk" 298
"../../../Engine/Plugins/Animation/ControlRig/Content/Controls/ControlRig_Arrow_1mm.uasset" 299
"../../../Engine/Plugins/Animation/ControlRig/Content/Controls/ControlRig_Arrow_1mm.uexp" 300
"../../../Engine/Plugins/Animation/ControlRig/Content/Controls/ControlRig_Arrow4_solid.ubulk" 301
"../../../Engine/Plugins/Animation/ControlRig/Content/Controls/ControlRig_Arrow4_solid.uasset" 302
"../../../Engine/Plugins/Animation/ControlRig/Content/Controls/ControlRig_Arrow4_solid.uexp" 303
"../../../Engine/Plugins/Animation/ControlRig/Content/Controls/ControlRig_Arrow4_3mm.ubulk" 304
"../../../Engine/Plugins/Animation/ControlRig/Content/Controls/ControlRig_Arrow4_3mm.uasset" 305
"../../../Engine/Plugins/Animation/ControlRig/Content/Controls/ControlRig_Arrow4_3mm.uexp" 306
"../../../Engine/Plugins/Runtime/MeshModelingToolset/Content/Materials/M_DynamicMeshComponentVtxColor.uasset" 307
"../../../Engine/Plugins/Runtime/MeshModelingToolset/Content/Materials/M_DynamicMeshComponentVtxColor.uexp" 308
"../../../Engine/Plugins/Runtime/HairStrands/Content/Materials/HairMeshesDefaultMaterial.uasset" 309
"../../../Engine/Plugins/Runtime/HairStrands/Content/Materials/HairMeshesDefaultMaterial.uexp" 310
"../../../Engine/Plugins/Runtime/HairStrands/Content/Materials/HairDefaultMaterial.uasset" 311
"../../../Engine/Plugins/Runtime/HairStrands/Content/Materials/HairDefaultMaterial.uexp" 312
"../../../Engine/Plugins/Runtime/HairStrands/Content/Materials/HairGroupColors.uasset" 313
"../../../Engine/Plugins/Runtime/HairStrands/Content/Materials/HairGroupColors.uexp" 314
"../../../Engine/Content/Functions/Engine_MaterialFunctions02/Utility/MakeFloat2.uasset" 315
"../../../Engine/Content/Functions/Engine_MaterialFunctions02/Utility/MakeFloat2.uexp" 316
"../../../Engine/Content/Functions/Engine_MaterialFunctions02/Utility/MakeFloat3.uasset" 317
"../../../Engine/Content/Functions/Engine_MaterialFunctions02/Utility/MakeFloat3.uexp" 318
"../../../Engine/Content/EngineMaterials/HairColorMap.uasset" 319
"../../../Engine/Content/EngineMaterials/HairColorMap.uexp" 320
"../../../Engine/Content/EngineMaterials/HairDebugColor.uasset" 321
"../../../Engine/Content/EngineMaterials/HairDebugColor.uexp" 322
"../../../Engine/Plugins/Runtime/HairStrands/Content/Materials/HairDebugMaterial.uasset" 323
"../../../Engine/Plugins/Runtime/HairStrands/Content/Materials/HairDebugMaterial.uexp" 324
"../../../Engine/Plugins/Runtime/HairStrands/Content/Materials/HairCardsDefaultMaterial.uasset" 325
"../../../Engine/Plugins/Runtime/HairStrands/Content/Materials/HairCardsDefaultMaterial.uexp" 326
"../../../Engine/Plugins/Interchange/Runtime/Content/Pipelines/DefaultTexturePipeline.uasset" 327
"../../../Engine/Plugins/Interchange/Runtime/Content/Pipelines/DefaultTexturePipeline.uexp" 328
"../../../Engine/Plugins/Interchange/Runtime/Content/Pipelines/DefaultSceneLevelPipeline.uasset" 329
"../../../Engine/Plugins/Interchange/Runtime/Content/Pipelines/DefaultSceneLevelPipeline.uexp" 330
"../../../Engine/Plugins/Interchange/Runtime/Content/Pipelines/DefaultSceneAssetsPipeline.uasset" 331
"../../../Engine/Plugins/Interchange/Runtime/Content/Pipelines/DefaultSceneAssetsPipeline.uexp" 332
"../../../Engine/Plugins/Interchange/Runtime/Content/Pipelines/DefaultMaterialPipeline.uasset" 333
"../../../Engine/Plugins/Interchange/Runtime/Content/Pipelines/DefaultMaterialPipeline.uexp" 334
"../../../Engine/Plugins/Interchange/Runtime/Content/Pipelines/DefaultAssetsPipeline.uasset" 335
"../../../Engine/Plugins/Interchange/Runtime/Content/Pipelines/DefaultAssetsPipeline.uexp" 336
"../../../Engine/Plugins/Editor/SpeedTreeImporter/Content/SpeedTree9/game_wind_noise.ubulk" 337
"../../../Engine/Plugins/Editor/SpeedTreeImporter/Content/SpeedTree9/game_wind_noise.uasset" 338
"../../../Engine/Plugins/Editor/SpeedTreeImporter/Content/SpeedTree9/game_wind_noise.uexp" 339
"../../../Engine/Plugins/Editor/SpeedTreeImporter/Content/SpeedTree9/UnpackDirection.uasset" 340
"../../../Engine/Plugins/Editor/SpeedTreeImporter/Content/SpeedTree9/UnpackDirection.uexp" 341
"../../../Engine/Content/Functions/Engine_MaterialFunctions02/ObjectLocalBounds.uasset" 342
"../../../Engine/Content/Functions/Engine_MaterialFunctions02/ObjectLocalBounds.uexp" 343
"../../../Engine/Content/Functions/Engine_MaterialFunctions02/Utility/BreakOutFloat3Components.uasset" 344
"../../../Engine/Content/Functions/Engine_MaterialFunctions02/Utility/BreakOutFloat3Components.uexp" 345
"../../../Engine/Content/Functions/Engine_MaterialFunctions02/UVs/BoundingBoxBased_0-1_UVW.uasset" 346
"../../../Engine/Content/Functions/Engine_MaterialFunctions02/UVs/BoundingBoxBased_0-1_UVW.uexp" 347
"../../../Engine/Content/Functions/Engine_MaterialFunctions02/Utility/VectorLength.uasset" 348
"../../../Engine/Content/Functions/Engine_MaterialFunctions02/Utility/VectorLength.uexp" 349
"../../../Engine/Plugins/Editor/SpeedTreeImporter/Content/SpeedTree9/UnpackInteger3.uasset" 350
"../../../Engine/Plugins/Editor/SpeedTreeImporter/Content/SpeedTree9/UnpackInteger3.uexp" 351
"../../../Engine/Plugins/Editor/SpeedTreeImporter/Content/SpeedTree9/SpeedTreeCameraFacing.uasset" 352
"../../../Engine/Plugins/Editor/SpeedTreeImporter/Content/SpeedTree9/SpeedTreeCameraFacing.uexp" 353
"../../../Engine/Content/Functions/Engine_MaterialFunctions02/WorldPositionOffset/ObjectScale.uasset" 354
"../../../Engine/Content/Functions/Engine_MaterialFunctions02/WorldPositionOffset/ObjectScale.uexp" 355
"../../../Engine/Content/Functions/Engine_MaterialFunctions02/SafeNormalize.uasset" 356
"../../../Engine/Content/Functions/Engine_MaterialFunctions02/SafeNormalize.uexp" 357
"../../../Engine/Plugins/Editor/SpeedTreeImporter/Content/SpeedTree9/SpeedTreeWindMotion.uasset" 358
"../../../Engine/Plugins/Editor/SpeedTreeImporter/Content/SpeedTree9/SpeedTreeWindMotion.uexp" 359
"../../../Engine/Plugins/Editor/SpeedTreeImporter/Content/SpeedTree9/SpeedTreeBranchMotion.uasset" 360
"../../../Engine/Plugins/Editor/SpeedTreeImporter/Content/SpeedTree9/SpeedTreeBranchMotion.uexp" 361
"../../../Engine/Plugins/Editor/SpeedTreeImporter/Content/SpeedTree9/SpeedTreeWind.uasset" 362
"../../../Engine/Plugins/Editor/SpeedTreeImporter/Content/SpeedTree9/SpeedTreeWind.uexp" 363
"../../../Engine/Plugins/Editor/SpeedTreeImporter/Content/SpeedTree9/EmptyNormal.uasset" 364
"../../../Engine/Plugins/Editor/SpeedTreeImporter/Content/SpeedTree9/EmptyNormal.uexp" 365
"../../../Engine/Plugins/Editor/SpeedTreeImporter/Content/SpeedTree9/Empty.uasset" 366
"../../../Engine/Plugins/Editor/SpeedTreeImporter/Content/SpeedTree9/Empty.uexp" 367
"../../../Engine/Plugins/Editor/SpeedTreeImporter/Content/SpeedTree9/SpeedTreeMaster.uasset" 368
"../../../Engine/Plugins/Editor/SpeedTreeImporter/Content/SpeedTree9/SpeedTreeMaster.uexp" 369
"../../../Engine/Plugins/Editor/SpeedTreeImporter/Content/SpeedTree9/SpeedTreeBillboard.uasset" 370
"../../../Engine/Plugins/Editor/SpeedTreeImporter/Content/SpeedTree9/SpeedTreeBillboard.uexp" 371
"../../../Engine/Plugins/Editor/SpeedTreeImporter/Content/SpeedTree9/SpeedTreeBillboardMaster.uasset" 372
"../../../Engine/Plugins/Editor/SpeedTreeImporter/Content/SpeedTree9/SpeedTreeBillboardMaster.uexp" 373
"../../../Engine/Plugins/Animation/DeformerGraph/Content/Deformers/DG_LinearBlendSkin_Morph_Cloth_RecomputeNormals.uasset" 374
"../../../Engine/Plugins/Animation/DeformerGraph/Content/Deformers/DG_LinearBlendSkin_Morph_Cloth_RecomputeNormals.uexp" 375
"../../../Engine/Plugins/Animation/DeformerGraph/Content/Deformers/DG_LinearBlendSkin_Morph_Cloth.uasset" 376
"../../../Engine/Plugins/Animation/DeformerGraph/Content/Deformers/DG_LinearBlendSkin_Morph_Cloth.uexp" 377
"../../../Engine/Plugins/Animation/ControlRig/Content/Controls/ControlRig_Arrow4_1mm.ubulk" 378
"../../../Engine/Plugins/Animation/ControlRig/Content/Controls/ControlRig_Arrow4_1mm.uasset" 379
"../../../Engine/Plugins/Animation/ControlRig/Content/Controls/ControlRig_Arrow4_1mm.uexp" 380
"../../../Engine/Plugins/Animation/ControlRig/Content/Controls/ControlRig_Arrow2_solid.ubulk" 381
"../../../Engine/Plugins/Animation/ControlRig/Content/Controls/ControlRig_Arrow2_solid.uasset" 382
"../../../Engine/Plugins/Animation/ControlRig/Content/Controls/ControlRig_Arrow2_solid.uexp" 383
"../../../Engine/Plugins/Animation/ControlRig/Content/Controls/ControlRig_Arrow2_3mm.ubulk" 384
"../../../Engine/Plugins/Animation/ControlRig/Content/Controls/ControlRig_Arrow2_3mm.uasset" 385
"../../../Engine/Plugins/Animation/ControlRig/Content/Controls/ControlRig_Arrow2_3mm.uexp" 386
"../../../Engine/Plugins/Animation/ControlRig/Content/Controls/ControlRig_Arrow2_1mm.ubulk" 387
"../../../Engine/Plugins/Animation/ControlRig/Content/Controls/ControlRig_Arrow2_1mm.uasset" 388
"../../../Engine/Plugins/Animation/ControlRig/Content/Controls/ControlRig_Arrow2_1mm.uexp" 389
"../../../Engine/Plugins/Animation/ControlRig/Content/Controls/ControlRigXRayMaterial.uasset" 390
"../../../Engine/Plugins/Animation/ControlRig/Content/Controls/ControlRigXRayMaterial.uexp" 391
"../../../Engine/Plugins/Animation/ControlRig/Content/Controls/ControlRigGizmoMaterial.uasset" 392
"../../../Engine/Plugins/Animation/ControlRig/Content/Controls/ControlRigGizmoMaterial.uexp" 393
"../../../Engine/Content/EngineSounds/Master.uasset" 394
"../../../Engine/Content/EngineSounds/Master.uexp" 395
"../../../Engine/Content/EngineMaterials/STBlueNoise_vec2_128x128x64.uasset" 396
"../../../Engine/Content/EngineMaterials/STBlueNoise_vec2_128x128x64.uexp" 397
"../../../Engine/Content/EngineMaterials/STBlueNoise_scalar_128x128x64.uasset" 398
"../../../Engine/Content/EngineMaterials/STBlueNoise_scalar_128x128x64.uexp" 399
"../../../Engine/Content/EngineMaterials/RemoveSurfaceMaterial.uasset" 400
"../../../Engine/Content/EngineMaterials/RemoveSurfaceMaterial.uexp" 401
"../../../Engine/Content/EngineMaterials/DefaultCalibrationGrayscale.uasset" 402
"../../../Engine/Content/EngineMaterials/DefaultCalibrationGrayscale.uexp" 403
"../../../Engine/Content/EngineMaterials/PPM_DefaultCalibrationGrayscale.uasset" 404
"../../../Engine/Content/EngineMaterials/PPM_DefaultCalibrationGrayscale.uexp" 405
"../../../Engine/Content/EngineMaterials/DefaultCalibrationColor.uasset" 406
"../../../Engine/Content/EngineMaterials/DefaultCalibrationColor.uexp" 407
"../../../Engine/Content/EngineMaterials/PPM_DefaultCalibrationColor.uasset" 408
"../../../Engine/Content/EngineMaterials/PPM_DefaultCalibrationColor.uexp" 409
"../../../Engine/Content/EngineMaterials/PhAT_JointLimitMaterial.uasset" 410
"../../../Engine/Content/EngineMaterials/PhAT_JointLimitMaterial.uexp" 411
"../../../Engine/Content/EngineMaterials/NaniteHiddenSectionMaterial.uasset" 412
"../../../Engine/Content/EngineMaterials/NaniteHiddenSectionMaterial.uexp" 413
"../../../Engine/Content/EngineMaterials/InvalidLightmapSettings.ubulk" 414
"../../../Engine/Content/EngineMaterials/InvalidLightmapSettings.uasset" 415
"../../../Engine/Content/EngineMaterials/InvalidLightmapSettings.uexp" 416
"../../../Engine/Content/EngineMaterials/M_InvalidLightmapSettings.uasset" 417
"../../../Engine/Content/EngineMaterials/M_InvalidLightmapSettings.uexp" 418
"../../../Engine/Content/EngineMaterials/GizmoMaterial.uasset" 419
"../../../Engine/Content/EngineMaterials/GizmoMaterial.uexp" 420
"../../../Engine/Content/EngineMaterials/BaseFlattenEmissiveMap_VT.uasset" 421
"../../../Engine/Content/EngineMaterials/BaseFlattenEmissiveMap_VT.uexp" 422
"../../../Engine/Content/EngineMaterials/BaseFlattenGrayscaleMap_VT.uasset" 423
"../../../Engine/Content/EngineMaterials/BaseFlattenGrayscaleMap_VT.uexp" 424
"../../../Engine/Content/EngineMaterials/BaseFlattenLinearColor_VT.uasset" 425
"../../../Engine/Content/EngineMaterials/BaseFlattenLinearColor_VT.uexp" 426
"../../../Engine/Content/EngineMaterials/Black_1x1_EXR_Texture_VT.uasset" 427
"../../../Engine/Content/EngineMaterials/Black_1x1_EXR_Texture_VT.uexp" 428
"../../../Engine/Content/EngineMaterials/BaseFlattenDiffuseMap_VT.uasset" 429
"../../../Engine/Content/EngineMaterials/BaseFlattenDiffuseMap_VT.uexp" 430
"../../../Engine/Content/EngineMaterials/BaseFlattenNormalMap_VT.uasset" 431
"../../../Engine/Content/EngineMaterials/BaseFlattenNormalMap_VT.uexp" 432
"../../../Engine/Content/EngineMaterials/FlattenMaterial_WS_Normal_VT.uasset" 433
"../../../Engine/Content/EngineMaterials/FlattenMaterial_WS_Normal_VT.uexp" 434
"../../../Engine/Content/EngineMaterials/FlattenMaterial_VT.uasset" 435
"../../../Engine/Content/EngineMaterials/FlattenMaterial_VT.uexp" 436
"../../../Engine/Content/EngineMaterials/BaseFlattenNormalMap.uasset" 437
"../../../Engine/Content/EngineMaterials/BaseFlattenNormalMap.uexp" 438
"../../../Engine/Content/EngineMaterials/BaseFlattenGrayscaleMap.uasset" 439
"../../../Engine/Content/EngineMaterials/BaseFlattenGrayscaleMap.uexp" 440
"../../../Engine/Content/EngineMaterials/BaseFlattenDiffuseMap.uasset" 441
"../../../Engine/Content/EngineMaterials/BaseFlattenDiffuseMap.uexp" 442
"../../../Engine/Content/Functions/Engine_MaterialFunctions02/PivotPainter2/Black_1x1_EXR_Texture.uasset" 443
"../../../Engine/Content/Functions/Engine_MaterialFunctions02/PivotPainter2/Black_1x1_EXR_Texture.uexp" 444
"../../../Engine/Content/EngineMaterials/BaseFlattenEmissiveMap.uasset" 445
"../../../Engine/Content/EngineMaterials/BaseFlattenEmissiveMap.uexp" 446
"../../../Engine/Content/EngineMaterials/BaseFlattenLinearColor.uasset" 447
"../../../Engine/Content/EngineMaterials/BaseFlattenLinearColor.uexp" 448
"../../../Engine/Content/EngineMaterials/FlattenMaterial.uasset" 449
"../../../Engine/Content/EngineMaterials/FlattenMaterial.uexp" 450
"../../../Engine/Content/EngineMaterials/DefaultWhiteGrid_Low.uasset" 451
"../../../Engine/Content/EngineMaterials/DefaultWhiteGrid_Low.uexp" 452
"../../../Engine/Content/EngineMaterials/EmissiveMeshMaterial.uasset" 453
"../../../Engine/Content/EngineMaterials/EmissiveMeshMaterial.uexp" 454
"../../../Engine/Content/EngineFonts/RobotoDistanceField.uasset" 455
"../../../Engine/Content/EngineFonts/RobotoDistanceField.uexp" 456
"../../../Engine/Content/EngineMaterials/DefaultTextMaterialOpaque.uasset" 457
"../../../Engine/Content/EngineMaterials/DefaultTextMaterialOpaque.uexp" 458
"../../../Engine/Content/EngineMaterials/DefaultDiffuse.ubulk" 459
"../../../Engine/Content/EngineMaterials/DefaultDiffuse.uasset" 460
"../../../Engine/Content/EngineMaterials/DefaultDiffuse.uexp" 461
"../../../Engine/Content/Functions/Engine_MaterialFunctions02/Utility/BreakOutFloat2Components.uasset" 462
"../../../Engine/Content/Functions/Engine_MaterialFunctions02/Utility/BreakOutFloat2Components.uexp" 463
"../../../Engine/Content/EngineMaterials/DefaultPostProcessMaterial.uasset" 464
"../../../Engine/Content/EngineMaterials/DefaultPostProcessMaterial.uexp" 465
"../../../Engine/Content/EngineMaterials/DefaultPhysicalMaterial.uasset" 466
"../../../Engine/Content/EngineMaterials/DefaultPhysicalMaterial.uexp" 467
"../../../Engine/Content/EngineMaterials/DefaultLightFunctionMaterial.uasset" 468
"../../../Engine/Content/EngineMaterials/DefaultLightFunctionMaterial.uexp" 469
"../../../Engine/Content/EngineMaterials/DefaultDestructiblePhysicalMaterial.uasset" 470
"../../../Engine/Content/EngineMaterials/DefaultDestructiblePhysicalMaterial.uexp" 471
"../../../Engine/Content/EngineMaterials/DefaultDeferredDecalMaterial.uasset" 472
"../../../Engine/Content/EngineMaterials/DefaultDeferredDecalMaterial.uexp" 473
"../../../Engine/Content/EngineMaterials/DefaultBloomKernel.uasset" 474
"../../../Engine/Content/EngineMaterials/DefaultBloomKernel.uexp" 475
"../../../Engine/Content/EngineFonts/Faces/RobotoLight.uexp" 476
"../../../Engine/Content/EngineFonts/Faces/RobotoLight.uasset" 477
"../../../Engine/Content/EngineFonts/Faces/RobotoLight.ufont" 478
"../../../Engine/Content/EngineFonts/Faces/RobotoBold.uexp" 479
"../../../Engine/Content/EngineFonts/Faces/RobotoBold.uasset" 480
"../../../Engine/Content/EngineFonts/Faces/RobotoBold.ufont" 481
"../../../Engine/Content/EngineFonts/Faces/RobotoRegular.uexp" 482
"../../../Engine/Content/EngineFonts/Faces/RobotoRegular.uasset" 483
"../../../Engine/Content/EngineFonts/Faces/RobotoRegular.ufont" 484
"../../../Engine/Content/EngineFonts/Faces/DroidSansFallback.uexp" 485
"../../../Engine/Content/EngineFonts/Faces/DroidSansFallback.uasset" 486
"../../../Engine/Content/EngineFonts/Faces/DroidSansFallback.ufont" 487
"../../../Engine/Content/EngineFonts/Faces/RobotoItalic.uexp" 488
"../../../Engine/Content/EngineFonts/Faces/RobotoItalic.uasset" 489
"../../../Engine/Content/EngineFonts/Faces/RobotoItalic.ufont" 490
"../../../Engine/Content/EngineFonts/Faces/RobotoBoldItalic.uexp" 491
"../../../Engine/Content/EngineFonts/Faces/RobotoBoldItalic.uasset" 492
"../../../Engine/Content/EngineFonts/Faces/RobotoBoldItalic.ufont" 493
"../../../Engine/Content/EngineFonts/Roboto.uasset" 494
"../../../Engine/Content/EngineFonts/Roboto.uexp" 495
"../../../Engine/Content/Functions/Engine_MaterialFunctions02/Utility/CameraDirectionVector.uasset" 496
"../../../Engine/Content/Functions/Engine_MaterialFunctions02/Utility/CameraDirectionVector.uexp" 497
"../../../Engine/Content/EngineDebugMaterials/VolumeToRender.uasset" 498
"../../../Engine/Content/EngineDebugMaterials/VolumeToRender.uexp" 499
"../../../Engine/Content/EngineDebugMaterials/M_VolumeRenderSphereTracePP.uasset" 500
"../../../Engine/Content/EngineDebugMaterials/M_VolumeRenderSphereTracePP.uexp" 501
"../../../Engine/Content/EngineDebugMaterials/M_SimpleUnlitTranslucent.uasset" 502
"../../../Engine/Content/EngineDebugMaterials/M_SimpleUnlitTranslucent.uexp" 503
"../../../Engine/Content/EngineDebugMaterials/DebugMeshMaterial.uasset" 504
"../../../Engine/Content/EngineDebugMaterials/DebugMeshMaterial.uexp" 505
"../../../Engine/Content/EngineDebugMaterials/DebugEditorMaterial.uasset" 506
"../../../Engine/Content/EngineDebugMaterials/DebugEditorMaterial.uexp" 507
"../../../Engine/Content/EngineDamageTypes/DmgTypeBP_Environmental.uasset" 508
"../../../Engine/Content/EngineDamageTypes/DmgTypeBP_Environmental.uexp" 509
"../../../Engine/Content/EditorResources/S_Terrain.ubulk" 510
"../../../Engine/Content/EditorResources/S_Terrain.uasset" 511
"../../../Engine/Content/EditorResources/S_Terrain.uexp" 512
"../../../Engine/Content/EngineSky/VolumetricClouds/CloudWeatherTexture.uasset" 513
"../../../Engine/Content/EngineSky/VolumetricClouds/CloudWeatherTexture.uexp" 514
"../../../Engine/Content/EngineSky/VolumetricClouds/CloudGradientTexture.uasset" 515
"../../../Engine/Content/EngineSky/VolumetricClouds/CloudGradientTexture.uexp" 516
"../../../Engine/Content/EngineSky/VolumetricClouds/T_NoiseShape64.ubulk" 517
"../../../Engine/Content/EngineSky/VolumetricClouds/T_NoiseShape64.uasset" 518
"../../../Engine/Content/EngineSky/VolumetricClouds/T_NoiseShape64.uexp" 519
"../../../Engine/Content/EngineSky/VolumetricClouds/T_VolumeNoiseShape64.uasset" 520
"../../../Engine/Content/EngineSky/VolumetricClouds/T_VolumeNoiseShape64.uexp" 521
"../../../Engine/Content/EngineSky/VolumetricClouds/T_NoiseErosion.ubulk" 522
"../../../Engine/Content/EngineSky/VolumetricClouds/T_NoiseErosion.uasset" 523
"../../../Engine/Content/EngineSky/VolumetricClouds/T_NoiseErosion.uexp" 524
"../../../Engine/Content/EngineSky/VolumetricClouds/T_VolumeNoiseErosion32.uasset" 525
"../../../Engine/Content/EngineSky/VolumetricClouds/T_VolumeNoiseErosion32.uexp" 526
"../../../Engine/Content/EngineSky/VolumetricClouds/m_SimpleVolumetricCloud.uasset" 527
"../../../Engine/Content/EngineSky/VolumetricClouds/m_SimpleVolumetricCloud.uexp" 528
"../../../Engine/Content/EngineSky/VolumetricClouds/m_SimpleVolumetricCloud_Inst.uasset" 529
"../../../Engine/Content/EngineSky/VolumetricClouds/m_SimpleVolumetricCloud_Inst.uexp" 530
"../../../Engine/Content/EngineResources/FilmGrains/Marcie_Grain_v3_128_M2_000.uasset" 531
"../../../Engine/Content/EngineResources/FilmGrains/Marcie_Grain_v3_128_M2_000.uexp" 532
"../../../Engine/Content/MobileResources/HUD/VirtualJoystick_Background.uasset" 533
"../../../Engine/Content/MobileResources/HUD/VirtualJoystick_Background.uexp" 534
"../../../Engine/Content/MobileResources/HUD/VirtualJoystick_Thumb.uasset" 535
"../../../Engine/Content/MobileResources/HUD/VirtualJoystick_Thumb.uexp" 536
"../../../Engine/Content/MobileResources/HUD/DefaultVirtualJoysticks.uasset" 537
"../../../Engine/Content/MobileResources/HUD/DefaultVirtualJoysticks.uexp" 538
"../../../Engine/Content/EditorResources/EmptyActor.uasset" 539
"../../../Engine/Content/EditorResources/EmptyActor.uexp" 540
"../../../Engine/Content/EditorResources/BSPVertex.uasset" 541
"../../../Engine/Content/EditorResources/BSPVertex.uexp" 542
"../../../Engine/Content/EditorResources/SequenceRecorder/RecordingIndicator.uasset" 543
"../../../Engine/Content/EditorResources/SequenceRecorder/RecordingIndicator.uexp" 544
"../../../Engine/Content/EditorResources/SequenceRecorder/Countdown.uasset" 545
"../../../Engine/Content/EditorResources/SequenceRecorder/Countdown.uexp" 546
"../../../Engine/Content/EditorMaterials/PreviewShadowIndicator.ubulk" 547
"../../../Engine/Content/EditorMaterials/PreviewShadowIndicator.uasset" 548
"../../../Engine/Content/EditorMaterials/PreviewShadowIndicator.uexp" 549
"../../../Engine/Content/EditorMaterials/PreviewShadowIndicatorMaterial.uasset" 550
"../../../Engine/Content/EditorMaterials/PreviewShadowIndicatorMaterial.uexp" 551
"../../../Engine/Content/EditorMaterials/PhAT_UnselectedMaterial.uasset" 552
"../../../Engine/Content/EditorMaterials/PhAT_UnselectedMaterial.uexp" 553
"../../../Engine/Content/EditorMaterials/PhAT_NoCollisionMaterial.uasset" 554
"../../../Engine/Content/EditorMaterials/PhAT_NoCollisionMaterial.uexp" 555
"../../../Engine/Content/EditorLandscapeResources/DefaultAlphaTexture.uasset" 556
"../../../Engine/Content/EditorLandscapeResources/DefaultAlphaTexture.uexp" 557
"../../../Engine/Content/EditorLandscapeResources/DataLayer.uasset" 558
"../../../Engine/Content/EditorLandscapeResources/DataLayer.uexp" 559
"../../../Engine/Content/BasicShapes/Plane.ubulk" 560
"../../../Engine/Content/BasicShapes/Plane.uasset" 561
"../../../Engine/Content/BasicShapes/Plane.uexp" 562
"../../../Engine/Content/EngineMaterials/DefaultMaterial.uasset" 563
"../../../Engine/Content/EngineMaterials/DefaultMaterial.uexp" 564
"../../../Engine/Content/BasicShapes/Cylinder.ubulk" 565
"../../../Engine/Content/BasicShapes/Cylinder.uasset" 566
"../../../Engine/Content/BasicShapes/Cylinder.uexp" 567
"../../../Engine/Content/BasicShapes/Cone.ubulk" 568
"../../../Engine/Content/BasicShapes/Cone.uasset" 569
"../../../Engine/Content/BasicShapes/Cone.uexp" 570
"../../../Engine/Content/Animation/DefaultRecorderBoneCompression.uasset" 571
"../../../Engine/Content/Animation/DefaultRecorderBoneCompression.uexp" 572
"C:/Users/Aorus/Documents/GitHub/SkyRelicRush/SRR/Content/Assets/Gems-fbx/Palette.uasset" 573
"C:/Users/Aorus/Documents/GitHub/SkyRelicRush/SRR/Content/Assets/Gems-fbx/Palette.uexp" 574
"C:/Users/Aorus/Documents/GitHub/SkyRelicRush/SRR/Content/Assets/Gems-fbx/Material.uasset" 575
"C:/Users/Aorus/Documents/GitHub/SkyRelicRush/SRR/Content/Assets/Gems-fbx/Material.uexp" 576
"C:/Users/Aorus/Documents/GitHub/SkyRelicRush/SRR/Content/Assets/Gems-fbx/Small_Diamond.ubulk" 577
"C:/Users/Aorus/Documents/GitHub/SkyRelicRush/SRR/Content/Assets/Gems-fbx/Small_Diamond.uasset" 578
"C:/Users/Aorus/Documents/GitHub/SkyRelicRush/SRR/Content/Assets/Gems-fbx/Small_Diamond.uexp" 579
"C:/Users/Aorus/Documents/GitHub/SkyRelicRush/SRR/Content/Assets/PickUpSound.ubulk" 580
"C:/Users/Aorus/Documents/GitHub/SkyRelicRush/SRR/Content/Assets/PickUpSound.uasset" 581
"C:/Users/Aorus/Documents/GitHub/SkyRelicRush/SRR/Content/Assets/PickUpSound.uexp" 582
"../../../Engine/Content/Animation/DefaultAnimCurveCompressionSettings.uasset" 583
"../../../Engine/Content/Animation/DefaultAnimCurveCompressionSettings.uexp" 584
"C:/Users/Aorus/Documents/GitHub/SkyRelicRush/SRR/Content/Assets/Cat/spacecadetbasicmodel_Skeleton.uasset" 585
"C:/Users/Aorus/Documents/GitHub/SkyRelicRush/SRR/Content/Assets/Cat/spacecadetbasicmodel_Skeleton.uexp" 586
"../../../Engine/Content/Animation/DefaultAnimBoneCompressionSettings.uasset" 587
"../../../Engine/Content/Animation/DefaultAnimBoneCompressionSettings.uexp" 588
"C:/Users/Aorus/Documents/GitHub/SkyRelicRush/SRR/Content/Cat_Walk.uasset" 589
"C:/Users/Aorus/Documents/GitHub/SkyRelicRush/SRR/Content/Cat_Walk.uexp" 590
"C:/Users/Aorus/Documents/GitHub/SkyRelicRush/SRR/Content/ThirdPerson/Input/Actions/IA_Jump.uasset" 591
"C:/Users/Aorus/Documents/GitHub/SkyRelicRush/SRR/Content/ThirdPerson/Input/Actions/IA_Jump.uexp" 592
"C:/Users/Aorus/Documents/GitHub/SkyRelicRush/SRR/Content/ThirdPerson/Input/Actions/IA_Look.uasset" 593
"C:/Users/Aorus/Documents/GitHub/SkyRelicRush/SRR/Content/ThirdPerson/Input/Actions/IA_Look.uexp" 594
"C:/Users/Aorus/Documents/GitHub/SkyRelicRush/SRR/Content/ThirdPerson/Input/Actions/IA_Move.uasset" 595
"C:/Users/Aorus/Documents/GitHub/SkyRelicRush/SRR/Content/ThirdPerson/Input/Actions/IA_Move.uexp" 596
"C:/Users/Aorus/Documents/GitHub/SkyRelicRush/SRR/Content/ThirdPerson/Input/IMC_Default.uasset" 597
"C:/Users/Aorus/Documents/GitHub/SkyRelicRush/SRR/Content/ThirdPerson/Input/IMC_Default.uexp" 598
"../../../Engine/Content/BasicShapes/Sphere.ubulk" 599
"../../../Engine/Content/BasicShapes/Sphere.uasset" 600
"../../../Engine/Content/BasicShapes/Sphere.uexp" 601
"C:/Users/Aorus/Documents/GitHub/SkyRelicRush/SRR/Content/Blueprints/Interactables/BP_Portal.uasset" 602
"C:/Users/Aorus/Documents/GitHub/SkyRelicRush/SRR/Content/Blueprints/Interactables/BP_Portal.uexp" 603
"../../../Engine/Content/EngineFonts/Faces/RobotoTiny.uexp" 604
"../../../Engine/Content/EngineFonts/Faces/RobotoTiny.uasset" 605
"../../../Engine/Content/EngineFonts/Faces/RobotoTiny.ufont" 606
"../../../Engine/Content/EngineFonts/RobotoTiny.uasset" 607
"../../../Engine/Content/EngineFonts/RobotoTiny.uexp" 608
"C:/Users/Aorus/Documents/GitHub/SkyRelicRush/SRR/Content/Blueprints/UI/WBP_GameOverScreen.uasset" 609
"C:/Users/Aorus/Documents/GitHub/SkyRelicRush/SRR/Content/Blueprints/UI/WBP_GameOverScreen.uexp" 610
"C:/Users/Aorus/Documents/GitHub/SkyRelicRush/SRR/Content/Blueprints/UI/WBP_WinScreen.uasset" 611
"C:/Users/Aorus/Documents/GitHub/SkyRelicRush/SRR/Content/Blueprints/UI/WBP_WinScreen.uexp" 612
"C:/Users/Aorus/Documents/GitHub/SkyRelicRush/SRR/Content/Blueprints/GameModes/BP_SkyRelicGameMode.uasset" 613
"C:/Users/Aorus/Documents/GitHub/SkyRelicRush/SRR/Content/Blueprints/GameModes/BP_SkyRelicGameMode.uexp" 614
"C:/Users/Aorus/Documents/GitHub/SkyRelicRush/SRR/Content/Blueprints/UI/Untitled-1.uasset" 615
"C:/Users/Aorus/Documents/GitHub/SkyRelicRush/SRR/Content/Blueprints/UI/Untitled-1.uexp" 616
"C:/Users/Aorus/Documents/GitHub/SkyRelicRush/SRR/Content/Blueprints/UI/WBP_HUD.uasset" 617
"C:/Users/Aorus/Documents/GitHub/SkyRelicRush/SRR/Content/Blueprints/UI/WBP_HUD.uexp" 618
"C:/Users/Aorus/Documents/GitHub/SkyRelicRush/SRR/Content/Assets/Cat/body_textures/var022_Base_color.ubulk" 619
"C:/Users/Aorus/Documents/GitHub/SkyRelicRush/SRR/Content/Assets/Cat/body_textures/var022_Base_color.uasset" 620
"C:/Users/Aorus/Documents/GitHub/SkyRelicRush/SRR/Content/Assets/Cat/body_textures/var022_Base_color.uexp" 621
"C:/Users/Aorus/Documents/GitHub/SkyRelicRush/SRR/Content/Assets/Cat/body_textures/var018_Base_color.ubulk" 622
"C:/Users/Aorus/Documents/GitHub/SkyRelicRush/SRR/Content/Assets/Cat/body_textures/var018_Base_color.uasset" 623
"C:/Users/Aorus/Documents/GitHub/SkyRelicRush/SRR/Content/Assets/Cat/body_textures/var018_Base_color.uexp" 624
"C:/Users/Aorus/Documents/GitHub/SkyRelicRush/SRR/Content/Assets/Cat/CATS_Baked.uasset" 625
"C:/Users/Aorus/Documents/GitHub/SkyRelicRush/SRR/Content/Assets/Cat/CATS_Baked.uexp" 626
"C:/Users/Aorus/Documents/GitHub/SkyRelicRush/SRR/Content/Assets/Cat/spacecadetbasicmodel.uasset" 627
"C:/Users/Aorus/Documents/GitHub/SkyRelicRush/SRR/Content/Assets/Cat/spacecadetbasicmodel.uexp" 628
"C:/Users/Aorus/Documents/GitHub/SkyRelicRush/SRR/Content/Cat_Jump.uasset" 629
"C:/Users/Aorus/Documents/GitHub/SkyRelicRush/SRR/Content/Cat_Jump.uexp" 630
"C:/Users/Aorus/Documents/GitHub/SkyRelicRush/SRR/Content/Cat_Idle.uasset" 631
"C:/Users/Aorus/Documents/GitHub/SkyRelicRush/SRR/Content/Cat_Idle.uexp" 632
"C:/Users/Aorus/Documents/GitHub/SkyRelicRush/SRR/Content/ABP_Cat.uasset" 633
"C:/Users/Aorus/Documents/GitHub/SkyRelicRush/SRR/Content/ABP_Cat.uexp" 634
"../../../Engine/Content/EditorBlueprintResources/StandardMacros.uasset" 635
"../../../Engine/Content/EditorBlueprintResources/StandardMacros.uexp" 636
"C:/Users/Aorus/Documents/GitHub/SkyRelicRush/SRR/Content/ThirdPerson/Blueprints/BP_ThirdPersonCharacter.uasset" 637
"C:/Users/Aorus/Documents/GitHub/SkyRelicRush/SRR/Content/ThirdPerson/Blueprints/BP_ThirdPersonCharacter.uexp" 638
"../../../Engine/Content/VREditor/BasicMeshes/T_CleanFloorGrunge_01_D.ubulk" 639
"../../../Engine/Content/VREditor/BasicMeshes/T_CleanFloorGrunge_01_D.uasset" 640
"../../../Engine/Content/VREditor/BasicMeshes/T_CleanFloorGrunge_01_D.uexp" 641
"../../../Engine/Content/VREditor/BasicMeshes/M_Floor_01.uasset" 642
"../../../Engine/Content/VREditor/BasicMeshes/M_Floor_01.uexp" 643
"../../../Engine/Content/VREditor/BasicMeshes/MI_Ball_01.uasset" 644
"../../../Engine/Content/VREditor/BasicMeshes/MI_Ball_01.uexp" 645
"../../../Engine/Content/VREditor/BasicMeshes/SM_Ball_01.ubulk" 646
"../../../Engine/Content/VREditor/BasicMeshes/SM_Ball_01.uasset" 647
"../../../Engine/Content/VREditor/BasicMeshes/SM_Ball_01.uexp" 648
"C:/Users/Aorus/Documents/GitHub/SkyRelicRush/SRR/Content/Blueprints/Pickups/BP_Relic_Base.uasset" 649
"C:/Users/Aorus/Documents/GitHub/SkyRelicRush/SRR/Content/Blueprints/Pickups/BP_Relic_Base.uexp" 650
"C:/Users/Aorus/Documents/GitHub/SkyRelicRush/SRR/Content/Blueprints/Pickups/BP_Relic_Level01.uasset" 651
"C:/Users/Aorus/Documents/GitHub/SkyRelicRush/SRR/Content/Blueprints/Pickups/BP_Relic_Level01.uexp" 652
"../../../Engine/Content/Maps/Templates/HLODs/HLODLayer_Merged.uasset" 653
"../../../Engine/Content/Maps/Templates/HLODs/HLODLayer_Merged.uexp" 654
"C:/Users/Aorus/Documents/GitHub/SkyRelicRush/SRR/Content/Assets/Rocks/Rock_05/Meshes/MI_Rock_05.uasset" 655
"C:/Users/Aorus/Documents/GitHub/SkyRelicRush/SRR/Content/Assets/Rocks/Rock_05/Meshes/MI_Rock_05.uexp" 656
"C:/Users/Aorus/Documents/GitHub/SkyRelicRush/SRR/Content/Assets/Rocks/Rock_05/Meshes/SM_Rock_05.ubulk" 657
"C:/Users/Aorus/Documents/GitHub/SkyRelicRush/SRR/Content/Assets/Rocks/Rock_05/Meshes/SM_Rock_05.uasset" 658
"C:/Users/Aorus/Documents/GitHub/SkyRelicRush/SRR/Content/Assets/Rocks/Rock_05/Meshes/SM_Rock_05.uexp" 659
"C:/Users/Aorus/Documents/GitHub/SkyRelicRush/SRR/Content/Assets/Rocks/Rock_04/Meshes/MI_Rock_04.uasset" 660
"C:/Users/Aorus/Documents/GitHub/SkyRelicRush/SRR/Content/Assets/Rocks/Rock_04/Meshes/MI_Rock_04.uexp" 661
"C:/Users/Aorus/Documents/GitHub/SkyRelicRush/SRR/Content/Assets/Rocks/Rock_04/Meshes/SM_Rock_04.ubulk" 662
"C:/Users/Aorus/Documents/GitHub/SkyRelicRush/SRR/Content/Assets/Rocks/Rock_04/Meshes/SM_Rock_04.uasset" 663
"C:/Users/Aorus/Documents/GitHub/SkyRelicRush/SRR/Content/Assets/Rocks/Rock_04/Meshes/SM_Rock_04.uexp" 664
"C:/Users/Aorus/Documents/GitHub/SkyRelicRush/SRR/Content/Assets/Rocks/Rock_01/Meshes/MI_Rock_01.uasset" 665
"C:/Users/Aorus/Documents/GitHub/SkyRelicRush/SRR/Content/Assets/Rocks/Rock_01/Meshes/MI_Rock_01.uexp" 666
"C:/Users/Aorus/Documents/GitHub/SkyRelicRush/SRR/Content/Assets/Rocks/Rock_01/Meshes/SM_Rock_01.ubulk" 667
"C:/Users/Aorus/Documents/GitHub/SkyRelicRush/SRR/Content/Assets/Rocks/Rock_01/Meshes/SM_Rock_01.uasset" 668
"C:/Users/Aorus/Documents/GitHub/SkyRelicRush/SRR/Content/Assets/Rocks/Rock_01/Meshes/SM_Rock_01.uexp" 669
"C:/Users/Aorus/Documents/GitHub/SkyRelicRush/SRR/Content/Assets/Rocks/Rock_07/Meshes/MI_Rock_07.uasset" 670
"C:/Users/Aorus/Documents/GitHub/SkyRelicRush/SRR/Content/Assets/Rocks/Rock_07/Meshes/MI_Rock_07.uexp" 671
"C:/Users/Aorus/Documents/GitHub/SkyRelicRush/SRR/Content/Assets/Rocks/Rock_07/Meshes/SM_Rock_07.ubulk" 672
"C:/Users/Aorus/Documents/GitHub/SkyRelicRush/SRR/Content/Assets/Rocks/Rock_07/Meshes/SM_Rock_07.uasset" 673
"C:/Users/Aorus/Documents/GitHub/SkyRelicRush/SRR/Content/Assets/Rocks/Rock_07/Meshes/SM_Rock_07.uexp" 674
"C:/Users/Aorus/Documents/GitHub/SkyRelicRush/SRR/Content/Assets/Rocks/Rock_06/Meshes/MI_Rock_06.uasset" 675
"C:/Users/Aorus/Documents/GitHub/SkyRelicRush/SRR/Content/Assets/Rocks/Rock_06/Meshes/MI_Rock_06.uexp" 676
"C:/Users/Aorus/Documents/GitHub/SkyRelicRush/SRR/Content/Assets/Rocks/Rock_06/Meshes/SM_Rock_06.ubulk" 677
"C:/Users/Aorus/Documents/GitHub/SkyRelicRush/SRR/Content/Assets/Rocks/Rock_06/Meshes/SM_Rock_06.uasset" 678
"C:/Users/Aorus/Documents/GitHub/SkyRelicRush/SRR/Content/Assets/Rocks/Rock_06/Meshes/SM_Rock_06.uexp" 679
"../../../Engine/Content/Maps/Entry_BuiltData.uasset" 680
"../../../Engine/Content/Maps/Entry_BuiltData.uexp" 681
"../../../Engine/Content/Maps/Entry.uexp" 682
"../../../Engine/Content/Maps/Entry.umap" 683
"../../../Engine/Content/Maps/Templates/HLODs/HLODLayer_Instanced.uasset" 684
"../../../Engine/Content/Maps/Templates/HLODs/HLODLayer_Instanced.uexp" 685
"C:/Users/Aorus/Documents/GitHub/SkyRelicRush/SRR/Content/ThirdPerson/Maps/ThirdPersonMap.uexp" 686
"C:/Users/Aorus/Documents/GitHub/SkyRelicRush/SRR/Content/ThirdPerson/Maps/ThirdPersonMap.umap" 687
"C:/Users/Aorus/Documents/GitHub/SkyRelicRush/SRR/Content/Assets/Gems-fbx/Palette_ncl1_1.uasset" 688
"C:/Users/Aorus/Documents/GitHub/SkyRelicRush/SRR/Content/Assets/Gems-fbx/Palette_ncl1_1.uexp" 689
"C:/Users/Aorus/Documents/GitHub/SkyRelicRush/SRR/Content/Assets/Gems-fbx/Rock.uasset" 690
"C:/Users/Aorus/Documents/GitHub/SkyRelicRush/SRR/Content/Assets/Gems-fbx/Rock.uexp" 691
"C:/Users/Aorus/Documents/GitHub/SkyRelicRush/SRR/Content/Assets/Gems-fbx/Crystals_On_Rock.ubulk" 692
"C:/Users/Aorus/Documents/GitHub/SkyRelicRush/SRR/Content/Assets/Gems-fbx/Crystals_On_Rock.uasset" 693
"C:/Users/Aorus/Documents/GitHub/SkyRelicRush/SRR/Content/Assets/Gems-fbx/Crystals_On_Rock.uexp" 694
"C:/Users/Aorus/Documents/GitHub/SkyRelicRush/SRR/Content/Blueprints/Pickups/BP_Relic_Level03.uasset" 695
"C:/Users/Aorus/Documents/GitHub/SkyRelicRush/SRR/Content/Blueprints/Pickups/BP_Relic_Level03.uexp" 696
"C:/Users/Aorus/Documents/GitHub/SkyRelicRush/SRR/Content/ThirdPerson/Maps/Level_03_BuiltData.ubulk" 697
"C:/Users/Aorus/Documents/GitHub/SkyRelicRush/SRR/Content/ThirdPerson/Maps/Level_03_BuiltData.uasset" 698
"C:/Users/Aorus/Documents/GitHub/SkyRelicRush/SRR/Content/ThirdPerson/Maps/Level_03_BuiltData.uexp" 699
"C:/Users/Aorus/Documents/GitHub/SkyRelicRush/SRR/Content/LevelPrototyping/Textures/T_GridChecker_A.ubulk" 700
"C:/Users/Aorus/Documents/GitHub/SkyRelicRush/SRR/Content/LevelPrototyping/Textures/T_GridChecker_A.uasset" 701
"C:/Users/Aorus/Documents/GitHub/SkyRelicRush/SRR/Content/LevelPrototyping/Textures/T_GridChecker_A.uexp" 702
"../../../Engine/Content/Functions/Engine_MaterialFunctions01/Gradient/LinearGradient.uasset" 703
"../../../Engine/Content/Functions/Engine_MaterialFunctions01/Gradient/LinearGradient.uexp" 704
"../../../Engine/Content/Functions/Engine_MaterialFunctions01/ImageAdjustment/CheapContrast.uasset" 705
"../../../Engine/Content/Functions/Engine_MaterialFunctions01/ImageAdjustment/CheapContrast.uexp" 706
"C:/Users/Aorus/Documents/GitHub/SkyRelicRush/SRR/Content/LevelPrototyping/Materials/MF_ProcGrid.uasset" 707
"C:/Users/Aorus/Documents/GitHub/SkyRelicRush/SRR/Content/LevelPrototyping/Materials/MF_ProcGrid.uexp" 708
"C:/Users/Aorus/Documents/GitHub/SkyRelicRush/SRR/Content/LevelPrototyping/Materials/M_PrototypeGrid.uasset" 709
"C:/Users/Aorus/Documents/GitHub/SkyRelicRush/SRR/Content/LevelPrototyping/Materials/M_PrototypeGrid.uexp" 710
"C:/Users/Aorus/Documents/GitHub/SkyRelicRush/SRR/Content/LevelPrototyping/Materials/MI_PrototypeGrid_Gray.uasset" 711
"C:/Users/Aorus/Documents/GitHub/SkyRelicRush/SRR/Content/LevelPrototyping/Materials/MI_PrototypeGrid_Gray.uexp" 712
"C:/Users/Aorus/Documents/GitHub/SkyRelicRush/SRR/Content/LevelPrototyping/Meshes/SM_Cube.ubulk" 713
"C:/Users/Aorus/Documents/GitHub/SkyRelicRush/SRR/Content/LevelPrototyping/Meshes/SM_Cube.uasset" 714
"C:/Users/Aorus/Documents/GitHub/SkyRelicRush/SRR/Content/LevelPrototyping/Meshes/SM_Cube.uexp" 715
"../../../Engine/Content/Engine_MI_Shaders/T_Normal.uasset" 716
"../../../Engine/Content/Engine_MI_Shaders/T_Normal.uexp" 717
"../../../Engine/Content/Functions/Engine_MaterialFunctions01/Shading/PowerToRoughness.uasset" 718
"../../../Engine/Content/Functions/Engine_MaterialFunctions01/Shading/PowerToRoughness.uexp" 719
"../../../Engine/Content/Functions/Engine_MaterialFunctions01/Shading/ConvertFromDiffSpec.uasset" 720
"../../../Engine/Content/Functions/Engine_MaterialFunctions01/Shading/ConvertFromDiffSpec.uexp" 721
"../../../Engine/Content/Engine_MI_Shaders/T_Emissive.uasset" 722
"../../../Engine/Content/Engine_MI_Shaders/T_Emissive.uexp" 723
"../../../Engine/Content/Engine_MI_Shaders/T_Base_Tile_Variation.ubulk" 724
"../../../Engine/Content/Engine_MI_Shaders/T_Base_Tile_Variation.uasset" 725
"../../../Engine/Content/Engine_MI_Shaders/T_Base_Tile_Variation.uexp" 726
"../../../Engine/Content/Engine_MI_Shaders/T_Cubemap_01.uasset" 727
"../../../Engine/Content/Engine_MI_Shaders/T_Cubemap_01.uexp" 728
"../../../Engine/Content/Engine_MI_Shaders/T_Specular.uasset" 729
"../../../Engine/Content/Engine_MI_Shaders/T_Specular.uexp" 730
"../../../Engine/Content/Engine_MI_Shaders/T_Base_Tile_Emmisive.ubulk" 731
"../../../Engine/Content/Engine_MI_Shaders/T_Base_Tile_Emmisive.uasset" 732
"../../../Engine/Content/Engine_MI_Shaders/T_Base_Tile_Emmisive.uexp" 733
"../../../Engine/Content/Engine_MI_Shaders/T_Reflection.uasset" 734
"../../../Engine/Content/Engine_MI_Shaders/T_Reflection.uexp" 735
"../../../Engine/Content/Engine_MI_Shaders/M_ES_Phong_Opaque_Master_01.uasset" 736
"../../../Engine/Content/Engine_MI_Shaders/M_ES_Phong_Opaque_Master_01.uexp" 737
"../../../Engine/Content/Engine_MI_Shaders/Instances/M_ES_Phong_Opaque_INST_01.uasset" 738
"../../../Engine/Content/Engine_MI_Shaders/Instances/M_ES_Phong_Opaque_INST_01.uexp" 739
"C:/Users/Aorus/Documents/GitHub/SkyRelicRush/SRR/Content/sky_81_2k.ubulk" 740
"C:/Users/Aorus/Documents/GitHub/SkyRelicRush/SRR/Content/sky_81_2k.uasset" 741
"C:/Users/Aorus/Documents/GitHub/SkyRelicRush/SRR/Content/sky_81_2k.uexp" 742
"C:/Users/Aorus/Documents/GitHub/SkyRelicRush/SRR/Content/M_Sky_Level3.uasset" 743
"C:/Users/Aorus/Documents/GitHub/SkyRelicRush/SRR/Content/M_Sky_Level3.uexp" 744
"../../../Engine/Content/EditorMeshes/EditorSphere.ubulk" 745
"../../../Engine/Content/EditorMeshes/EditorSphere.uasset" 746
"../../../Engine/Content/EditorMeshes/EditorSphere.uexp" 747
"C:/Users/Aorus/Documents/GitHub/SkyRelicRush/SRR/Content/ThirdPerson/Maps/Level_03.uexp" 748
"C:/Users/Aorus/Documents/GitHub/SkyRelicRush/SRR/Content/ThirdPerson/Maps/Level_03.umap" 749
"C:/Users/Aorus/Documents/GitHub/SkyRelicRush/SRR/Content/Assets/Gems-fbx/Magic_Heart_Gem.ubulk" 750
"C:/Users/Aorus/Documents/GitHub/SkyRelicRush/SRR/Content/Assets/Gems-fbx/Magic_Heart_Gem.uasset" 751
"C:/Users/Aorus/Documents/GitHub/SkyRelicRush/SRR/Content/Assets/Gems-fbx/Magic_Heart_Gem.uexp" 752
"C:/Users/Aorus/Documents/GitHub/SkyRelicRush/SRR/Content/Blueprints/Pickups/BP_Relic_Level02.uasset" 753
"C:/Users/Aorus/Documents/GitHub/SkyRelicRush/SRR/Content/Blueprints/Pickups/BP_Relic_Level02.uexp" 754
"../../../Engine/Content/BasicShapes/Cube.ubulk" 755
"../../../Engine/Content/BasicShapes/Cube.uasset" 756
"../../../Engine/Content/BasicShapes/Cube.uexp" 757
"../../../Engine/Content/TemplateResources/M_Template_Master.uasset" 758
"../../../Engine/Content/TemplateResources/M_Template_Master.uexp" 759
"../../../Engine/Content/TemplateResources/MI_Template_BaseGray_02_Metal.uasset" 760
"../../../Engine/Content/TemplateResources/MI_Template_BaseGray_02_Metal.uexp" 761
"C:/Users/Aorus/Documents/GitHub/SkyRelicRush/SRR/Content/Blueprints/BP_MovingPlatform.uasset" 762
"C:/Users/Aorus/Documents/GitHub/SkyRelicRush/SRR/Content/Blueprints/BP_MovingPlatform.uexp" 763
"C:/Users/Aorus/Documents/GitHub/SkyRelicRush/SRR/Content/sky_16_2k.ubulk" 764
"C:/Users/Aorus/Documents/GitHub/SkyRelicRush/SRR/Content/sky_16_2k.uasset" 765
"C:/Users/Aorus/Documents/GitHub/SkyRelicRush/SRR/Content/sky_16_2k.uexp" 766
"C:/Users/Aorus/Documents/GitHub/SkyRelicRush/SRR/Content/M_Sky_Level2.uasset" 767
"C:/Users/Aorus/Documents/GitHub/SkyRelicRush/SRR/Content/M_Sky_Level2.uexp" 768
"C:/Users/Aorus/Documents/GitHub/SkyRelicRush/SRR/Content/Blueprints/Hazards/BP_KillZone.uasset" 769
"C:/Users/Aorus/Documents/GitHub/SkyRelicRush/SRR/Content/Blueprints/Hazards/BP_KillZone.uexp" 770
"C:/Users/Aorus/Documents/GitHub/SkyRelicRush/SRR/Content/ThirdPerson/Maps/Level_02.uexp" 771
"C:/Users/Aorus/Documents/GitHub/SkyRelicRush/SRR/Content/ThirdPerson/Maps/Level_02.umap" 772
